{"C:\\Users\\harry\\OneDrive\\University\\Year 3\\Project\\Skillify\\Back-End\\src\\test\\__test-setup.js":{"path":"C:\\Users\\harry\\OneDrive\\University\\Year 3\\Project\\Skillify\\Back-End\\src\\test\\__test-setup.js","statementMap":{"0":{"start":{"line":1,"column":0},"end":{"line":1,"column":30}},"1":{"start":{"line":2,"column":17},"end":{"line":2,"column":36}},"2":{"start":{"line":3,"column":26},"end":{"line":3,"column":76}},"3":{"start":{"line":4,"column":23},"end":{"line":4,"column":64}},"4":{"start":{"line":6,"column":0},"end":{"line":10,"column":3}},"5":{"start":{"line":7,"column":4},"end":{"line":7,"column":42}},"6":{"start":{"line":8,"column":21},"end":{"line":8,"column":47}},"7":{"start":{"line":9,"column":4},"end":{"line":9,"column":90}},"8":{"start":{"line":11,"column":0},"end":{"line":14,"column":3}},"9":{"start":{"line":12,"column":4},"end":{"line":12,"column":32}},"10":{"start":{"line":13,"column":4},"end":{"line":13,"column":29}}},"fnMap":{"0":{"name":"(anonymous_0)","decl":{"start":{"line":6,"column":7},"end":{"line":6,"column":8}},"loc":{"start":{"line":6,"column":19},"end":{"line":10,"column":1}},"line":6},"1":{"name":"(anonymous_1)","decl":{"start":{"line":11,"column":6},"end":{"line":11,"column":7}},"loc":{"start":{"line":11,"column":18},"end":{"line":14,"column":1}},"line":11}},"branchMap":{},"s":{"0":1,"1":1,"2":1,"3":1,"4":1,"5":1,"6":1,"7":1,"8":1,"9":1,"10":1},"f":{"0":1,"1":1},"b":{},"inputSourceMap":{"version":3,"file":"C:\\Users\\harry\\OneDrive\\University\\Year 3\\Project\\Skillify\\Back-End\\src\\test\\__test-setup.js","sources":["C:\\Users\\harry\\OneDrive\\University\\Year 3\\Project\\Skillify\\Back-End\\src\\test\\__test-setup.js"],"names":[],"mappings":"AAAA,OAAO,CAAC,GAAG,CAAC,QAAQ,GAAG,MAAM,CAAA;AAC7B,MAAM,QAAQ,GAAG,OAAO,CAAC,UAAU,CAAC,CAAC;AACrC,MAAM,iBAAiB,GAAG,OAAO,CAAC,uBAAuB,CAAC,CAAC,iBAAiB,CAAC;AAC7E,MAAM,cAAc,GAAG,OAAO,CAAC,gCAAgC,CAAC,CAAC;AACjE,IAAI,WAAW,CAAC;AAEhB,MAAM,CAAC,KAAK,IAAI,EAAE;IACd,WAAW,GAAG,IAAI,iBAAiB,EAAE,CAAC;IACtC,MAAM,QAAQ,GAAG,MAAM,WAAW,CAAC,MAAM,EAAE,CAAC;IAC5C,MAAM,QAAQ,CAAC,OAAO,CAAC,QAAQ,EAAG,EAAE,eAAe,EAAE,IAAI,EAAG,kBAAkB,EAAE,IAAI,EAAE,CAAC,CAAC;AAC1F,CAAC,CAAC,CAAC;AAEH,KAAK,CAAC,KAAK,IAAI,EAAE;IACf,MAAM,QAAQ,CAAC,UAAU,EAAE,CAAC;IAC5B,MAAM,WAAW,CAAC,IAAI,EAAE,CAAC;AAC3B,CAAC,CAAC,CAAA","sourcesContent":["process.env.NODE_ENV = 'test'\r\nconst mongoose = require('mongoose');\r\nconst MongoMemoryServer = require('mongodb-memory-server').MongoMemoryServer;\r\nconst userController = require('../controllers/user-controller');\r\nlet mongoServer;\r\n\r\nbefore(async () => {\r\n    mongoServer = new MongoMemoryServer();\r\n    const mongoUri = await mongoServer.getUri();\r\n    await mongoose.connect(mongoUri,  { useNewUrlParser: true,  useUnifiedTopology: true });\r\n  });\r\n  \r\n  after(async () => {\r\n    await mongoose.disconnect();\r\n    await mongoServer.stop();\r\n  })\r\n\r\n"]},"_coverageSchema":"1a1c01bbd47fc00a2c39e90264f33305004495a9","hash":"5846fe6b45028cc8002ec97d264f2a5669949569","contentHash":"6429dbbf67d5bc95363c8d3a04356bd835c37c322f7880b0c248eabe9d7c6fbe"},"C:\\Users\\harry\\OneDrive\\University\\Year 3\\Project\\Skillify\\Back-End\\src\\controllers\\user-controller.ts":{"path":"C:\\Users\\harry\\OneDrive\\University\\Year 3\\Project\\Skillify\\Back-End\\src\\controllers\\user-controller.ts","statementMap":{"0":{"start":{"line":2,"column":0},"end":{"line":2,"column":62}},"1":{"start":{"line":3,"column":0},"end":{"line":3,"column":667}},"2":{"start":{"line":4,"column":17},"end":{"line":4,"column":34}},"3":{"start":{"line":5,"column":18},"end":{"line":5,"column":36}},"4":{"start":{"line":6,"column":19},"end":{"line":6,"column":38}},"5":{"start":{"line":7,"column":22},"end":{"line":7,"column":55}},"6":{"start":{"line":8,"column":18},"end":{"line":8,"column":68}},"7":{"start":{"line":9,"column":0},"end":{"line":13,"column":2}},"8":{"start":{"line":10,"column":19},"end":{"line":10,"column":48}},"9":{"start":{"line":11,"column":17},"end":{"line":11,"column":57}},"10":{"start":{"line":12,"column":4},"end":{"line":12,"column":16}},"11":{"start":{"line":14,"column":0},"end":{"line":18,"column":2}},"12":{"start":{"line":15,"column":25},"end":{"line":15,"column":62}},"13":{"start":{"line":16,"column":4},"end":{"line":16,"column":24}},"14":{"start":{"line":17,"column":4},"end":{"line":17,"column":28}},"15":{"start":{"line":19,"column":0},"end":{"line":21,"column":2}},"16":{"start":{"line":20,"column":4},"end":{"line":20,"column":42}},"17":{"start":{"line":22,"column":0},"end":{"line":24,"column":2}},"18":{"start":{"line":23,"column":4},"end":{"line":23,"column":53}},"19":{"start":{"line":25,"column":0},"end":{"line":27,"column":2}},"20":{"start":{"line":26,"column":4},"end":{"line":26,"column":53}},"21":{"start":{"line":28,"column":0},"end":{"line":30,"column":2}},"22":{"start":{"line":29,"column":4},"end":{"line":29,"column":144}},"23":{"start":{"line":31,"column":0},"end":{"line":33,"column":2}},"24":{"start":{"line":32,"column":4},"end":{"line":32,"column":149}},"25":{"start":{"line":34,"column":0},"end":{"line":36,"column":2}},"26":{"start":{"line":35,"column":4},"end":{"line":35,"column":193}},"27":{"start":{"line":37,"column":0},"end":{"line":39,"column":2}},"28":{"start":{"line":38,"column":4},"end":{"line":38,"column":157}},"29":{"start":{"line":40,"column":0},"end":{"line":42,"column":2}},"30":{"start":{"line":41,"column":4},"end":{"line":41,"column":193}},"31":{"start":{"line":43,"column":0},"end":{"line":45,"column":2}},"32":{"start":{"line":44,"column":4},"end":{"line":44,"column":62}},"33":{"start":{"line":46,"column":0},"end":{"line":48,"column":2}},"34":{"start":{"line":47,"column":4},"end":{"line":47,"column":130}},"35":{"start":{"line":49,"column":0},"end":{"line":51,"column":2}},"36":{"start":{"line":50,"column":4},"end":{"line":50,"column":118}},"37":{"start":{"line":52,"column":0},"end":{"line":54,"column":2}},"38":{"start":{"line":53,"column":4},"end":{"line":53,"column":115}},"39":{"start":{"line":55,"column":0},"end":{"line":57,"column":2}},"40":{"start":{"line":56,"column":4},"end":{"line":56,"column":189}},"41":{"start":{"line":58,"column":0},"end":{"line":60,"column":2}},"42":{"start":{"line":59,"column":4},"end":{"line":59,"column":138}},"43":{"start":{"line":61,"column":0},"end":{"line":63,"column":2}},"44":{"start":{"line":62,"column":4},"end":{"line":62,"column":183}},"45":{"start":{"line":64,"column":0},"end":{"line":66,"column":2}},"46":{"start":{"line":65,"column":4},"end":{"line":65,"column":135}},"47":{"start":{"line":67,"column":0},"end":{"line":69,"column":2}},"48":{"start":{"line":68,"column":4},"end":{"line":68,"column":116}},"49":{"start":{"line":70,"column":0},"end":{"line":72,"column":2}},"50":{"start":{"line":71,"column":4},"end":{"line":71,"column":104}},"51":{"start":{"line":73,"column":0},"end":{"line":75,"column":2}},"52":{"start":{"line":74,"column":4},"end":{"line":74,"column":85}},"53":{"start":{"line":76,"column":0},"end":{"line":78,"column":2}},"54":{"start":{"line":77,"column":4},"end":{"line":77,"column":106}}},"fnMap":{"0":{"name":"(anonymous_0)","decl":{"start":{"line":9,"column":28},"end":{"line":9,"column":29}},"loc":{"start":{"line":9,"column":42},"end":{"line":13,"column":1}},"line":9},"1":{"name":"(anonymous_1)","decl":{"start":{"line":14,"column":29},"end":{"line":14,"column":30}},"loc":{"start":{"line":14,"column":53},"end":{"line":18,"column":1}},"line":14},"2":{"name":"(anonymous_2)","decl":{"start":{"line":19,"column":30},"end":{"line":19,"column":31}},"loc":{"start":{"line":19,"column":50},"end":{"line":21,"column":1}},"line":19},"3":{"name":"(anonymous_3)","decl":{"start":{"line":22,"column":44},"end":{"line":22,"column":45}},"loc":{"start":{"line":22,"column":64},"end":{"line":24,"column":1}},"line":22},"4":{"name":"(anonymous_4)","decl":{"start":{"line":25,"column":30},"end":{"line":25,"column":31}},"loc":{"start":{"line":25,"column":60},"end":{"line":27,"column":1}},"line":25},"5":{"name":"(anonymous_5)","decl":{"start":{"line":28,"column":32},"end":{"line":28,"column":33}},"loc":{"start":{"line":28,"column":59},"end":{"line":30,"column":1}},"line":28},"6":{"name":"(anonymous_6)","decl":{"start":{"line":31,"column":33},"end":{"line":31,"column":34}},"loc":{"start":{"line":31,"column":60},"end":{"line":33,"column":1}},"line":31},"7":{"name":"(anonymous_7)","decl":{"start":{"line":34,"column":32},"end":{"line":34,"column":33}},"loc":{"start":{"line":34,"column":67},"end":{"line":36,"column":1}},"line":34},"8":{"name":"(anonymous_8)","decl":{"start":{"line":37,"column":38},"end":{"line":37,"column":39}},"loc":{"start":{"line":37,"column":65},"end":{"line":39,"column":1}},"line":37},"9":{"name":"(anonymous_9)","decl":{"start":{"line":40,"column":37},"end":{"line":40,"column":38}},"loc":{"start":{"line":40,"column":72},"end":{"line":42,"column":1}},"line":40},"10":{"name":"(anonymous_10)","decl":{"start":{"line":43,"column":34},"end":{"line":43,"column":35}},"loc":{"start":{"line":43,"column":52},"end":{"line":45,"column":1}},"line":43},"11":{"name":"(anonymous_11)","decl":{"start":{"line":46,"column":46},"end":{"line":46,"column":47}},"loc":{"start":{"line":46,"column":73},"end":{"line":48,"column":1}},"line":46},"12":{"name":"(anonymous_12)","decl":{"start":{"line":49,"column":26},"end":{"line":49,"column":27}},"loc":{"start":{"line":49,"column":55},"end":{"line":51,"column":1}},"line":49},"13":{"name":"(anonymous_13)","decl":{"start":{"line":52,"column":24},"end":{"line":52,"column":25}},"loc":{"start":{"line":52,"column":51},"end":{"line":54,"column":1}},"line":52},"14":{"name":"(anonymous_14)","decl":{"start":{"line":55,"column":29},"end":{"line":55,"column":30}},"loc":{"start":{"line":55,"column":58},"end":{"line":57,"column":1}},"line":55},"15":{"name":"(anonymous_15)","decl":{"start":{"line":58,"column":26},"end":{"line":58,"column":27}},"loc":{"start":{"line":58,"column":55},"end":{"line":60,"column":1}},"line":58},"16":{"name":"(anonymous_16)","decl":{"start":{"line":61,"column":27},"end":{"line":61,"column":28}},"loc":{"start":{"line":61,"column":54},"end":{"line":63,"column":1}},"line":61},"17":{"name":"(anonymous_17)","decl":{"start":{"line":64,"column":24},"end":{"line":64,"column":25}},"loc":{"start":{"line":64,"column":51},"end":{"line":66,"column":1}},"line":64},"18":{"name":"(anonymous_18)","decl":{"start":{"line":67,"column":25},"end":{"line":67,"column":26}},"loc":{"start":{"line":67,"column":56},"end":{"line":69,"column":1}},"line":67},"19":{"name":"(anonymous_19)","decl":{"start":{"line":70,"column":19},"end":{"line":70,"column":20}},"loc":{"start":{"line":70,"column":44},"end":{"line":72,"column":1}},"line":70},"20":{"name":"(anonymous_20)","decl":{"start":{"line":73,"column":19},"end":{"line":73,"column":20}},"loc":{"start":{"line":73,"column":46},"end":{"line":75,"column":1}},"line":73},"21":{"name":"(anonymous_21)","decl":{"start":{"line":76,"column":28},"end":{"line":76,"column":29}},"loc":{"start":{"line":76,"column":55},"end":{"line":78,"column":1}},"line":76}},"branchMap":{},"s":{"0":1,"1":1,"2":1,"3":1,"4":1,"5":1,"6":1,"7":1,"8":4,"9":4,"10":4,"11":1,"12":3,"13":3,"14":3,"15":1,"16":2,"17":1,"18":2,"19":1,"20":2,"21":1,"22":1,"23":1,"24":2,"25":1,"26":2,"27":1,"28":1,"29":1,"30":2,"31":1,"32":2,"33":1,"34":1,"35":1,"36":2,"37":1,"38":2,"39":1,"40":1,"41":1,"42":1,"43":1,"44":1,"45":1,"46":1,"47":1,"48":0,"49":1,"50":0,"51":1,"52":1,"53":1,"54":1},"f":{"0":4,"1":3,"2":2,"3":2,"4":2,"5":1,"6":2,"7":2,"8":1,"9":2,"10":2,"11":1,"12":2,"13":2,"14":1,"15":1,"16":1,"17":1,"18":0,"19":0,"20":1,"21":1},"b":{},"inputSourceMap":{"version":3,"file":"C:\\Users\\harry\\OneDrive\\University\\Year 3\\Project\\Skillify\\Back-End\\src\\controllers\\user-controller.ts","sources":["C:\\Users\\harry\\OneDrive\\University\\Year 3\\Project\\Skillify\\Back-End\\src\\controllers\\user-controller.ts"],"names":[],"mappings":";;;AAAA,mCAA0C;AAC1C,qCAAmC;AACnC,uCAAiC;AACjC,wDAAoD;AAEpD,MAAM,SAAS,GAAG,gBAAK,CAAC,MAAM,EAAE,wBAAU,CAAC,CAAC;AAG/B,QAAA,iBAAiB,GAAG,CAAC,QAAgB,EAAU,EAAE;IAC1D,MAAM,MAAM,GAAG,mBAAU,CAAC,QAAQ,CAAC,CAAC;IACpC,MAAM,IAAI,GAAG,MAAM,CAAC,MAAM,CAAC,QAAQ,CAAC,CAAC,MAAM,CAAC,QAAQ,CAAC,CAAC;IACtD,OAAO,IAAI,CAAC;AAChB,CAAC,CAAA;AAEY,QAAA,kBAAkB,GAAG,CAAC,QAAgB,EAAE,QAAgB,EAAU,EAAE;IAC7E,MAAM,YAAY,GAAG,IAAI,SAAS,CAAC,EAAE,QAAQ,EAAE,QAAQ,EAAE,CAAC,CAAC;IAC3D,YAAY,CAAC,IAAI,EAAE,CAAC;IACpB,OAAO,YAAY,CAAC,GAAG,CAAC;AAC5B,CAAC,CAAA;AAEY,QAAA,mBAAmB,GAAG,KAAK,EAAE,QAAgB,EAAoB,EAAE;IAC5E,OAAO,SAAS,CAAC,MAAM,CAAC,EAAE,QAAQ,EAAE,CAAC,CAAC;AAC1C,CAAC,CAAA;AAEY,QAAA,iCAAiC,GAAG,KAAK,EAAE,QAAgB,EAAgB,EAAE;IACtF,OAAO,SAAS,CAAC,OAAO,CAAC,EAAE,QAAQ,EAAE,QAAQ,EAAE,CAAC,CAAC;AACrD,CAAC,CAAA;AAGY,QAAA,mBAAmB,GAAG,KAAK,EAAE,QAAgB,EAAE,QAAgB,EAAgB,EAAE;IAC1F,OAAO,SAAS,CAAC,OAAO,CAAC,EAAE,QAAQ,EAAE,QAAQ,EAAE,CAAC,CAAC;AACrD,CAAC,CAAA;AAEY,QAAA,qBAAqB,GAAG,KAAK,EAAE,OAAe,EAAE,MAAc,EAAgB,EAAE;IACzF,OAAO,SAAS,CAAC,iBAAiB,CAAC,EAAE,GAAG,EAAE,IAAI,kBAAQ,CAAC,MAAM,CAAC,EAAE,EAAE,EAAE,KAAK,EAAE,EAAE,cAAc,EAAE,IAAI,kBAAQ,CAAC,OAAO,CAAC,EAAE,EAAE,CAAC,CAAC;AAC5H,CAAC,CAAA;AAEY,QAAA,sBAAsB,GAAG,KAAK,EAAE,OAAe,EAAE,MAAc,EAAgB,EAAE;IAC1F,OAAO,SAAS,CAAC,SAAS,CAAC,EAAE,GAAG,EAAE,IAAI,kBAAQ,CAAC,MAAM,CAAC,EAAE,EAAE,EAAE,KAAK,EAAE,EAAE,kBAAkB,EAAE,EAAE,GAAG,EAAE,IAAI,kBAAQ,CAAC,OAAO,CAAC,EAAE,EAAE,EAAE,CAAC,CAAC;AACjI,CAAC,CAAA;AAEY,QAAA,qBAAqB,GAAG,KAAK,EAAE,MAAc,EAAE,OAAe,EAAE,MAAc,EAAgB,EAAE;IACzG,OAAO,SAAS,CAAC,SAAS,CAAC,EAAE,GAAG,EAAE,IAAI,kBAAQ,CAAC,MAAM,CAAC,EAAE,wBAAwB,EAAE,IAAI,kBAAQ,CAAC,OAAO,CAAC,EAAE,EAAE,EAAE,KAAK,EAAE,EAAE,qCAAqC,EAAE,MAAM,EAAE,EAAE,CAAC,CAAA;AAC5K,CAAC,CAAA;AAEY,QAAA,2BAA2B,GAAG,KAAK,EAAE,OAAe,EAAE,MAAc,EAAgB,EAAE;IAC/F,OAAO,SAAS,CAAC,iBAAiB,CAAC,EAAE,GAAG,EAAE,IAAI,kBAAQ,CAAC,MAAM,CAAC,EAAE,EAAE,EAAE,KAAK,EAAE,EAAE,kBAAkB,EAAE,EAAE,GAAG,EAAE,IAAI,kBAAQ,CAAC,OAAO,CAAC,EAAE,EAAE,EAAE,CAAC,CAAC;AACzI,CAAC,CAAA;AAEY,QAAA,0BAA0B,GAAG,KAAK,EAAE,MAAc,EAAE,OAAe,EAAE,MAAc,EAAgB,EAAE;IAC9G,OAAO,SAAS,CAAC,SAAS,CAAC,EAAE,GAAG,EAAE,IAAI,kBAAQ,CAAC,MAAM,CAAC,EAAE,wBAAwB,EAAE,IAAI,kBAAQ,CAAC,OAAO,CAAC,EAAE,EAAE,EAAE,KAAK,EAAE,EAAE,qCAAqC,EAAE,MAAM,EAAE,EAAE,CAAC,CAAA;AAC5K,CAAC,CAAA;AAEY,QAAA,uBAAuB,GAAG,KAAK,EAAE,MAAc,EAAgB,EAAE;IAC1E,OAAO,SAAS,CAAC,QAAQ,CAAC,IAAI,kBAAQ,CAAC,MAAM,CAAC,CAAC,CAAC;AACpD,CAAC,CAAA;AAEY,QAAA,mCAAmC,GAAG,KAAK,EAAE,MAAc,EAAE,OAAe,EAAgB,EAAE;IACvG,OAAO,SAAS,CAAC,QAAQ,CAAC,EAAE,GAAG,EAAE,IAAI,kBAAQ,CAAC,MAAM,CAAC,EAAE,wBAAwB,EAAE,IAAI,kBAAQ,CAAC,OAAO,CAAC,EAAE,CAAC,CAAC;AAC9G,CAAC,CAAA;AAEY,QAAA,eAAe,GAAG,KAAK,EAAE,MAAc,EAAE,SAAiB,EAAgB,EAAE;IACrF,OAAQ,SAAS,CAAC,MAAM,CAAC,EAAE,GAAG,EAAE,IAAI,kBAAQ,CAAC,MAAM,CAAC,EAAE,YAAY,EAAE,IAAI,kBAAQ,CAAC,SAAS,CAAC,EAAC,CAAC,CAAA;AACjG,CAAC,CAAA;AAEY,QAAA,aAAa,GAAG,KAAK,EAAE,MAAc,EAAE,OAAe,EAAgB,EAAE;IACjF,OAAQ,SAAS,CAAC,MAAM,CAAC,EAAE,GAAG,EAAE,IAAI,kBAAQ,CAAC,MAAM,CAAC,EAAE,WAAW,EAAE,IAAI,kBAAQ,CAAC,OAAO,CAAC,EAAC,CAAC,CAAA;AAC9F,CAAC,CAAA;AAEY,QAAA,kBAAkB,GAAG,KAAK,EAAE,MAAc,EAAE,SAAiB,EAAgB,EAAE;IACxF,OAAQ,SAAS,CAAC,SAAS,CAAC,EAAE,GAAG,EAAE,IAAI,kBAAQ,CAAC,MAAM,CAAC,EAAE,cAAc,EAAE,IAAI,kBAAQ,CAAC,SAAS,CAAC,EAAC,EAAE,EAAE,KAAK,EAAE,EAAE,cAAc,EAAE,IAAI,kBAAQ,CAAC,SAAS,CAAC,EAAC,EAAC,CAAC,CAAA;AAC5J,CAAC,CAAA;AAEY,QAAA,eAAe,GAAG,KAAK,EAAE,MAAc,EAAE,SAAiB,EAAgB,EAAE;IACrF,OAAQ,SAAS,CAAC,SAAS,CAAC,EAAE,GAAG,EAAE,IAAI,kBAAQ,CAAC,MAAM,CAAC,EAAC,EAAE,EAAE,KAAK,EAAE,EAAE,cAAc,EAAE,IAAI,kBAAQ,CAAC,SAAS,CAAC,EAAC,EAAC,CAAC,CAAA;AACnH,CAAC,CAAA;AAEY,QAAA,gBAAgB,GAAG,KAAK,EAAE,MAAc,EAAE,OAAe,EAAgB,EAAE;IACpF,OAAQ,SAAS,CAAC,SAAS,CAAC,EAAE,GAAG,EAAE,IAAI,kBAAQ,CAAC,MAAM,CAAC,EAAE,aAAa,EAAE,IAAI,kBAAQ,CAAC,OAAO,CAAC,EAAC,EAAE,EAAE,KAAK,EAAE,EAAE,aAAa,EAAE,IAAI,kBAAQ,CAAC,OAAO,CAAC,EAAC,EAAC,CAAC,CAAA;AACtJ,CAAC,CAAA;AAEY,QAAA,aAAa,GAAG,KAAK,EAAE,MAAc,EAAE,OAAe,EAAgB,EAAE;IACjF,OAAQ,SAAS,CAAC,SAAS,CAAC,EAAE,GAAG,EAAE,IAAI,kBAAQ,CAAC,MAAM,CAAC,EAAC,EAAE,EAAE,KAAK,EAAE,EAAE,aAAa,EAAE,IAAI,kBAAQ,CAAC,OAAO,CAAC,EAAC,EAAC,CAAC,CAAA;AAChH,CAAC,CAAA;AAEY,QAAA,cAAc,GAAG,KAAK,EAAE,MAAc,EAAE,WAAgB,EAAgB,EAAE;IACnF,OAAO,SAAS,CAAC,SAAS,CAAC,EAAE,GAAG,EAAE,IAAI,kBAAQ,CAAC,MAAM,CAAC,EAAC,EAAE,EAAE,KAAK,EAAE,EAAE,cAAc,EAAE,WAAW,EAAC,EAAC,CAAC,CAAA;AACtG,CAAC,CAAA;AAEY,QAAA,QAAQ,GAAG,KAAK,EAAE,MAAc,EAAE,KAAU,EAAgB,EAAE;IACvE,OAAO,SAAS,CAAC,SAAS,CAAC,EAAE,GAAG,EAAE,IAAI,kBAAQ,CAAC,MAAM,CAAC,EAAC,EAAE,EAAE,KAAK,EAAE,EAAE,QAAQ,EAAE,KAAK,EAAC,EAAC,CAAC,CAAA;AAC1F,CAAC,CAAA;AAEY,QAAA,QAAQ,GAAG,KAAK,EAAE,QAAgB,EAAE,KAAa,EAAgB,EAAE;IAC5E,OAAO,SAAS,CAAC,SAAS,CAAC,EAAE,QAAQ,EAAE,QAAQ,EAAC,EAAE,EAAE,IAAI,EAAE,EAAE,OAAO,EAAE,KAAK,EAAC,EAAC,CAAC,CAAA;AACjF,CAAC,CAAA;AAEY,QAAA,iBAAiB,GAAG,KAAK,EAAE,MAAc,EAAE,OAAgB,EAAgB,EAAE;IACtF,OAAO,SAAS,CAAC,SAAS,CAAC,EAAE,GAAG,EAAE,IAAI,kBAAQ,CAAC,MAAM,CAAC,EAAC,EAAE,EAAC,IAAI,EAAG,EAAE,SAAS,EAAE,OAAO,EAAC,EAAC,CAAC,CAAA;AAC5F,CAAC,CAAA","sourcesContent":["import { createHash, Hash } from 'crypto';\r\nimport { ObjectId } from 'mongodb';\r\nimport { model } from 'mongoose';\r\nimport { userSchema } from '../schemas/user-schema';\r\n\r\nconst userModel = model('User', userSchema);\r\n\r\n\r\nexport const getHashedPassword = (password: string): string => {\r\n    const sha256 = createHash('SHA256');\r\n    const hash = sha256.update(password).digest('base64');\r\n    return hash;\r\n}\r\n\r\nexport const saveUserToDatabase = (username: string, password: string): string => {\r\n    const userInstance = new userModel({ username, password });\r\n    userInstance.save();\r\n    return userInstance._id;\r\n}\r\n\r\nexport const hasExistingUsername = async (username: string): Promise<boolean> => {\r\n    return userModel.exists({ username });\r\n}\r\n\r\nexport const getUserInfoFromDatabaseByUsername = async (username: string): Promise<any> => {\r\n    return userModel.findOne({ username: username });\r\n}\r\n\r\n\r\nexport const getUserFromDatabase = async (username: string, password: string): Promise<any> => {\r\n    return userModel.findOne({ username, password });\r\n}\r\n\r\nexport const addGraphToUserCreated = async (graphId: string, userId: string): Promise<any> => {\r\n    return userModel.findByIdAndUpdate({ _id: new ObjectId(userId) }, { $push: { graphs_created: new ObjectId(graphId) } });\r\n}\r\n\r\nexport const addGraphToUserProgress = async (graphId: string, userId: string): Promise<any> => {\r\n    return userModel.updateOne({ _id: new ObjectId(userId) }, { $push: { graphs_progressing: { _id: new ObjectId(graphId) } } });\r\n}\r\n\r\nexport const addNodeToUserProgress = async (userId: string, graphId: string, nodeId: string): Promise<any> => {\r\n    return userModel.updateOne({ _id: new ObjectId(userId), 'graphs_progressing._id': new ObjectId(graphId) }, { $push: { 'graphs_progressing.$.completedNodes': nodeId } })\r\n}\r\n\r\nexport const removeGraphFromUserProgress = async (graphId: string, userId: string): Promise<any> => {\r\n    return userModel.findByIdAndUpdate({ _id: new ObjectId(userId) }, { $pull: { graphs_progressing: { _id: new ObjectId(graphId) } } });\r\n}\r\n\r\nexport const removeNodeFromUserProgress = async (userId: string, graphId: string, nodeId: string): Promise<any> => {\r\n    return userModel.updateOne({ _id: new ObjectId(userId), 'graphs_progressing._id': new ObjectId(graphId) }, { $pull: { 'graphs_progressing.$.completedNodes': nodeId } })\r\n}\r\n\r\nexport const getUserInfoFromDatabase = async (userId: string): Promise<any> => {\r\n    return userModel.findById(new ObjectId(userId));\r\n}\r\n\r\nexport const getUserGraphProgressionFromDatabase = async (userId: string, graphId: string): Promise<any> => {\r\n    return userModel.findById({ _id: new ObjectId(userId), 'graphs_progressing._id': new ObjectId(graphId) });\r\n}\r\n\r\nexport const hasLikedContent = async (userId: string, contentId: string): Promise<any> => {\r\n    return  userModel.exists({ _id: new ObjectId(userId), likedContent: new ObjectId(contentId)})\r\n}\r\n\r\nexport const hasLikedGraph = async (userId: string, graphId: string): Promise<any> => {\r\n    return  userModel.exists({ _id: new ObjectId(userId), likedGraphs: new ObjectId(graphId)})\r\n}\r\n\r\nexport const removeLikedContent = async (userId: string, contentId: string): Promise<any> => {\r\n    return  userModel.updateOne({ _id: new ObjectId(userId), 'likedContent': new ObjectId(contentId)}, { $pull: { 'likedContent': new ObjectId(contentId)}})\r\n}\r\n\r\nexport const addLikedContent = async (userId: string, contentId: string): Promise<any> => {\r\n    return  userModel.updateOne({ _id: new ObjectId(userId)}, { $push: { 'likedContent': new ObjectId(contentId)}})\r\n}\r\n\r\nexport const removeLikedGraph = async (userId: string, graphId: string): Promise<any> => {\r\n    return  userModel.updateOne({ _id: new ObjectId(userId), 'likedGraphs': new ObjectId(graphId)}, { $pull: { 'likedGraphs': new ObjectId(graphId)}})\r\n}\r\n\r\nexport const addLikedGraph = async (userId: string, graphId: string): Promise<any> => {\r\n    return  userModel.updateOne({ _id: new ObjectId(userId)}, { $push: { 'likedGraphs': new ObjectId(graphId)}})\r\n}\r\n\r\nexport const addAchievement = async (userId: string, achievement: any): Promise<any> => {\r\n    return userModel.updateOne({ _id: new ObjectId(userId)}, { $push: { 'achievements': achievement}})\r\n}\r\n\r\nexport const addBadge = async (userId: string, badge: any): Promise<any> => {\r\n    return userModel.updateOne({ _id: new ObjectId(userId)}, { $push: { 'badges': badge}})\r\n}\r\n\r\nexport const addImage = async (username: string, image: string): Promise<any> => {\r\n    return userModel.updateOne({ username: username}, { $set: { 'image': image}})\r\n}\r\n\r\nexport const updateUserPrivacy = async (userId: string, privacy: boolean): Promise<any> => {\r\n    return userModel.updateOne({ _id: new ObjectId(userId)}, {$set : { 'private': privacy}})\r\n}"]},"_coverageSchema":"1a1c01bbd47fc00a2c39e90264f33305004495a9","hash":"d9ae886a52b72632d629c83dff8be923d07d48bd","contentHash":"64e9ed05c82ff6120479be74d957e3b09864bb5bc3c2c5830f47b88e1fe7d57c"},"C:\\Users\\harry\\OneDrive\\University\\Year 3\\Project\\Skillify\\Back-End\\src\\schemas\\user-schema.ts":{"path":"C:\\Users\\harry\\OneDrive\\University\\Year 3\\Project\\Skillify\\Back-End\\src\\schemas\\user-schema.ts","statementMap":{"0":{"start":{"line":2,"column":0},"end":{"line":2,"column":62}},"1":{"start":{"line":3,"column":0},"end":{"line":3,"column":57}},"2":{"start":{"line":4,"column":18},"end":{"line":4,"column":36}},"3":{"start":{"line":5,"column":19},"end":{"line":5,"column":38}},"4":{"start":{"line":6,"column":24},"end":{"line":6,"column":50}},"5":{"start":{"line":8,"column":0},"end":{"line":11,"column":3}},"6":{"start":{"line":12,"column":0},"end":{"line":23,"column":3}}},"fnMap":{},"branchMap":{},"s":{"0":1,"1":1,"2":1,"3":1,"4":1,"5":1,"6":1},"f":{},"b":{},"inputSourceMap":{"version":3,"file":"C:\\Users\\harry\\OneDrive\\University\\Year 3\\Project\\Skillify\\Back-End\\src\\schemas\\user-schema.ts","sources":["C:\\Users\\harry\\OneDrive\\University\\Year 3\\Project\\Skillify\\Back-End\\src\\schemas\\user-schema.ts"],"names":[],"mappings":";;;AAAA,qCAAmC;AACnC,uCAAkC;AAClC,mDAAkE;AAElE,8BAA8B;AACjB,QAAA,kBAAkB,GAAG,IAAI,iBAAM,CAAC;IACzC,OAAO,EAAE,kBAAQ;IACjB,cAAc,EAAE,CAAC,MAAM,CAAC;CAC3B,CAAC,CAAA;AAEW,QAAA,UAAU,GAAG,IAAI,iBAAM,CAAC;IACjC,QAAQ,EAAE,MAAM;IAChB,QAAQ,EAAE,MAAM;IAChB,cAAc,EAAE,KAAK;IACrB,kBAAkB,EAAE,CAAC,0BAAkB,CAAC;IACxC,YAAY,EAAE,CAAC,kBAAQ,CAAC;IACxB,WAAW,EAAE,CAAC,kBAAQ,CAAC;IACvB,YAAY,EAAE,CAAC,MAAM,CAAC;IACtB,MAAM,EAAE,CAAC,2BAAW,CAAC;IACrB,KAAK,EAAE,MAAM;IACb,OAAO,EAAE,OAAO;CACnB,CAAC,CAAA","sourcesContent":["import { ObjectId } from 'mongodb';\r\nimport { Schema } from 'mongoose';\r\nimport  { achievementSchema, badgeSchema } from './reward-schema';\r\n\r\n//ToDo change casing to pascal\r\nexport const graphs_progressing = new Schema({\r\n    graphId: ObjectId,\r\n    completedNodes: [String]\r\n})\r\n\r\nexport const userSchema = new Schema({\r\n    username: String,\r\n    password: String, // Password will be hashed\r\n    graphs_created: Array,\r\n    graphs_progressing: [graphs_progressing],\r\n    likedContent: [ObjectId],\r\n    likedGraphs: [ObjectId],\r\n    achievements: [String],\r\n    badges: [badgeSchema],\r\n    image: String,\r\n    private: Boolean\r\n})\r\n\r\n"]},"_coverageSchema":"1a1c01bbd47fc00a2c39e90264f33305004495a9","hash":"80f494e60d7fa4b763ed7b5b481a54f6b9e01732","contentHash":"57d4024fe907746bb1447031628caf2092e807692dafef3a4e67848f1e1c0307"},"C:\\Users\\harry\\OneDrive\\University\\Year 3\\Project\\Skillify\\Back-End\\src\\schemas\\reward-schema.ts":{"path":"C:\\Users\\harry\\OneDrive\\University\\Year 3\\Project\\Skillify\\Back-End\\src\\schemas\\reward-schema.ts","statementMap":{"0":{"start":{"line":2,"column":0},"end":{"line":2,"column":62}},"1":{"start":{"line":3,"column":0},"end":{"line":3,"column":57}},"2":{"start":{"line":4,"column":19},"end":{"line":4,"column":38}},"3":{"start":{"line":5,"column":0},"end":{"line":9,"column":3}},"4":{"start":{"line":10,"column":0},"end":{"line":16,"column":3}}},"fnMap":{},"branchMap":{},"s":{"0":1,"1":1,"2":1,"3":1,"4":1},"f":{},"b":{},"inputSourceMap":{"version":3,"file":"C:\\Users\\harry\\OneDrive\\University\\Year 3\\Project\\Skillify\\Back-End\\src\\schemas\\reward-schema.ts","sources":["C:\\Users\\harry\\OneDrive\\University\\Year 3\\Project\\Skillify\\Back-End\\src\\schemas\\reward-schema.ts"],"names":[],"mappings":";;;AAAA,uCAAkC;AAErB,QAAA,WAAW,GAAG,IAAI,iBAAM,CAAC;IAClC,IAAI,EAAE,MAAM;IACZ,IAAI,EAAE,MAAM;IACZ,KAAK,EAAE,MAAM;CAChB,CAAC,CAAA;AAEW,QAAA,iBAAiB,GAAG,IAAI,iBAAM,CAAC;IACxC,IAAI,EAAE,MAAM;IACZ,IAAI,EAAE,MAAM;IACZ,IAAI,EAAE,MAAM;IACZ,WAAW,EAAE,mBAAW;IACxB,KAAK,EAAE,MAAM;CAChB,CAAC,CAAA","sourcesContent":["import { Schema } from \"mongoose\";\r\n\r\nexport const badgeSchema = new Schema({\r\n    type: String,\r\n    name: String,\r\n    color: String,\r\n})\r\n\r\nexport const achievementSchema = new Schema({\r\n    type: String,\r\n    name: String,\r\n    goal: String,\r\n    rewardBadge: badgeSchema,\r\n    image: String,\r\n})"]},"_coverageSchema":"1a1c01bbd47fc00a2c39e90264f33305004495a9","hash":"59a5138b6dc866df49fbb6e8d81af40a90a151c6","contentHash":"4d3b7d6435618d3a0e3265fcb923e33a4b454d3e8f19211fc10f95829b583b8d"},"C:\\Users\\harry\\OneDrive\\University\\Year 3\\Project\\Skillify\\Back-End\\src\\test\\dummyData.js":{"path":"C:\\Users\\harry\\OneDrive\\University\\Year 3\\Project\\Skillify\\Back-End\\src\\test\\dummyData.js","statementMap":{"0":{"start":{"line":2,"column":0},"end":{"line":2,"column":62}},"1":{"start":{"line":3,"column":0},"end":{"line":3,"column":209}},"2":{"start":{"line":4,"column":0},"end":{"line":14,"column":2}},"3":{"start":{"line":15,"column":0},"end":{"line":26,"column":2}},"4":{"start":{"line":27,"column":0},"end":{"line":32,"column":7}},"5":{"start":{"line":33,"column":0},"end":{"line":42,"column":2}},"6":{"start":{"line":43,"column":0},"end":{"line":51,"column":2}},"7":{"start":{"line":52,"column":0},"end":{"line":62,"column":2}},"8":{"start":{"line":63,"column":0},"end":{"line":66,"column":2}},"9":{"start":{"line":67,"column":0},"end":{"line":79,"column":2}},"10":{"start":{"line":80,"column":0},"end":{"line":85,"column":2}}},"fnMap":{},"branchMap":{},"s":{"0":1,"1":1,"2":1,"3":1,"4":1,"5":1,"6":1,"7":1,"8":1,"9":1,"10":1},"f":{},"b":{},"inputSourceMap":{"version":3,"file":"C:\\Users\\harry\\OneDrive\\University\\Year 3\\Project\\Skillify\\Back-End\\src\\test\\dummyData.js","sources":["C:\\Users\\harry\\OneDrive\\University\\Year 3\\Project\\Skillify\\Back-End\\src\\test\\dummyData.js"],"names":[],"mappings":";;;AAAa,QAAA,SAAS,GAAG;IACrB,GAAG,EAAE,WAAW;IAChB,IAAI,EAAE;QACF,EAAE,EAAE,UAAU;QACd,KAAK,EAAE,aAAa;KACvB;IACD,QAAQ,EAAE;QACN,CAAC,EAAE,CAAC;QACJ,CAAC,EAAE,CAAC;KACP;CACJ,CAAA;AAEY,QAAA,SAAS,GAAG;IACrB,GAAG,EAAE,WAAW;IAChB,IAAI,EAAE;QACF,EAAE,EAAE,UAAU;QACd,MAAM,EAAE,cAAc;QACtB,MAAM,EAAE,cAAc;KACzB;IACD,QAAQ,EAAE;QACN,CAAC,EAAE,CAAC;QACJ,CAAC,EAAE,CAAC;KACP;CACJ,CAAA;AAEY,QAAA,eAAe,GAAI,CAAC;QAC7B,QAAQ,EAAE,gBAAgB;QAC1B,KAAK,EAAE;YACJ,kBAAkB,EAAE,sBAAsB;SAC5C;KACJ,CAAC,CAAA;AAEW,QAAA,UAAU,GAAG;IACtB,IAAI,EAAE,CAAC,WAAW,CAAC;IACnB,IAAI,EAAE,YAAY;IAClB,WAAW,EAAE,mBAAmB;IAChC,WAAW,EAAE,0BAA0B;IACvC,KAAK,EAAE,CAAC,iBAAS,CAAC;IAClB,KAAK,EAAE,EAAE;IACT,UAAU,EAAE,uBAAe;IAC3B,KAAK,EAAE,EAAE;CACZ,CAAC;AAEW,QAAA,cAAc,GAAG;IACtB,MAAM,EAAE,0BAA0B;IAClC,MAAM,EAAE,eAAe;IACvB,KAAK,EAAE,CAAC;YACJ,OAAO,EAAE,aAAa;YACtB,SAAS,EAAE,IAAI;YACf,IAAI,EAAE,CAAC;SACV,CAAC;CACT,CAAA;AAEY,QAAA,gBAAgB,GAAG;IAC5B,IAAI,EAAE,cAAc;IACpB,IAAI,EAAE,YAAY;IAClB,WAAW,EAAE,mBAAmB;IAChC,WAAW,EAAE;QACT,IAAI,EAAE,kBAAkB;QACxB,IAAI,EAAE,kBAAkB;QACxB,KAAK,EAAE,mBAAmB;KAC7B;IACD,KAAK,EAAE,aAAa;CACvB,CAAC;AAEW,QAAA,SAAS,GAAG;IACrB,EAAC,GAAG,EAAE,WAAW,EAAC;IAClB,EAAC,GAAG,EAAE,YAAY,EAAC;CACtB,CAAA;AAEY,QAAA,SAAS,GAAG;IACrB,QAAQ,EAAE,YAAY;IACtB,QAAQ,EAAE,gBAAgB;IAC1B,cAAc,EAAE,EAAE;IAClB,YAAY,EAAE,EAAE;IAChB,UAAU,EAAE,EAAE;IACd,YAAY,EAAE,EAAE;IAChB,MAAM,EAAE,EAAE;IACV,kBAAkB,EAAE,EAAE;IACtB,OAAO,EAAE,KAAK;IACd,KAAK,EAAE,aAAa;IACpB,WAAW,EAAE,EAAE;CAClB,CAAA;AAEY,QAAA,YAAY,GAAG;IACxB,MAAM,EAAE,eAAe;IACvB,IAAI,EAAE,YAAY;IAClB,UAAU,EAAE,mBAAmB;IAC/B,KAAK,EAAE,CAAC;CACX,CAAA","sourcesContent":["export const dummyNode = {\r\n    _id: 'Dummy Oid',\r\n    data: {\r\n        id: 'Dummy Id',\r\n        label: 'Dummy Label'\r\n    },\r\n    position: {\r\n        x: 0,\r\n        y: 0\r\n    }\r\n}\r\n\r\nexport const dummyEdge = {\r\n    _id: 'Dummy Oid',\r\n    data: {\r\n        id: 'Dummy Id',\r\n        source: 'Dummy Source',\r\n        target: 'Dummy Target'\r\n    },\r\n    position: {\r\n        x: 0,\r\n        y: 0\r\n    }\r\n}\r\n\r\nexport const dummyStyleSheet =  [{\r\n    selector: 'Dummy Selector',\r\n    style: {\r\n       dummyStyleProperty: 'Dummy Style Property'\r\n    }\r\n}]\r\n\r\nexport const dummyGraph = {\r\n    tags: [\"Dummy Tag\"],\r\n    name: \"Dummy Name\",\r\n    description: \"Dummy Description\",\r\n    createdById: \"5fc65a71c522501e806a5403\",\r\n    nodes: [dummyNode],\r\n    edges: [],\r\n    styleSheet: dummyStyleSheet,\r\n    image: ''\r\n};\r\n\r\nexport const dummyObjective = {\r\n        userId: \"5fc65a71c522501e806a5403\",\r\n        nodeId: \"Dummy Node Id\",\r\n        items: [{\r\n            \"label\": \"Dummy Label\",\r\n            \"checked\": true,\r\n            \"id\": 0\r\n        }],\r\n}\r\n\r\nexport const dummyAchievement = {\r\n    type: 'Dummy Reward',\r\n    name: 'Dummy Name',\r\n    description: 'Dummy Description',\r\n    rewardBadge: {\r\n        type: 'Dummy Badge Type',\r\n        name: 'Dummy Badge Name',\r\n        color: 'Dummy Badge Color',\r\n    },\r\n    image: 'Dummy Image'\r\n};\r\n\r\nexport const dummyTags = [\r\n    {tag: 'Dummy Tag'},\r\n    {tag: 'Dummy Tag2'}\r\n]\r\n\r\nexport const dummyUser = {\r\n    username: \"Dummy User\",\r\n    password: \"Dummy Password\",\r\n    graphs_created: [],\r\n    likedContent: [],\r\n    likedGraph: [],\r\n    achievements: [],\r\n    badges: [],\r\n    graphs_progressing: [],\r\n    private: false,\r\n    image: \"Dummy Image\",\r\n    likedGraphs: []\r\n}\r\n\r\nexport const dummyContent = {\r\n    nodeId: \"Dummy Node Id\",\r\n    type: \"Dummy Type\",\r\n    externalId: \"Dummy External Id\",\r\n    score: 0,\r\n}"]},"_coverageSchema":"1a1c01bbd47fc00a2c39e90264f33305004495a9","hash":"2ea2f13a7b85df24827bbb3ea60b7ae940cfc6d2","contentHash":"8ee62eb32e7aaf99bb97239e7701288190d914ebfb405fe3bf4c95b8a4337030"},"C:\\Users\\harry\\OneDrive\\University\\Year 3\\Project\\Skillify\\Back-End\\src\\test\\routes\\achievement-routes.js":{"path":"C:\\Users\\harry\\OneDrive\\University\\Year 3\\Project\\Skillify\\Back-End\\src\\test\\routes\\achievement-routes.js","statementMap":{"0":{"start":{"line":1,"column":15},"end":{"line":1,"column":37}},"1":{"start":{"line":2,"column":16},"end":{"line":2,"column":36}},"2":{"start":{"line":3,"column":12},"end":{"line":3,"column":35}},"3":{"start":{"line":4,"column":30},"end":{"line":4,"column":81}},"4":{"start":{"line":5,"column":23},"end":{"line":5,"column":67}},"5":{"start":{"line":6,"column":16},"end":{"line":6,"column":30}},"6":{"start":{"line":8,"column":0},"end":{"line":10,"column":3}},"7":{"start":{"line":9,"column":4},"end":{"line":9,"column":78}},"8":{"start":{"line":11,"column":25},"end":{"line":21,"column":1}},"9":{"start":{"line":22,"column":0},"end":{"line":24,"column":3}},"10":{"start":{"line":23,"column":4},"end":{"line":23,"column":72}},"11":{"start":{"line":25,"column":0},"end":{"line":56,"column":3}},"12":{"start":{"line":26,"column":4},"end":{"line":35,"column":7}},"13":{"start":{"line":27,"column":8},"end":{"line":34,"column":11}},"14":{"start":{"line":30,"column":32},"end":{"line":30,"column":43}},"15":{"start":{"line":31,"column":12},"end":{"line":31,"column":66}},"16":{"start":{"line":32,"column":12},"end":{"line":32,"column":42}},"17":{"start":{"line":33,"column":12},"end":{"line":33,"column":19}},"18":{"start":{"line":36,"column":4},"end":{"line":45,"column":7}},"19":{"start":{"line":37,"column":8},"end":{"line":44,"column":11}},"20":{"start":{"line":40,"column":32},"end":{"line":40,"column":43}},"21":{"start":{"line":41,"column":12},"end":{"line":41,"column":66}},"22":{"start":{"line":42,"column":12},"end":{"line":42,"column":42}},"23":{"start":{"line":43,"column":12},"end":{"line":43,"column":19}},"24":{"start":{"line":46,"column":4},"end":{"line":55,"column":7}},"25":{"start":{"line":47,"column":8},"end":{"line":54,"column":11}},"26":{"start":{"line":50,"column":38},"end":{"line":50,"column":46}},"27":{"start":{"line":51,"column":12},"end":{"line":51,"column":48}},"28":{"start":{"line":52,"column":12},"end":{"line":52,"column":42}},"29":{"start":{"line":53,"column":12},"end":{"line":53,"column":19}}},"fnMap":{"0":{"name":"(anonymous_0)","decl":{"start":{"line":8,"column":7},"end":{"line":8,"column":8}},"loc":{"start":{"line":8,"column":19},"end":{"line":10,"column":1}},"line":8},"1":{"name":"(anonymous_1)","decl":{"start":{"line":22,"column":7},"end":{"line":22,"column":8}},"loc":{"start":{"line":22,"column":19},"end":{"line":24,"column":1}},"line":22},"2":{"name":"(anonymous_2)","decl":{"start":{"line":25,"column":25},"end":{"line":25,"column":26}},"loc":{"start":{"line":25,"column":31},"end":{"line":56,"column":1}},"line":25},"3":{"name":"(anonymous_3)","decl":{"start":{"line":26,"column":27},"end":{"line":26,"column":28}},"loc":{"start":{"line":26,"column":37},"end":{"line":35,"column":5}},"line":26},"4":{"name":"(anonymous_4)","decl":{"start":{"line":29,"column":18},"end":{"line":29,"column":19}},"loc":{"start":{"line":29,"column":27},"end":{"line":34,"column":9}},"line":29},"5":{"name":"(anonymous_5)","decl":{"start":{"line":36,"column":35},"end":{"line":36,"column":36}},"loc":{"start":{"line":36,"column":45},"end":{"line":45,"column":5}},"line":36},"6":{"name":"(anonymous_6)","decl":{"start":{"line":39,"column":18},"end":{"line":39,"column":19}},"loc":{"start":{"line":39,"column":27},"end":{"line":44,"column":9}},"line":39},"7":{"name":"(anonymous_7)","decl":{"start":{"line":46,"column":33},"end":{"line":46,"column":34}},"loc":{"start":{"line":46,"column":43},"end":{"line":55,"column":5}},"line":46},"8":{"name":"(anonymous_8)","decl":{"start":{"line":49,"column":18},"end":{"line":49,"column":19}},"loc":{"start":{"line":49,"column":27},"end":{"line":54,"column":9}},"line":49}},"branchMap":{},"s":{"0":1,"1":1,"2":1,"3":1,"4":1,"5":1,"6":1,"7":1,"8":1,"9":1,"10":1,"11":1,"12":1,"13":1,"14":1,"15":1,"16":1,"17":1,"18":1,"19":1,"20":1,"21":1,"22":1,"23":1,"24":1,"25":1,"26":1,"27":1,"28":1,"29":1},"f":{"0":1,"1":1,"2":1,"3":1,"4":1,"5":1,"6":1,"7":1,"8":1},"b":{},"inputSourceMap":{"version":3,"file":"C:\\Users\\harry\\OneDrive\\University\\Year 3\\Project\\Skillify\\Back-End\\src\\test\\routes\\achievement-routes.js","sources":["C:\\Users\\harry\\OneDrive\\University\\Year 3\\Project\\Skillify\\Back-End\\src\\test\\routes\\achievement-routes.js"],"names":[],"mappings":"AAAA,MAAM,MAAM,GAAG,OAAO,CAAC,MAAM,CAAC,CAAC,MAAM,CAAC;AACtC,MAAM,OAAO,GAAG,OAAO,CAAC,WAAW,CAAC,CAAC;AACrC,MAAM,GAAG,GAAG,OAAO,CAAC,cAAc,CAAC,CAAC;AAEpC,MAAM,qBAAqB,GAAG,OAAO,CAAC,0CAA0C,CAAC,CAAC;AAClF,MAAM,cAAc,GAAG,OAAO,CAAC,mCAAmC,CAAC,CAAC;AAEpE,MAAM,OAAO,GAAG,cAAc,CAAA;AAC9B,IAAI,WAAW,CAAC;AAEhB,MAAM,CAAC,KAAK,IAAI,EAAE;IAChB,WAAW,GAAG,cAAc,CAAC,kBAAkB,CAAC,WAAW,EAAE,WAAW,CAAC,CAAC;AAC5E,CAAC,CAAC,CAAC;AAEH,MAAM,gBAAgB,GAAG;IACrB,IAAI,EAAE,cAAc;IACpB,IAAI,EAAE,YAAY;IAClB,WAAW,EAAE,mBAAmB;IAChC,WAAW,EAAE;QACT,IAAI,EAAE,kBAAkB;QACxB,IAAI,EAAE,kBAAkB;QACxB,KAAK,EAAE,mBAAmB;KAC7B;IACD,KAAK,EAAE,aAAa;CACvB,CAAC;AAEF,MAAM,CAAC,KAAK,IAAI,EAAE;IAChB,MAAM,qBAAqB,CAAC,mBAAmB,CAAC,CAAC,gBAAgB,CAAC,CAAC,CAAC;AACtE,CAAC,CAAC,CAAC;AAEH,QAAQ,CAAC,cAAc,EAAE,GAAG,EAAE;IAC1B,EAAE,CAAC,kBAAkB,EAAE,CAAC,IAAI,EAAE,EAAE;QAC5B,OAAO,CAAC,GAAG,CAAC,CAAC,GAAG,CAAC,OAAO,CAAC;aACxB,IAAI,CAAC,EAAE,CAAC;aACR,IAAI,CAAC,CAAC,GAAG,EAAE,EAAE;YACV,MAAM,WAAW,GAAG,GAAG,CAAC,IAAI,CAAC,CAAC,CAAC,CAAC;YAChC,MAAM,CAAC,WAAW,CAAC,IAAI,CAAC,CAAC,KAAK,CAAC,gBAAgB,CAAC,IAAI,CAAC,CAAA;YACrD,MAAM,CAAC,GAAG,CAAC,MAAM,CAAC,CAAC,KAAK,CAAC,GAAG,CAAC,CAAC;YAC9B,IAAI,EAAE,CAAC;QACX,CAAC,CAAC,CAAA;IACN,CAAC,CAAC,CAAA;IAEF,EAAE,CAAC,0BAA0B,EAAE,CAAC,IAAI,EAAE,EAAE;QACpC,OAAO,CAAC,GAAG,CAAC,CAAC,IAAI,CAAC,GAAG,OAAO,UAAU,CAAC;aACtC,IAAI,CAAC,EAAC,gBAAgB,EAAE,CAAC,gBAAgB,CAAC,IAAI,CAAC,EAAC,CAAC;aACjD,IAAI,CAAC,CAAC,GAAG,EAAE,EAAE;YACV,MAAM,WAAW,GAAG,GAAG,CAAC,IAAI,CAAC,CAAC,CAAC,CAAC;YAChC,MAAM,CAAC,WAAW,CAAC,IAAI,CAAC,CAAC,KAAK,CAAC,gBAAgB,CAAC,IAAI,CAAC,CAAA;YACrD,MAAM,CAAC,GAAG,CAAC,MAAM,CAAC,CAAC,KAAK,CAAC,GAAG,CAAC,CAAC;YAC9B,IAAI,EAAE,CAAC;QACX,CAAC,CAAC,CAAA;IACN,CAAC,CAAC,CAAA;IAEF,EAAE,CAAC,wBAAwB,EAAE,CAAC,IAAI,EAAE,EAAE;QAClC,OAAO,CAAC,GAAG,CAAC,CAAC,GAAG,CAAC,GAAG,OAAO,SAAS,WAAW,EAAE,CAAC;aACjD,IAAI,CAAC,EAAE,CAAC;aACR,IAAI,CAAC,CAAC,GAAG,EAAE,EAAE;YACV,MAAM,iBAAiB,GAAG,GAAG,CAAC,IAAI,CAAC;YACnC,MAAM,CAAC,iBAAiB,CAAC,CAAC,MAAM,CAAC,CAAC,CAAC,CAAA;YACnC,MAAM,CAAC,GAAG,CAAC,MAAM,CAAC,CAAC,KAAK,CAAC,GAAG,CAAC,CAAC;YAC9B,IAAI,EAAE,CAAC;QACX,CAAC,CAAC,CAAA;IACN,CAAC,CAAC,CAAA;AACN,CAAC,CAAC,CAAA","sourcesContent":["const expect = require('chai').expect;\r\nconst request = require('supertest');\r\nconst app = require('../../app.ts');\r\n\r\nconst achievementController = require('../../controllers/achievement-controller');\r\nconst userController = require('../../controllers/user-controller');\r\n\r\nconst baseUrl = '/achievement'\r\nlet dummyUserId;\r\n\r\nbefore(async () => {\r\n  dummyUserId = userController.saveUserToDatabase('graphTest', 'graphTest');\r\n});\r\n\r\nconst dummyAchievement = {\r\n    type: 'Dummy Reward',\r\n    name: 'Dummy Name',\r\n    description: 'Dummy Description',\r\n    rewardBadge: {\r\n        type: 'Dummy Badge Type',\r\n        name: 'Dummy Badge Name',\r\n        color: 'Dummy Badge Color',\r\n    },\r\n    image: 'Dummy Image'\r\n};\r\n\r\nbefore(async () => {\r\n  await achievementController.addManyAchievements([dummyAchievement]);\r\n});\r\n\r\ndescribe('Achievements', () => {\r\n    it('Get Achievements', (done) => {\r\n        request(app).get(baseUrl)\r\n        .send({})\r\n        .then((res) => {\r\n            const achievement = res.body[0];\r\n            expect(achievement.type).equal(dummyAchievement.type)\r\n            expect(res.status).equal(200);\r\n            done();\r\n        })\r\n    })\r\n\r\n    it('Get Achievements By Name', (done) => {\r\n        request(app).post(`${baseUrl}/objects`)\r\n        .send({achievementNames: [dummyAchievement.name]})\r\n        .then((res) => {\r\n            const achievement = res.body[0];\r\n            expect(achievement.type).equal(dummyAchievement.type)\r\n            expect(res.status).equal(200);\r\n            done();\r\n        })\r\n    })\r\n\r\n    it('Poll User Achievements', (done) => {\r\n        request(app).get(`${baseUrl}/poll/${dummyUserId}`)\r\n        .send({})\r\n        .then((res) => {\r\n            const achievementsAdded = res.body;\r\n            expect(achievementsAdded).length(0)\r\n            expect(res.status).equal(200);\r\n            done();\r\n        })\r\n    })\r\n})"]},"_coverageSchema":"1a1c01bbd47fc00a2c39e90264f33305004495a9","hash":"b136b4b6385b83c2ddab67babbedd4366d93e1dd","contentHash":"786c3868453e31098c94639edc5f26ba256307c8d69d9ec2d794ef8f6b33372b"},"C:\\Users\\harry\\OneDrive\\University\\Year 3\\Project\\Skillify\\Back-End\\src\\app.ts":{"path":"C:\\Users\\harry\\OneDrive\\University\\Year 3\\Project\\Skillify\\Back-End\\src\\app.ts","statementMap":{"0":{"start":{"line":2,"column":0},"end":{"line":2,"column":62}},"1":{"start":{"line":3,"column":16},"end":{"line":3,"column":34}},"2":{"start":{"line":4,"column":13},"end":{"line":4,"column":28}},"3":{"start":{"line":5,"column":17},"end":{"line":5,"column":34}},"4":{"start":{"line":6,"column":23},"end":{"line":6,"column":55}},"5":{"start":{"line":7,"column":22},"end":{"line":7,"column":53}},"6":{"start":{"line":8,"column":25},"end":{"line":8,"column":59}},"7":{"start":{"line":9,"column":21},"end":{"line":9,"column":51}},"8":{"start":{"line":10,"column":29},"end":{"line":10,"column":67}},"9":{"start":{"line":11,"column":27},"end":{"line":11,"column":63}},"10":{"start":{"line":12,"column":0},"end":{"line":12,"column":18}},"11":{"start":{"line":13,"column":12},"end":{"line":13,"column":21}},"12":{"start":{"line":14,"column":0},"end":{"line":14,"column":16}},"13":{"start":{"line":15,"column":0},"end":{"line":15,"column":24}},"14":{"start":{"line":16,"column":0},"end":{"line":16,"column":42}},"15":{"start":{"line":17,"column":0},"end":{"line":17,"column":40}},"16":{"start":{"line":18,"column":0},"end":{"line":18,"column":46}},"17":{"start":{"line":19,"column":0},"end":{"line":19,"column":38}},"18":{"start":{"line":20,"column":0},"end":{"line":20,"column":50}},"19":{"start":{"line":21,"column":0},"end":{"line":21,"column":54}},"20":{"start":{"line":22,"column":0},"end":{"line":22,"column":21}}},"fnMap":{},"branchMap":{},"s":{"0":1,"1":1,"2":1,"3":1,"4":1,"5":1,"6":1,"7":1,"8":1,"9":1,"10":1,"11":1,"12":1,"13":1,"14":1,"15":1,"16":1,"17":1,"18":1,"19":1,"20":1},"f":{},"b":{},"inputSourceMap":{"version":3,"file":"C:\\Users\\harry\\OneDrive\\University\\Year 3\\Project\\Skillify\\Back-End\\src\\app.ts","sources":["C:\\Users\\harry\\OneDrive\\University\\Year 3\\Project\\Skillify\\Back-End\\src\\app.ts"],"names":[],"mappings":";;AAAA,mCAAmC;AACnC,6BAA6B;AAC7B,mCAAgC;AAChC,wDAAgD;AAChD,sDAA8C;AAC9C,4DAAoD;AACpD,oDAA4C;AAC5C,oEAA4D;AAC5D,gEAAwD;AAExD,eAAM,EAAE,CAAC;AACT,MAAM,GAAG,GAAG,OAAO,EAAE,CAAC;AAEtB,GAAG,CAAC,GAAG,CAAC,IAAI,EAAE,CAAC,CAAC;AAChB,GAAG,CAAC,GAAG,CAAC,OAAO,CAAC,IAAI,EAAE,CAAC,CAAA;AACvB,GAAG,CAAC,GAAG,CAAC,QAAQ,EAAE,sBAAW,CAAC,CAAC;AAC/B,GAAG,CAAC,GAAG,CAAC,OAAO,EAAE,qBAAU,CAAC,CAAC;AAC7B,GAAG,CAAC,GAAG,CAAC,UAAU,EAAE,wBAAa,CAAC,CAAC;AACnC,GAAG,CAAC,GAAG,CAAC,MAAM,EAAE,oBAAS,CAAC,CAAA;AAC1B,GAAG,CAAC,GAAG,CAAC,YAAY,EAAE,0BAAe,CAAC,CAAA;AACtC,GAAG,CAAC,GAAG,CAAC,cAAc,EAAE,4BAAiB,CAAC,CAAA;AAG1C,MAAM,CAAC,OAAO,GAAG,GAAG,CAAC","sourcesContent":["import * as express from 'express';\r\nimport * as cors from 'cors';\r\nimport { config } from 'dotenv';\r\nimport graphRoutes from './routes/graph-routes';\r\nimport userRoutes from './routes/user-routes';\r\nimport contentRoutes from './routes/content-routes';\r\nimport tagRoutes from './routes/tag-routes';\r\nimport achievementRoutes from './routes/achievement-routes';\r\nimport objectiveRoutes from './routes/objective-routes';\r\n\r\nconfig();\r\nconst app = express();\r\n\r\napp.use(cors());\r\napp.use(express.json())\r\napp.use('/graph', graphRoutes);\r\napp.use('/user', userRoutes);\r\napp.use('/content', contentRoutes);\r\napp.use('/tag', tagRoutes)\r\napp.use('/objective', objectiveRoutes)\r\napp.use('/achievement', achievementRoutes)\r\n\r\n\r\nmodule.exports = app;"]},"_coverageSchema":"1a1c01bbd47fc00a2c39e90264f33305004495a9","hash":"9a46cbb741ea04f1caae08a6fcef6a1bdf77f3b7","contentHash":"074563532422ed90abc9100df5c39bcde52a6fe8e8e3ba5bb733135b8bea3c24"},"C:\\Users\\harry\\OneDrive\\University\\Year 3\\Project\\Skillify\\Back-End\\src\\routes\\graph-routes.ts":{"path":"C:\\Users\\harry\\OneDrive\\University\\Year 3\\Project\\Skillify\\Back-End\\src\\routes\\graph-routes.ts","statementMap":{"0":{"start":{"line":2,"column":0},"end":{"line":2,"column":62}},"1":{"start":{"line":3,"column":18},"end":{"line":3,"column":36}},"2":{"start":{"line":4,"column":27},"end":{"line":4,"column":69}},"3":{"start":{"line":5,"column":28},"end":{"line":5,"column":56}},"4":{"start":{"line":6,"column":25},"end":{"line":6,"column":59}},"5":{"start":{"line":7,"column":26},"end":{"line":7,"column":67}},"6":{"start":{"line":8,"column":15},"end":{"line":8,"column":33}},"7":{"start":{"line":9,"column":0},"end":{"line":22,"column":3}},"8":{"start":{"line":10,"column":52},"end":{"line":10,"column":61}},"9":{"start":{"line":11,"column":4},"end":{"line":13,"column":5}},"10":{"start":{"line":12,"column":8},"end":{"line":12,"column":23}},"11":{"start":{"line":14,"column":19},"end":{"line":14,"column":122}},"12":{"start":{"line":15,"column":24},"end":{"line":15,"column":84}},"13":{"start":{"line":17,"column":23},"end":{"line":20,"column":6}},"14":{"start":{"line":18,"column":93},"end":{"line":18,"column":98}},"15":{"start":{"line":19,"column":8},"end":{"line":19,"column":92}},"16":{"start":{"line":21,"column":4},"end":{"line":21,"column":42}},"17":{"start":{"line":23,"column":0},"end":{"line":31,"column":3}},"18":{"start":{"line":24,"column":25},"end":{"line":24,"column":33}},"19":{"start":{"line":25,"column":19},"end":{"line":25,"column":75}},"20":{"start":{"line":26,"column":23},"end":{"line":29,"column":6}},"21":{"start":{"line":27,"column":68},"end":{"line":27,"column":73}},"22":{"start":{"line":28,"column":8},"end":{"line":28,"column":67}},"23":{"start":{"line":30,"column":4},"end":{"line":30,"column":29}},"24":{"start":{"line":32,"column":0},"end":{"line":42,"column":3}},"25":{"start":{"line":33,"column":19},"end":{"line":33,"column":60}},"26":{"start":{"line":34,"column":4},"end":{"line":36,"column":5}},"27":{"start":{"line":35,"column":8},"end":{"line":35,"column":64}},"28":{"start":{"line":37,"column":48},"end":{"line":37,"column":56}},"29":{"start":{"line":38,"column":20},"end":{"line":38,"column":86}},"30":{"start":{"line":39,"column":4},"end":{"line":39,"column":67}},"31":{"start":{"line":40,"column":4},"end":{"line":40,"column":20}},"32":{"start":{"line":41,"column":4},"end":{"line":41,"column":26}},"33":{"start":{"line":44,"column":0},"end":{"line":55,"column":3}},"34":{"start":{"line":45,"column":32},"end":{"line":45,"column":40}},"35":{"start":{"line":46,"column":21},"end":{"line":46,"column":84}},"36":{"start":{"line":47,"column":4},"end":{"line":54,"column":5}},"37":{"start":{"line":48,"column":8},"end":{"line":48,"column":24}},"38":{"start":{"line":49,"column":8},"end":{"line":49,"column":32}},"39":{"start":{"line":52,"column":8},"end":{"line":52,"column":24}},"40":{"start":{"line":53,"column":8},"end":{"line":53,"column":33}},"41":{"start":{"line":56,"column":0},"end":{"line":67,"column":3}},"42":{"start":{"line":57,"column":32},"end":{"line":57,"column":40}},"43":{"start":{"line":58,"column":21},"end":{"line":58,"column":89}},"44":{"start":{"line":59,"column":4},"end":{"line":66,"column":5}},"45":{"start":{"line":60,"column":8},"end":{"line":60,"column":24}},"46":{"start":{"line":61,"column":8},"end":{"line":61,"column":32}},"47":{"start":{"line":64,"column":8},"end":{"line":64,"column":24}},"48":{"start":{"line":65,"column":8},"end":{"line":65,"column":33}},"49":{"start":{"line":68,"column":0},"end":{"line":79,"column":3}},"50":{"start":{"line":69,"column":40},"end":{"line":69,"column":48}},"51":{"start":{"line":70,"column":21},"end":{"line":70,"column":91}},"52":{"start":{"line":71,"column":4},"end":{"line":78,"column":5}},"53":{"start":{"line":72,"column":8},"end":{"line":72,"column":24}},"54":{"start":{"line":73,"column":8},"end":{"line":73,"column":32}},"55":{"start":{"line":76,"column":8},"end":{"line":76,"column":24}},"56":{"start":{"line":77,"column":8},"end":{"line":77,"column":33}},"57":{"start":{"line":80,"column":0},"end":{"line":91,"column":3}},"58":{"start":{"line":81,"column":40},"end":{"line":81,"column":48}},"59":{"start":{"line":82,"column":21},"end":{"line":82,"column":96}},"60":{"start":{"line":83,"column":4},"end":{"line":90,"column":5}},"61":{"start":{"line":84,"column":8},"end":{"line":84,"column":24}},"62":{"start":{"line":85,"column":8},"end":{"line":85,"column":32}},"63":{"start":{"line":88,"column":8},"end":{"line":88,"column":24}},"64":{"start":{"line":89,"column":8},"end":{"line":89,"column":33}},"65":{"start":{"line":92,"column":0},"end":{"line":104,"column":3}},"66":{"start":{"line":93,"column":18},"end":{"line":93,"column":78}},"67":{"start":{"line":94,"column":66},"end":{"line":94,"column":71}},"68":{"start":{"line":95,"column":25},"end":{"line":101,"column":5}},"69":{"start":{"line":102,"column":4},"end":{"line":102,"column":38}},"70":{"start":{"line":103,"column":4},"end":{"line":103,"column":20}},"71":{"start":{"line":105,"column":0},"end":{"line":115,"column":3}},"72":{"start":{"line":106,"column":4},"end":{"line":108,"column":5}},"73":{"start":{"line":107,"column":8},"end":{"line":107,"column":28}},"74":{"start":{"line":109,"column":4},"end":{"line":111,"column":5}},"75":{"start":{"line":110,"column":8},"end":{"line":110,"column":28}},"76":{"start":{"line":112,"column":21},"end":{"line":112,"column":92}},"77":{"start":{"line":113,"column":4},"end":{"line":113,"column":32}},"78":{"start":{"line":114,"column":4},"end":{"line":114,"column":20}},"79":{"start":{"line":116,"column":0},"end":{"line":121,"column":3}},"80":{"start":{"line":117,"column":27},"end":{"line":117,"column":35}},"81":{"start":{"line":118,"column":21},"end":{"line":118,"column":104}},"82":{"start":{"line":119,"column":4},"end":{"line":119,"column":32}},"83":{"start":{"line":120,"column":4},"end":{"line":120,"column":20}},"84":{"start":{"line":122,"column":0},"end":{"line":126,"column":3}},"85":{"start":{"line":123,"column":21},"end":{"line":123,"column":81}},"86":{"start":{"line":124,"column":4},"end":{"line":124,"column":50}},"87":{"start":{"line":125,"column":4},"end":{"line":125,"column":20}},"88":{"start":{"line":127,"column":0},"end":{"line":131,"column":3}},"89":{"start":{"line":128,"column":21},"end":{"line":128,"column":98}},"90":{"start":{"line":129,"column":4},"end":{"line":129,"column":32}},"91":{"start":{"line":130,"column":4},"end":{"line":130,"column":20}},"92":{"start":{"line":132,"column":0},"end":{"line":142,"column":3}},"93":{"start":{"line":133,"column":28},"end":{"line":133,"column":38}},"94":{"start":{"line":134,"column":24},"end":{"line":134,"column":32}},"95":{"start":{"line":135,"column":4},"end":{"line":141,"column":7}},"96":{"start":{"line":136,"column":8},"end":{"line":136,"column":36}},"97":{"start":{"line":137,"column":8},"end":{"line":137,"column":24}},"98":{"start":{"line":139,"column":8},"end":{"line":140,"column":28}},"99":{"start":{"line":143,"column":0},"end":{"line":143,"column":25}}},"fnMap":{"0":{"name":"(anonymous_0)","decl":{"start":{"line":9,"column":21},"end":{"line":9,"column":22}},"loc":{"start":{"line":9,"column":41},"end":{"line":22,"column":1}},"line":9},"1":{"name":"(anonymous_1)","decl":{"start":{"line":17,"column":34},"end":{"line":17,"column":35}},"loc":{"start":{"line":17,"column":45},"end":{"line":20,"column":5}},"line":17},"2":{"name":"(anonymous_2)","decl":{"start":{"line":23,"column":22},"end":{"line":23,"column":23}},"loc":{"start":{"line":23,"column":42},"end":{"line":31,"column":1}},"line":23},"3":{"name":"(anonymous_3)","decl":{"start":{"line":26,"column":34},"end":{"line":26,"column":35}},"loc":{"start":{"line":26,"column":45},"end":{"line":29,"column":5}},"line":26},"4":{"name":"(anonymous_4)","decl":{"start":{"line":32,"column":199},"end":{"line":32,"column":200}},"loc":{"start":{"line":32,"column":219},"end":{"line":42,"column":1}},"line":32},"5":{"name":"(anonymous_5)","decl":{"start":{"line":44,"column":61},"end":{"line":44,"column":62}},"loc":{"start":{"line":44,"column":81},"end":{"line":55,"column":1}},"line":44},"6":{"name":"(anonymous_6)","decl":{"start":{"line":56,"column":68},"end":{"line":56,"column":69}},"loc":{"start":{"line":56,"column":88},"end":{"line":67,"column":1}},"line":56},"7":{"name":"(anonymous_7)","decl":{"start":{"line":68,"column":66},"end":{"line":68,"column":67}},"loc":{"start":{"line":68,"column":86},"end":{"line":79,"column":1}},"line":68},"8":{"name":"(anonymous_8)","decl":{"start":{"line":80,"column":73},"end":{"line":80,"column":74}},"loc":{"start":{"line":80,"column":93},"end":{"line":91,"column":1}},"line":80},"9":{"name":"(anonymous_9)","decl":{"start":{"line":92,"column":71},"end":{"line":92,"column":72}},"loc":{"start":{"line":92,"column":91},"end":{"line":104,"column":1}},"line":92},"10":{"name":"(anonymous_10)","decl":{"start":{"line":105,"column":108},"end":{"line":105,"column":109}},"loc":{"start":{"line":105,"column":128},"end":{"line":115,"column":1}},"line":105},"11":{"name":"(anonymous_11)","decl":{"start":{"line":116,"column":114},"end":{"line":116,"column":115}},"loc":{"start":{"line":116,"column":134},"end":{"line":121,"column":1}},"line":116},"12":{"name":"(anonymous_12)","decl":{"start":{"line":122,"column":113},"end":{"line":122,"column":114}},"loc":{"start":{"line":122,"column":133},"end":{"line":126,"column":1}},"line":122},"13":{"name":"(anonymous_13)","decl":{"start":{"line":127,"column":114},"end":{"line":127,"column":115}},"loc":{"start":{"line":127,"column":134},"end":{"line":131,"column":1}},"line":127},"14":{"name":"(anonymous_14)","decl":{"start":{"line":132,"column":116},"end":{"line":132,"column":117}},"loc":{"start":{"line":132,"column":136},"end":{"line":142,"column":1}},"line":132},"15":{"name":"(anonymous_15)","decl":{"start":{"line":135,"column":65},"end":{"line":135,"column":66}},"loc":{"start":{"line":135,"column":71},"end":{"line":138,"column":5}},"line":135},"16":{"name":"(anonymous_16)","decl":{"start":{"line":138,"column":13},"end":{"line":138,"column":14}},"loc":{"start":{"line":138,"column":20},"end":{"line":141,"column":5}},"line":138}},"branchMap":{"0":{"loc":{"start":{"line":11,"column":4},"end":{"line":13,"column":5}},"type":"if","locations":[{"start":{"line":11,"column":4},"end":{"line":13,"column":5}},{"start":{"line":11,"column":4},"end":{"line":13,"column":5}}],"line":11},"1":{"loc":{"start":{"line":34,"column":4},"end":{"line":36,"column":5}},"type":"if","locations":[{"start":{"line":34,"column":4},"end":{"line":36,"column":5}},{"start":{"line":34,"column":4},"end":{"line":36,"column":5}}],"line":34},"2":{"loc":{"start":{"line":47,"column":4},"end":{"line":54,"column":5}},"type":"if","locations":[{"start":{"line":47,"column":4},"end":{"line":54,"column":5}},{"start":{"line":47,"column":4},"end":{"line":54,"column":5}}],"line":47},"3":{"loc":{"start":{"line":59,"column":4},"end":{"line":66,"column":5}},"type":"if","locations":[{"start":{"line":59,"column":4},"end":{"line":66,"column":5}},{"start":{"line":59,"column":4},"end":{"line":66,"column":5}}],"line":59},"4":{"loc":{"start":{"line":71,"column":4},"end":{"line":78,"column":5}},"type":"if","locations":[{"start":{"line":71,"column":4},"end":{"line":78,"column":5}},{"start":{"line":71,"column":4},"end":{"line":78,"column":5}}],"line":71},"5":{"loc":{"start":{"line":83,"column":4},"end":{"line":90,"column":5}},"type":"if","locations":[{"start":{"line":83,"column":4},"end":{"line":90,"column":5}},{"start":{"line":83,"column":4},"end":{"line":90,"column":5}}],"line":83},"6":{"loc":{"start":{"line":106,"column":4},"end":{"line":108,"column":5}},"type":"if","locations":[{"start":{"line":106,"column":4},"end":{"line":108,"column":5}},{"start":{"line":106,"column":4},"end":{"line":108,"column":5}}],"line":106},"7":{"loc":{"start":{"line":109,"column":4},"end":{"line":111,"column":5}},"type":"if","locations":[{"start":{"line":109,"column":4},"end":{"line":111,"column":5}},{"start":{"line":109,"column":4},"end":{"line":111,"column":5}}],"line":109}},"s":{"0":1,"1":1,"2":1,"3":1,"4":1,"5":1,"6":1,"7":1,"8":2,"9":2,"10":1,"11":2,"12":2,"13":2,"14":4,"15":4,"16":2,"17":1,"18":1,"19":1,"20":1,"21":1,"22":1,"23":1,"24":1,"25":2,"26":2,"27":1,"28":1,"29":1,"30":1,"31":1,"32":1,"33":1,"34":2,"35":2,"36":2,"37":1,"38":1,"39":1,"40":1,"41":1,"42":1,"43":1,"44":1,"45":1,"46":1,"47":0,"48":0,"49":1,"50":2,"51":2,"52":2,"53":1,"54":1,"55":1,"56":1,"57":1,"58":2,"59":2,"60":2,"61":1,"62":1,"63":1,"64":1,"65":1,"66":1,"67":1,"68":1,"69":1,"70":1,"71":1,"72":2,"73":1,"74":2,"75":1,"76":2,"77":2,"78":2,"79":1,"80":1,"81":1,"82":1,"83":1,"84":1,"85":1,"86":1,"87":1,"88":1,"89":0,"90":0,"91":0,"92":1,"93":1,"94":1,"95":1,"96":1,"97":1,"98":0,"99":1},"f":{"0":2,"1":4,"2":1,"3":1,"4":2,"5":2,"6":1,"7":2,"8":2,"9":1,"10":2,"11":1,"12":1,"13":0,"14":1,"15":1,"16":0},"b":{"0":[1,1],"1":[1,1],"2":[1,1],"3":[1,0],"4":[1,1],"5":[1,1],"6":[1,1],"7":[1,1]},"inputSourceMap":{"version":3,"file":"C:\\Users\\harry\\OneDrive\\University\\Year 3\\Project\\Skillify\\Back-End\\src\\routes\\graph-routes.ts","sources":["C:\\Users\\harry\\OneDrive\\University\\Year 3\\Project\\Skillify\\Back-End\\src\\routes\\graph-routes.ts"],"names":[],"mappings":";;AAAA,qCAAiC;AACjC,sEAAmQ;AACnQ,yDAAkE;AAClE,4DAA4D;AAC5D,oEAAoM;AAEpM,MAAM,MAAM,GAAG,gBAAM,EAAE,CAAC;AAGxB,MAAM,CAAC,GAAG,CAAC,QAAQ,EAAE,KAAK,EAAE,GAAG,EAAE,GAAG,EAAE,EAAE;IACtC,IAAI,EAAC,IAAI,EAAE,IAAI,EAAE,SAAS,EAAE,IAAI,EAAE,QAAQ,EAAC,GAAS,GAAG,CAAC,KAAK,CAAC;IAC9D,IAAI,CAAC,SAAS,EAAE;QACd,SAAS,GAAG,EAAE,CAAC;KAChB;IACD,MAAM,MAAM,GAAG,MAAM,4CAAyB,CAAC,IAAI,EAAE,SAAS,EAAE,QAAQ,CAAC,IAAI,CAAC,EAAE,QAAQ,CAAC,QAAQ,CAAC,CAAC,CAAC;IACpG,MAAM,WAAW,GAAG,MAAM,qCAAkB,CAAC,IAAI,EAAE,SAAS,CAAC,CAAC;IAE9D,gCAAgC;IAChC,MAAM,UAAU,GAAG,MAAM,CAAC,GAAG,CAAC,CAAC,KAAU,EAAE,EAAE;QAC3C,MAAM,EAAE,EAAE,EAAE,IAAI,EAAE,WAAW,EAAE,WAAW,EAAE,KAAK,EAAE,IAAI,EAAE,OAAO,EAAE,OAAO,EAAE,KAAK,EAAE,GAAG,KAAK,CAAA;QAC1F,OAAO,EAAE,EAAE,EAAE,IAAI,EAAE,WAAW,EAAE,WAAW,EAAE,KAAK,EAAE,IAAI,EAAE,OAAO,EAAE,OAAO,EAAE,KAAK,EAAC,CAAA;IACpF,CAAC,CAAC,CAAA;IAEF,GAAG,CAAC,IAAI,CAAC,EAAC,UAAU,EAAE,WAAW,EAAC,CAAC,CAAC;AACtC,CAAC,CAAC,CAAC;AAEH,MAAM,CAAC,IAAI,CAAC,QAAQ,EAAE,KAAK,EAAE,GAAG,EAAE,GAAG,EAAE,EAAE;IACvC,MAAM,EAAE,QAAQ,EAAE,GAAG,GAAG,CAAC,IAAI,CAAC;IAC9B,MAAM,MAAM,GAAQ,MAAM,wCAAqB,CAAC,QAAQ,CAAC,CAAA;IAEzD,MAAM,UAAU,GAAG,MAAM,CAAC,GAAG,CAAC,CAAC,KAAU,EAAE,EAAE;QAC3C,MAAM,EAAE,EAAE,EAAE,IAAI,EAAE,WAAW,EAAE,WAAW,EAAE,KAAK,EAAE,IAAI,EAAE,GAAG,KAAK,CAAA;QACjE,OAAO,EAAE,EAAE,EAAE,IAAI,EAAE,WAAW,EAAE,WAAW,EAAE,KAAK,EAAE,IAAI,EAAE,CAAA;IAC5D,CAAC,CAAC,CAAA;IAEF,GAAG,CAAC,IAAI,CAAC,EAAC,UAAU,EAAC,CAAC,CAAC;AACzB,CAAC,CAAC,CAAC;AAEH,MAAM,CAAC,IAAI,CAAC,SAAS,EAAE,CAAC,wBAAI,CAAC,MAAM,CAAC,CAAC,MAAM,EAAE,EAAE,wBAAI,CAAC,aAAa,CAAC,CAAC,MAAM,EAAE,EAAE,wBAAI,CAAC,QAAQ,CAAC,CAAC,MAAM,EAAE,EAAE,kCAAiB,CAAC,EAAE,KAAK,EAAE,GAAG,EAAE,GAAG,EAAE,EAAE;IAC3I,MAAM,MAAM,GAAG,oCAAgB,CAAC,GAAG,CAAC,CAAC;IACrC,IAAI,CAAC,MAAM,CAAC,OAAO,EAAE,EAAE;QACrB,OAAO,GAAG,CAAC,MAAM,CAAC,GAAG,CAAC,CAAC,IAAI,CAAC,EAAE,MAAM,EAAE,MAAM,CAAC,KAAK,EAAE,EAAE,CAAC,CAAC;KACzD;IACD,MAAM,EAAE,MAAM,EAAE,IAAI,EAAE,WAAW,EAAE,IAAI,EAAE,GAAG,GAAG,CAAC,IAAI,CAAC;IACrD,MAAM,OAAO,GAAG,iCAAc,CAAC,IAAI,EAAE,WAAW,EAAE,MAAM,EAAE,IAAI,CAAC,CAAC;IAChE,MAAM,uCAAqB,CAAC,OAAO,EAAE,MAAM,CAAC,CAAC;IAC7C,GAAG,CAAC,MAAM,CAAC,GAAG,CAAC,CAAA;IACf,GAAG,CAAC,IAAI,CAAC,EAAE,OAAO,EAAE,CAAC,CAAC;AACxB,CAAC,CAAC,CAAC;AAEH,6DAA6D;AAC7D,MAAM,CAAC,IAAI,CAAC,WAAW,EAAE,kCAAiB,EAAE,KAAK,EAAE,GAAG,EAAE,GAAG,EAAE,EAAE;IAC7D,MAAM,EAAE,OAAO,EAAE,MAAM,EAAE,GAAG,GAAG,CAAC,IAAI,CAAC;IACrC,MAAM,QAAQ,GAAG,MAAM,wCAAsB,CAAC,OAAO,EAAE,MAAM,CAAC,CAAC;IAC/D,IAAI,QAAQ,CAAC,SAAS,KAAK,CAAC,EAAE;QAC5B,GAAG,CAAC,MAAM,CAAC,GAAG,CAAC,CAAC;QAChB,GAAG,CAAC,IAAI,CAAC,EAAE,GAAG,EAAE,IAAI,EAAE,CAAC,CAAC;KACzB;SAAM;QACL,GAAG,CAAC,MAAM,CAAC,GAAG,CAAC,CAAC;QAChB,GAAG,CAAC,IAAI,CAAC,EAAE,GAAG,EAAE,KAAK,EAAE,CAAC,CAAC;KAC1B;AACH,CAAC,CAAC,CAAA;AAEF,MAAM,CAAC,IAAI,CAAC,kBAAkB,EAAE,kCAAiB,EAAE,KAAK,EAAE,GAAG,EAAE,GAAG,EAAE,EAAE;IACpE,MAAM,EAAE,OAAO,EAAE,MAAM,EAAE,GAAG,GAAG,CAAC,IAAI,CAAC;IACrC,MAAM,QAAQ,GAAG,MAAM,6CAA2B,CAAC,OAAO,EAAE,MAAM,CAAC,CAAC;IACpE,IAAI,QAAQ,EAAE;QACZ,GAAG,CAAC,MAAM,CAAC,GAAG,CAAC,CAAA;QACf,GAAG,CAAC,IAAI,CAAC,EAAE,GAAG,EAAE,IAAI,EAAE,CAAC,CAAC;KACzB;SAAM;QACL,GAAG,CAAC,MAAM,CAAC,GAAG,CAAC,CAAA;QACf,GAAG,CAAC,IAAI,CAAC,EAAE,GAAG,EAAE,KAAK,EAAE,CAAC,CAAC;KAC1B;AACH,CAAC,CAAC,CAAA;AAEF,MAAM,CAAC,IAAI,CAAC,gBAAgB,EAAE,kCAAiB,EAAE,KAAK,EAAE,GAAG,EAAE,GAAG,EAAE,EAAE;IAClE,MAAM,EAAE,OAAO,EAAE,MAAM,EAAE,MAAM,EAAE,GAAG,GAAG,CAAC,IAAI,CAAC;IAC7C,MAAM,QAAQ,GAAG,MAAM,uCAAqB,CAAC,MAAM,EAAE,OAAO,EAAE,MAAM,CAAC,CAAC;IACtE,IAAI,QAAQ,CAAC,SAAS,KAAK,CAAC,EAAE;QAC5B,GAAG,CAAC,MAAM,CAAC,GAAG,CAAC,CAAA;QACf,GAAG,CAAC,IAAI,CAAC,EAAE,GAAG,EAAE,IAAI,EAAE,CAAC,CAAC;KACzB;SAAM;QACL,GAAG,CAAC,MAAM,CAAC,GAAG,CAAC,CAAA;QACf,GAAG,CAAC,IAAI,CAAC,EAAE,GAAG,EAAE,KAAK,EAAE,CAAC,CAAC;KAC1B;AACH,CAAC,CAAC,CAAA;AAEF,MAAM,CAAC,IAAI,CAAC,uBAAuB,EAAE,kCAAiB,EAAE,KAAK,EAAE,GAAG,EAAE,GAAG,EAAE,EAAE;IACzE,MAAM,EAAE,OAAO,EAAE,MAAM,EAAE,MAAM,EAAE,GAAG,GAAG,CAAC,IAAI,CAAC;IAC7C,MAAM,QAAQ,GAAG,MAAM,4CAA0B,CAAC,MAAM,EAAE,OAAO,EAAE,MAAM,CAAC,CAAC;IAC3E,IAAI,QAAQ,CAAC,SAAS,EAAE;QACtB,GAAG,CAAC,MAAM,CAAC,GAAG,CAAC,CAAA;QACf,GAAG,CAAC,IAAI,CAAC,EAAE,GAAG,EAAE,IAAI,EAAE,CAAC,CAAC;KACzB;SAAM;QACL,GAAG,CAAC,MAAM,CAAC,GAAG,CAAC,CAAA;QACf,GAAG,CAAC,IAAI,CAAC,EAAE,GAAG,EAAE,KAAK,EAAE,CAAC,CAAC;KAC1B;AACH,CAAC,CAAC,CAAA;AAEF,MAAM,CAAC,GAAG,CAAC,MAAM,EAAE,CAAC,yBAAK,CAAC,IAAI,CAAC,CAAC,cAAc,EAAE,CAAC,EAAE,KAAK,EAAE,GAAG,EAAE,GAAG,EAAE,EAAE;IACpE,MAAM,KAAK,GAAQ,MAAM,uCAAoB,CAAC,GAAG,CAAC,MAAM,CAAC,EAAE,CAAC,CAAC;IAC7D,MAAM,EAAC,IAAI,EAAE,WAAW,EAAE,KAAK,EAAE,KAAK,EAAE,OAAO,EAAE,OAAO,EAAE,GAAG,KAAK,CAAC;IACnE,MAAM,YAAY,GAAG;QACnB,IAAI;QACJ,KAAK;QACL,WAAW;QACX,KAAK;QACL,OAAO,EAAE,OAAO;KACjB,CAAA;IACD,GAAG,CAAC,IAAI,CAAC,EAAE,KAAK,EAAE,YAAY,EAAE,CAAC,CAAC;IAClC,GAAG,CAAC,MAAM,CAAC,GAAG,CAAC,CAAA;AACjB,CAAC,CAAC,CAAA;AAEF,MAAM,CAAC,IAAI,CAAC,MAAM,EAAE,CAAC,yBAAK,CAAC,IAAI,CAAC,CAAC,cAAc,EAAE,EAAE,kCAAiB,CAAC,EAAE,KAAK,EAAE,GAAG,EAAE,GAAG,EAAE,EAAE;IACxF,IAAI,CAAC,GAAG,CAAC,IAAI,CAAC,KAAK,EAAE;QACnB,GAAG,CAAC,IAAI,CAAC,KAAK,GAAG,EAAE,CAAC;KACrB;IACD,IAAI,CAAC,GAAG,CAAC,IAAI,CAAC,KAAK,EAAE;QACnB,GAAG,CAAC,IAAI,CAAC,KAAK,GAAG,EAAE,CAAC;KACrB;IACD,MAAM,QAAQ,GAAG,MAAM,wCAAqB,CAAC,GAAG,CAAC,MAAM,CAAC,EAAE,EAAE,GAAG,CAAC,IAAI,CAAC,CAAC;IACtE,GAAG,CAAC,IAAI,CAAC,EAAE,GAAG,EAAE,QAAQ,EAAE,CAAC,CAAC;IAC5B,GAAG,CAAC,MAAM,CAAC,GAAG,CAAC,CAAA;AACjB,CAAC,CAAC,CAAA;AAEF,MAAM,CAAC,IAAI,CAAC,YAAY,EAAE,CAAC,yBAAK,CAAC,IAAI,CAAC,CAAC,cAAc,EAAE,EAAE,kCAAiB,CAAC,EAAE,KAAK,EAAE,GAAG,EAAE,GAAG,EAAE,EAAE;IAC9F,MAAM,EAAE,UAAU,EAAE,GAAG,GAAG,CAAC,IAAI,CAAC;IAChC,MAAM,QAAQ,GAAG,MAAM,kDAA+B,CAAC,GAAG,CAAC,MAAM,CAAC,EAAE,EAAE,UAAU,CAAC,CAAC;IAClF,GAAG,CAAC,IAAI,CAAC,EAAE,GAAG,EAAE,QAAQ,EAAE,CAAC,CAAC;IAC5B,GAAG,CAAC,MAAM,CAAC,GAAG,CAAC,CAAA;AACjB,CAAC,CAAC,CAAA;AAEF,MAAM,CAAC,GAAG,CAAC,YAAY,EAAE,CAAC,yBAAK,CAAC,IAAI,CAAC,CAAC,cAAc,EAAE,EAAE,kCAAiB,CAAC,EAAE,KAAK,EAAE,GAAG,EAAE,GAAG,EAAE,EAAE;IAC7F,MAAM,QAAQ,GAAQ,MAAM,uCAAoB,CAAC,GAAG,CAAC,MAAM,CAAC,EAAE,CAAC,CAAC;IAChE,GAAG,CAAC,IAAI,CAAC,EAAE,UAAU,EAAE,QAAQ,CAAC,UAAU,EAAE,CAAC,CAAC;IAC9C,GAAG,CAAC,MAAM,CAAC,GAAG,CAAC,CAAA;AACjB,CAAC,CAAC,CAAA;AAEF,MAAM,CAAC,IAAI,CAAC,YAAY,EAAE,CAAC,yBAAK,CAAC,IAAI,CAAC,CAAC,cAAc,EAAE,EAAE,kCAAiB,CAAC,EAAE,KAAK,EAAE,GAAG,EAAE,GAAG,EAAE,EAAE;IAC9F,MAAM,QAAQ,GAAG,2CAAwB,CAAC,GAAG,CAAC,MAAM,CAAC,EAAE,EAAE,GAAG,CAAC,IAAI,CAAC,QAAQ,CAAC,CAAC;IAC5E,GAAG,CAAC,IAAI,CAAC,EAAE,GAAG,EAAE,QAAQ,EAAE,CAAC,CAAC;IAC5B,GAAG,CAAC,MAAM,CAAC,GAAG,CAAC,CAAA;AACjB,CAAC,CAAC,CAAA;AAEF,MAAM,CAAC,IAAI,CAAC,cAAc,EAAE,CAAC,yBAAK,CAAC,IAAI,CAAC,CAAC,cAAc,EAAE,EAAE,kCAAiB,CAAC,EAAE,KAAK,EAAE,GAAG,EAAG,GAAG,EAAE,EAAE;IACjG,MAAM,EAAE,EAAE,EAAE,OAAO,EAAE,GAAG,GAAG,CAAC,MAAM,CAAC;IACnC,MAAM,EAAE,OAAO,EAAE,GAAG,GAAG,CAAC,IAAI,CAAC;IAC7B,qCAAkB,CAAC,OAAO,EAAE,OAAO,CAAC,CAAC,IAAI,CAAC,GAAG,EAAE;QAC3C,GAAG,CAAC,IAAI,CAAC,EAAE,OAAO,EAAE,IAAI,EAAE,CAAC,CAAC;QAC5B,GAAG,CAAC,MAAM,CAAC,GAAG,CAAC,CAAA;IACnB,CAAC,CAAC,CAAC,KAAK,CAAC,CAAC,CAAC,EAAE,EAAE;QACX,GAAG,CAAC,IAAI,CAAC,EAAC,KAAK,EAAE,CAAC,EAAC,CAAC;YACpB,GAAG,CAAC,MAAM,CAAC,GAAG,CAAC,CAAA;IACnB,CAAC,CAAC,CAAA;AACJ,CAAC,CAAC,CAAA;AAIF,kBAAe,MAAM,CAAC","sourcesContent":["import { Router } from 'express';\r\nimport { getGraphFromDatabase, createNewGraph, updateGraphInDatabase, getGraphViewsFromDatabase, getGraphViewsCount, createImageFromGraphData, updateGraphStyleSheetInDatabase, getGraphsFromDatabase, updateGraphPrivacy } from '../controllers/graph-controller';\r\nimport { body, param, validationResult } from 'express-validator';\r\nimport { authenticateToken } from '../utils/authentication';\r\nimport { addGraphToUserCreated, addGraphToUserProgress, addNodeToUserProgress, getUserFromDatabase, removeGraphFromUserProgress, removeNodeFromUserProgress } from '../controllers/user-controller';\r\n\r\nconst router = Router();\r\n\r\n\r\nrouter.get('/views', async (req, res) => {\r\n  let {name, tags: tagsQuery, page, pageSize} : any = req.query;\r\n  if (!tagsQuery) {\r\n    tagsQuery = [];\r\n  }\r\n  const graphs = await getGraphViewsFromDatabase(name, tagsQuery, parseInt(page), parseInt(pageSize));\r\n  const graphAmount = await getGraphViewsCount(name, tagsQuery);\r\n\r\n  // Remove the unnecessary fields\r\n  const graphViews = graphs.map((graph: any) => {\r\n    const { id, name, description, createdById, image, tags, private: privacy, score } = graph\r\n    return { id, name, description, createdById, image, tags, private: privacy, score}\r\n  })\r\n  \r\n  res.json({graphViews, graphAmount});\r\n});\r\n\r\nrouter.post('/views', async (req, res) => {\r\n  const { graphIds } = req.body;\r\n  const graphs: any = await getGraphsFromDatabase(graphIds)\r\n\r\n  const graphViews = graphs.map((graph: any) => {\r\n    const { id, name, description, createdById, image, tags } = graph\r\n    return { id, name, description, createdById, image, tags }\r\n  })\r\n\r\n  res.json({graphViews});\r\n});\r\n\r\nrouter.post('/create', [body('name').exists(), body('description').exists(), body('userId').exists(), authenticateToken], async (req, res) => {\r\n  const errors = validationResult(req);\r\n  if (!errors.isEmpty()) {\r\n    return res.status(400).json({ errors: errors.array() });\r\n  }\r\n  const { userId, name, description, tags } = req.body;\r\n  const graphId = createNewGraph(name, description, userId, tags);\r\n  await addGraphToUserCreated(graphId, userId);\r\n  res.status(200)\r\n  res.json({ graphId });\r\n});\r\n\r\n//TODO add validation to prevent same graph being added twice\r\nrouter.post('/progress', authenticateToken, async (req, res) => {\r\n  const { graphId, userId } = req.body;\r\n  const response = await addGraphToUserProgress(graphId, userId);\r\n  if (response.nModified === 1) {\r\n    res.status(200);\r\n    res.json({ res: true });\r\n  } else {\r\n    res.status(400);\r\n    res.json({ res: false });\r\n  }\r\n})\r\n\r\nrouter.post('/progress/remove', authenticateToken, async (req, res) => {\r\n  const { graphId, userId } = req.body;\r\n  const response = await removeGraphFromUserProgress(graphId, userId);\r\n  if (response) {\r\n    res.status(200)\r\n    res.json({ res: true });\r\n  } else {\r\n    res.status(400)\r\n    res.json({ res: false });\r\n  }\r\n})\r\n\r\nrouter.post('/progress/node', authenticateToken, async (req, res) => {\r\n  const { graphId, userId, nodeId } = req.body;\r\n  const response = await addNodeToUserProgress(userId, graphId, nodeId);\r\n  if (response.nModified === 1) {\r\n    res.status(200)\r\n    res.json({ res: true });\r\n  } else {\r\n    res.status(400)\r\n    res.json({ res: false });\r\n  }\r\n})\r\n\r\nrouter.post('/progress/node/remove', authenticateToken, async (req, res) => {\r\n  const { graphId, userId, nodeId } = req.body;\r\n  const response = await removeNodeFromUserProgress(userId, graphId, nodeId);\r\n  if (response.nModified) {\r\n    res.status(200)\r\n    res.json({ res: true });\r\n  } else {\r\n    res.status(400)\r\n    res.json({ res: false });\r\n  }\r\n})\r\n\r\nrouter.get('/:id', [param('id').isAlphanumeric()], async (req, res) => {\r\n  const graph: any = await getGraphFromDatabase(req.params.id);\r\n  const {name, description, nodes, edges, private: privacy } = graph;\r\n  const dataToReturn = {\r\n    name,\r\n    nodes,\r\n    description,\r\n    edges,\r\n    private: privacy,\r\n  }\r\n  res.json({ graph: dataToReturn });\r\n  res.status(200)\r\n})\r\n\r\nrouter.post('/:id', [param('id').isAlphanumeric(), authenticateToken], async (req, res) => {\r\n  if (!req.body.nodes) {\r\n    req.body.nodes = [];\r\n  }\r\n  if (!req.body.edges) {\r\n    req.body.edges = [];\r\n  }\r\n  const response = await updateGraphInDatabase(req.params.id, req.body);\r\n  res.json({ res: response });\r\n  res.status(200)\r\n})\r\n\r\nrouter.post('/:id/style', [param('id').isAlphanumeric(), authenticateToken], async (req, res) => {\r\n  const { styleSheet } = req.body;\r\n  const response = await updateGraphStyleSheetInDatabase(req.params.id, styleSheet);\r\n  res.json({ res: response });\r\n  res.status(200)\r\n})\r\n\r\nrouter.get('/:id/style', [param('id').isAlphanumeric(), authenticateToken], async (req, res) => {\r\n  const response: any = await getGraphFromDatabase(req.params.id);\r\n  res.json({ styleSheet: response.styleSheet });\r\n  res.status(200)\r\n})\r\n\r\nrouter.post('/:id/image', [param('id').isAlphanumeric(), authenticateToken], async (req, res) => {\r\n  const response = createImageFromGraphData(req.params.id, req.body.elements);\r\n  res.json({ res: response });\r\n  res.status(200)\r\n})\r\n\r\nrouter.post('/:id/privacy', [param('id').isAlphanumeric(), authenticateToken], async (req , res) => {\r\n  const { id: graphId } = req.params;\r\n  const { privacy } = req.body;\r\n  updateGraphPrivacy(graphId, privacy).then(() => {\r\n      res.json({ success: true });\r\n      res.status(200)\r\n  }).catch((e) => {\r\n      res.json({error: e}),\r\n      res.status(400)\r\n  })\r\n})\r\n\r\n\r\n\r\nexport default router;"]},"_coverageSchema":"1a1c01bbd47fc00a2c39e90264f33305004495a9","hash":"f867fbfcf7ac54a0f7efc4c3cae33631133fe1d3","contentHash":"28ead00dca493716711d68defd9e426f3f0e5b1258a6c562b3a2a2a2240a6539"},"C:\\Users\\harry\\OneDrive\\University\\Year 3\\Project\\Skillify\\Back-End\\src\\controllers\\graph-controller.ts":{"path":"C:\\Users\\harry\\OneDrive\\University\\Year 3\\Project\\Skillify\\Back-End\\src\\controllers\\graph-controller.ts","statementMap":{"0":{"start":{"line":2,"column":0},"end":{"line":2,"column":62}},"1":{"start":{"line":3,"column":0},"end":{"line":3,"column":359}},"2":{"start":{"line":4,"column":23},"end":{"line":4,"column":57}},"3":{"start":{"line":5,"column":19},"end":{"line":5,"column":38}},"4":{"start":{"line":6,"column":18},"end":{"line":6,"column":36}},"5":{"start":{"line":7,"column":17},"end":{"line":7,"column":36}},"6":{"start":{"line":8,"column":14},"end":{"line":8,"column":40}},"7":{"start":{"line":9,"column":18},"end":{"line":9,"column":38}},"8":{"start":{"line":10,"column":19},"end":{"line":10,"column":72}},"9":{"start":{"line":11,"column":0},"end":{"line":15,"column":2}},"10":{"start":{"line":12,"column":26},"end":{"line":12,"column":82}},"11":{"start":{"line":13,"column":4},"end":{"line":13,"column":25}},"12":{"start":{"line":14,"column":4},"end":{"line":14,"column":40}},"13":{"start":{"line":16,"column":0},"end":{"line":18,"column":2}},"14":{"start":{"line":17,"column":4},"end":{"line":17,"column":48}},"15":{"start":{"line":19,"column":0},"end":{"line":21,"column":2}},"16":{"start":{"line":20,"column":4},"end":{"line":20,"column":56}},"17":{"start":{"line":22,"column":0},"end":{"line":29,"column":2}},"18":{"start":{"line":23,"column":4},"end":{"line":28,"column":5}},"19":{"start":{"line":24,"column":8},"end":{"line":24,"column":135}},"20":{"start":{"line":27,"column":8},"end":{"line":27,"column":109}},"21":{"start":{"line":30,"column":0},"end":{"line":37,"column":2}},"22":{"start":{"line":31,"column":4},"end":{"line":36,"column":5}},"23":{"start":{"line":32,"column":8},"end":{"line":32,"column":99}},"24":{"start":{"line":35,"column":8},"end":{"line":35,"column":73}},"25":{"start":{"line":38,"column":0},"end":{"line":40,"column":2}},"26":{"start":{"line":39,"column":4},"end":{"line":39,"column":155}},"27":{"start":{"line":41,"column":0},"end":{"line":43,"column":2}},"28":{"start":{"line":42,"column":4},"end":{"line":42,"column":91}},"29":{"start":{"line":44,"column":0},"end":{"line":63,"column":2}},"30":{"start":{"line":45,"column":4},"end":{"line":45,"column":25}},"31":{"start":{"line":46,"column":4},"end":{"line":46,"column":38}},"32":{"start":{"line":47,"column":15},"end":{"line":47,"column":25}},"33":{"start":{"line":48,"column":4},"end":{"line":62,"column":7}},"34":{"start":{"line":49,"column":8},"end":{"line":59,"column":11}},"35":{"start":{"line":61,"column":8},"end":{"line":61,"column":89}},"36":{"start":{"line":64,"column":0},"end":{"line":66,"column":2}},"37":{"start":{"line":65,"column":4},"end":{"line":65,"column":108}},"38":{"start":{"line":67,"column":0},"end":{"line":69,"column":2}},"39":{"start":{"line":68,"column":4},"end":{"line":68,"column":107}},"40":{"start":{"line":70,"column":0},"end":{"line":72,"column":2}},"41":{"start":{"line":71,"column":4},"end":{"line":71,"column":107}}},"fnMap":{"0":{"name":"(anonymous_0)","decl":{"start":{"line":11,"column":25},"end":{"line":11,"column":26}},"loc":{"start":{"line":11,"column":67},"end":{"line":15,"column":1}},"line":11},"1":{"name":"(anonymous_1)","decl":{"start":{"line":16,"column":31},"end":{"line":16,"column":32}},"loc":{"start":{"line":16,"column":45},"end":{"line":18,"column":1}},"line":16},"2":{"name":"(anonymous_2)","decl":{"start":{"line":19,"column":32},"end":{"line":19,"column":33}},"loc":{"start":{"line":19,"column":47},"end":{"line":21,"column":1}},"line":19},"3":{"name":"(anonymous_3)","decl":{"start":{"line":22,"column":36},"end":{"line":22,"column":37}},"loc":{"start":{"line":22,"column":74},"end":{"line":29,"column":1}},"line":22},"4":{"name":"(anonymous_4)","decl":{"start":{"line":30,"column":29},"end":{"line":30,"column":30}},"loc":{"start":{"line":30,"column":51},"end":{"line":37,"column":1}},"line":30},"5":{"name":"(anonymous_5)","decl":{"start":{"line":38,"column":32},"end":{"line":38,"column":33}},"loc":{"start":{"line":38,"column":52},"end":{"line":40,"column":1}},"line":38},"6":{"name":"(anonymous_6)","decl":{"start":{"line":41,"column":42},"end":{"line":41,"column":43}},"loc":{"start":{"line":41,"column":68},"end":{"line":43,"column":1}},"line":41},"7":{"name":"(anonymous_7)","decl":{"start":{"line":44,"column":35},"end":{"line":44,"column":36}},"loc":{"start":{"line":44,"column":53},"end":{"line":63,"column":1}},"line":44},"8":{"name":"(anonymous_8)","decl":{"start":{"line":48,"column":22},"end":{"line":48,"column":23}},"loc":{"start":{"line":48,"column":34},"end":{"line":60,"column":5}},"line":48},"9":{"name":"(anonymous_9)","decl":{"start":{"line":60,"column":12},"end":{"line":60,"column":13}},"loc":{"start":{"line":60,"column":27},"end":{"line":62,"column":5}},"line":60},"10":{"name":"(anonymous_10)","decl":{"start":{"line":64,"column":29},"end":{"line":64,"column":30}},"loc":{"start":{"line":64,"column":51},"end":{"line":66,"column":1}},"line":64},"11":{"name":"(anonymous_11)","decl":{"start":{"line":67,"column":30},"end":{"line":67,"column":31}},"loc":{"start":{"line":67,"column":51},"end":{"line":69,"column":1}},"line":67},"12":{"name":"(anonymous_12)","decl":{"start":{"line":70,"column":31},"end":{"line":70,"column":32}},"loc":{"start":{"line":70,"column":52},"end":{"line":72,"column":1}},"line":70}},"branchMap":{"0":{"loc":{"start":{"line":23,"column":4},"end":{"line":28,"column":5}},"type":"if","locations":[{"start":{"line":23,"column":4},"end":{"line":28,"column":5}},{"start":{"line":23,"column":4},"end":{"line":28,"column":5}}],"line":23},"1":{"loc":{"start":{"line":31,"column":4},"end":{"line":36,"column":5}},"type":"if","locations":[{"start":{"line":31,"column":4},"end":{"line":36,"column":5}},{"start":{"line":31,"column":4},"end":{"line":36,"column":5}}],"line":31}},"s":{"0":1,"1":1,"2":1,"3":1,"4":1,"5":1,"6":1,"7":1,"8":1,"9":1,"10":3,"11":3,"12":3,"13":1,"14":2,"15":1,"16":1,"17":1,"18":2,"19":1,"20":1,"21":1,"22":2,"23":1,"24":1,"25":1,"26":2,"27":1,"28":1,"29":1,"30":0,"31":0,"32":0,"33":0,"34":0,"35":0,"36":1,"37":1,"38":1,"39":1,"40":1,"41":1},"f":{"0":3,"1":2,"2":1,"3":2,"4":2,"5":2,"6":1,"7":0,"8":0,"9":0,"10":1,"11":1,"12":1},"b":{"0":[1,1],"1":[1,1]},"inputSourceMap":{"version":3,"file":"C:\\Users\\harry\\OneDrive\\University\\Year 3\\Project\\Skillify\\Back-End\\src\\controllers\\graph-controller.ts","sources":["C:\\Users\\harry\\OneDrive\\University\\Year 3\\Project\\Skillify\\Back-End\\src\\controllers\\graph-controller.ts"],"names":[],"mappings":";;;AAAA,0DAAsD;AACtD,uCAAiC;AACjC,qCAAmC;AACnC,qCAAqC;AACrC,yCAAyC;AACzC,uCAAuC;AAEvC,MAAM,UAAU,GAAG,gBAAK,CAAC,OAAO,EAAE,0BAAW,CAAC,CAAC;AAGlC,QAAA,cAAc,GAAG,CAAC,IAAY,EAAE,WAAmB,EAAE,WAAmB,EAAE,IAAc,EAAU,EAAE;IAC7G,MAAM,aAAa,GAAG,IAAI,UAAU,CAAC,EAAE,IAAI,EAAE,WAAW,EAAE,WAAW,EAAE,IAAI,EAAE,CAAC,CAAC;IAC/E,aAAa,CAAC,IAAI,EAAE,CAAA;IACpB,OAAO,aAAa,CAAC,GAAG,CAAC,QAAQ,EAAE,CAAC;AACxC,CAAC,CAAA;AAEY,QAAA,oBAAoB,GAAG,KAAK,EAAE,EAAU,EAAE,EAAE;IACrD,OAAO,MAAM,UAAU,CAAC,QAAQ,CAAC,EAAE,CAAC,CAAC,IAAI,EAAE,CAAC;AAChD,CAAC,CAAA;AAEY,QAAA,qBAAqB,GAAG,KAAK,EAAE,GAAG,EAAE,EAAE;IAC/C,OAAO,MAAM,UAAU,CAAC,IAAI,CAAC,EAAC,GAAG,EAAE,EAAC,GAAG,EAAE,GAAG,EAAC,EAAC,CAAC,CAAA;AACnD,CAAC,CAAA;AAEY,QAAA,yBAAyB,GAAG,KAAK,EAAE,IAAI,EAAE,IAAI,EAAE,IAAI,EAAE,QAAQ,EAAE,EAAE;IAC1E,IAAI,IAAI,CAAC,MAAM,GAAG,CAAC,EAAE;QACjB,OAAO,MAAM,UAAU,CAAC,IAAI,CAAC,EAAC,IAAI,EAAE,IAAI,MAAM,CAAC,IAAI,CAAC,EAAE,IAAI,EAAE,EAAC,GAAG,EAAE,CAAC,GAAG,IAAI,CAAC,EAAC,EAAC,CAAC,CAAC,IAAI,CAAC,CAAC,IAAI,GAAC,CAAC,CAAC,GAAG,QAAQ,CAAC,CAAC,KAAK,CAAC,QAAQ,CAAC,CAAC;KAC5H;SAAM;QACH,OAAO,MAAM,UAAU,CAAC,IAAI,CAAC,EAAC,IAAI,EAAE,IAAI,MAAM,CAAC,IAAI,CAAC,EAAC,CAAC,CAAC,IAAI,CAAC,CAAC,IAAI,GAAC,CAAC,CAAC,GAAG,QAAQ,CAAC,CAAC,KAAK,CAAC,QAAQ,CAAC,CAAC;KACpG;AAEL,CAAC,CAAA;AAEY,QAAA,kBAAkB,GAAG,KAAK,EAAE,IAAI,EAAE,IAAI,EAAE,EAAE;IACnD,IAAI,IAAI,CAAC,MAAM,GAAG,CAAC,EAAE;QACjB,OAAO,MAAM,UAAU,CAAC,IAAI,CAAC,EAAC,IAAI,EAAE,IAAI,MAAM,CAAC,IAAI,CAAC,EAAE,IAAI,EAAE,EAAC,GAAG,EAAE,CAAC,GAAG,IAAI,CAAC,EAAC,EAAC,CAAC,CAAC,KAAK,EAAE,CAAC;KAC1F;SAAM;QACH,OAAO,MAAM,UAAU,CAAC,IAAI,CAAC,EAAC,IAAI,EAAE,IAAI,MAAM,CAAC,IAAI,CAAC,EAAC,CAAC,CAAC,KAAK,EAAE,CAAC;KAClE;AAEL,CAAC,CAAA;AAEY,QAAA,qBAAqB,GAAG,KAAK,EAAE,EAAU,EAAE,IAAS,EAAgB,EAAE;IAC/E,OAAO,MAAM,UAAU,CAAC,SAAS,CAAC,EAAE,GAAG,EAAE,IAAI,kBAAQ,CAAC,EAAE,CAAC,EAAE,EAAE,EAAE,KAAK,EAAE,IAAI,CAAC,KAAK,EAAE,KAAK,EAAE,IAAI,CAAC,KAAK,EAAE,KAAK,EAAE,IAAI,CAAC,KAAK,EAAE,KAAK,EAAE,IAAI,CAAC,KAAK,EAAC,CAAC,CAAA;AAC/I,CAAC,CAAA;AAEY,QAAA,+BAA+B,GAAG,KAAK,EAAE,EAAU,EAAE,UAAe,EAAgB,EAAE;IAC/F,OAAO,MAAM,UAAU,CAAC,SAAS,CAAC,EAAE,GAAG,EAAE,IAAI,kBAAQ,CAAC,EAAE,CAAC,EAAE,EAAE,EAAE,UAAU,EAAE,CAAC,CAAA;AAChF,CAAC,CAAA;AAEY,QAAA,wBAAwB,GAAG,CAAC,EAAU,EAAE,QAAa,EAAE,EAAE;IAClE,SAAS,CAAC,GAAG,CAAC,KAAK,CAAC,CAAA;IACpB,QAAQ,CAAC,GAAG,CAAC,CAAC,iBAAiB,CAAC,CAAC,CAAC;IAClC,IAAI,IAAI,GAAG,QAAQ,EAAE,CAAC;IACtB,IAAI,CAAC,KAAK,EAAE,CAAC,IAAI,CAAC;QACd,OAAO,IAAI,CAAC,IAAI,CAAC;YACb,QAAQ,EAAE,QAAQ,CAAC,QAAQ;YAC3B,UAAU,EAAE,WAAW;YACvB,MAAM,EAAE;gBACJ,IAAI,EAAE,OAAO;aAChB;YACD,MAAM,EAAE,KAAK;YACb,KAAK,EAAE,GAAG;YACV,MAAM,EAAE,GAAG;YACX,UAAU,EAAE,aAAa;SAC5B,CAAC,CAAC;IACP,CAAC,CAAC,CAAC,IAAI,CAAC,UAAU,GAAG;QACjB,OAAO,UAAU,CAAC,SAAS,CAAC,EAAE,GAAG,EAAE,IAAI,kBAAQ,CAAC,EAAE,CAAC,EAAE,EAAE,EAAE,KAAK,EAAE,GAAG,EAAE,CAAC,CAAA;IAC1E,CAAC,CAAC,CAAC;AACP,CAAC,CAAA;AAEY,QAAA,kBAAkB,GAAG,CAAC,OAAe,EAAE,OAAgB,EAAE,EAAE;IACpE,OAAO,UAAU,CAAC,SAAS,CAAC,EAAE,GAAG,EAAE,IAAI,kBAAQ,CAAC,OAAO,CAAC,EAAC,EAAE,EAAC,IAAI,EAAE,EAAC,SAAS,EAAE,OAAO,EAAC,EAAC,CAAC,CAAC;AAC7F,CAAC,CAAA;AAEY,QAAA,mBAAmB,GAAG,KAAK,EAAE,SAAiB,EAAE,EAAE;IAC3D,OAAO,MAAM,UAAU,CAAC,SAAS,CAAC,EAAC,GAAG,EAAE,IAAI,kBAAQ,CAAC,SAAS,CAAC,EAAC,EAAE,EAAC,IAAI,EAAE,EAAC,KAAK,EAAE,CAAC,CAAC,EAAC,EAAC,CAAC,CAAA;AAC1F,CAAC,CAAA;AAEY,QAAA,oBAAoB,GAAG,KAAK,EAAE,SAAiB,EAAE,EAAE;IAC9D,OAAO,MAAM,UAAU,CAAC,SAAS,CAAC,EAAC,GAAG,EAAE,IAAI,kBAAQ,CAAC,SAAS,CAAC,EAAC,EAAE,EAAC,IAAI,EAAE,EAAC,KAAK,EAAE,CAAC,CAAC,EAAC,EAAC,CAAC,CAAA;AACxF,CAAC,CAAA","sourcesC
[...]
umn":9}},"line":158},"31":{"name":"(anonymous_31)","decl":{"start":{"line":169,"column":23},"end":{"line":169,"column":24}},"loc":{"start":{"line":169,"column":29},"end":{"line":190,"column":1}},"line":169},"32":{"name":"(anonymous_32)","decl":{"start":{"line":170,"column":25},"end":{"line":170,"column":26}},"loc":{"start":{"line":170,"column":35},"end":{"line":179,"column":5}},"line":170},"33":{"name":"(anonymous_33)","decl":{"start":{"line":173,"column":18},"end":{"line":173,"column":19}},"loc":{"start":{"line":173,"column":27},"end":{"line":178,"column":9}},"line":173},"34":{"name":"(anonymous_34)","decl":{"start":{"line":180,"column":25},"end":{"line":180,"column":26}},"loc":{"start":{"line":180,"column":35},"end":{"line":189,"column":5}},"line":180},"35":{"name":"(anonymous_35)","decl":{"start":{"line":183,"column":18},"end":{"line":183,"column":19}},"loc":{"start":{"line":183,"column":27},"end":{"line":188,"column":9}},"line":183},"36":{"name":"(anonymous_36)","decl":{"start":{"line":191,"column":25},"end":{"line":191,"column":26}},"loc":{"start":{"line":191,"column":31},"end":{"line":202,"column":1}},"line":191},"37":{"name":"(anonymous_37)","decl":{"start":{"line":192,"column":30},"end":{"line":192,"column":31}},"loc":{"start":{"line":192,"column":40},"end":{"line":201,"column":5}},"line":192},"38":{"name":"(anonymous_38)","decl":{"start":{"line":195,"column":18},"end":{"line":195,"column":19}},"loc":{"start":{"line":195,"column":27},"end":{"line":200,"column":9}},"line":195}},"branchMap":{},"s":{"0":1,"1":1,"2":1,"3":1,"4":1,"5":1,"6":1,"7":1,"8":1,"9":1,"10":1,"11":1,"12":1,"13":1,"14":1,"15":1,"16":1,"17":1,"18":1,"19":1,"20":1,"21":1,"22":1,"23":1,"24":1,"25":1,"26":1,"27":1,"28":1,"29":1,"30":1,"31":1,"32":1,"33":1,"34":1,"35":1,"36":1,"37":1,"38":1,"39":1,"40":1,"41":1,"42":1,"43":1,"44":1,"45":1,"46":1,"47":1,"48":1,"49":1,"50":1,"51":1,"52":1,"53":1,"54":1,"55":1,"56":1,"57":1,"58":1,"59":1,"60":1,"61":1,"62":1,"63":1,"64":1,"65":1,"66":1,"67":1,"68":1,"69":1,"70":1,"71":1,"72":1,"73":1,"74":1,"75":1,"76":1,"77":1,"78":1,"79":1,"80":1,"81":1,"82":1,"83":1,"84":1,"85":1,"86":1,"87":1,"88":1,"89":1,"90":1,"91":1,"92":1,"93":1,"94":1,"95":1,"96":1,"97":1,"98":1,"99":1,"100":1,"101":1,"102":1,"103":1,"104":1,"105":1,"106":1,"107":1,"108":1,"109":1,"110":1,"111":1,"112":1,"113":1,"114":1,"115":1,"116":1,"117":1,"118":1,"119":1,"120":1,"121":1,"122":1,"123":1,"124":1,"125":1,"126":1,"127":1},"f":{"0":1,"1":1,"2":1,"3":1,"4":1,"5":1,"6":1,"7":1,"8":1,"9":1,"10":1,"11":1,"12":1,"13":1,"14":1,"15":1,"16":1,"17":1,"18":1,"19":1,"20":1,"21":1,"22":1,"23":1,"24":1,"25":1,"26":1,"27":1,"28":1,"29":1,"30":1,"31":1,"32":1,"33":1,"34":1,"35":1,"36":1,"37":1,"38":1},"b":{},"inputSourceMap":{"version":3,"file":"C:\\Users\\harry\\OneDrive\\University\\Year 3\\Project\\Skillify\\Back-End\\src\\test\\routes\\user-routes.js","sources":["C:\\Users\\harry\\OneDrive\\University\\Year 3\\Project\\Skillify\\Back-End\\src\\test\\routes\\user-routes.js"],"names":[],"mappings":"AAAA,MAAM,MAAM,GAAG,OAAO,CAAC,MAAM,CAAC,CAAC,MAAM,CAAC;AACtC,MAAM,OAAO,GAAG,OAAO,CAAC,WAAW,CAAC,CAAC;AACrC,MAAM,GAAG,GAAG,OAAO,CAAC,cAAc,CAAC,CAAC;AACpC,MAAM,eAAe,GAAG,OAAO,CAAC,oCAAoC,CAAC,CAAC;AACtE,MAAM,iBAAiB,GAAG,OAAO,CAAC,sCAAsC,CAAC,CAAC;AAG1E,MAAM,SAAS,GAAG,OAAO,CAAC,cAAc,CAAC,CAAC,SAAS,CAAC;AACpD,MAAM,UAAU,GAAG,OAAO,CAAC,cAAc,CAAC,CAAC,UAAU,CAAC;AACtD,MAAM,YAAY,GAAG,OAAO,CAAC,cAAc,CAAC,CAAC,YAAY,CAAC;AAC1D,MAAM,OAAO,GAAG,OAAO,CAAC;AACxB,IAAI,WAAW,CAAC;AAChB,IAAI,YAAY,CAAC;AACjB,IAAI,cAAc,CAAC;AAEnB,MAAM,CAAC,KAAK,IAAI,EAAE;IACd,MAAM,EAAC,IAAI,EAAE,WAAW,EAAE,MAAM,EAAE,IAAI,EAAC,GAAG,UAAU,CAAC;IACrD,YAAY,GAAG,eAAe,CAAC,cAAc,CAAC,IAAI,EAAE,WAAW,EAAE,MAAM,EAAE,IAAI,CAAC,CAAC,QAAQ,EAAE,CAAC;IAC1F,cAAc,GAAG,iBAAiB,CAAC,UAAU,CAAC,YAAY,CAAC,MAAM,EAAE,YAAY,CAAC,CAAC,QAAQ,EAAE,CAAC;AAC9F,CAAC,CAAC,CAAC;AAGL,QAAQ,CAAC,UAAU,EAAE,GAAG,EAAE;IACtB,EAAE,CAAC,4BAA4B,EAAE,CAAC,IAAI,EAAE,EAAE;QACtC,OAAO,CAAC,GAAG,CAAC,CAAC,IAAI,CAAC,GAAG,OAAO,WAAW,CAAC;aACvC,IAAI,CAAC,EAAC,QAAQ,EAAE,SAAS,CAAC,QAAQ,EAAE,QAAQ,EAAE,SAAS,CAAC,QAAQ,EAAC,CAAC;aAClE,IAAI,CAAC,CAAC,GAAG,EAAE,EAAE;YACV,MAAM,EAAE,MAAM,EAAE,GAAG,GAAG,CAAC,IAAI,CAAC;YAC5B,MAAM,CAAC,MAAM,CAAC,CAAC,KAAK,CAAA;YACpB,WAAW,GAAG,MAAM,CAAC;YACrB,MAAM,CAAC,GAAG,CAAC,MAAM,CAAC,CAAC,KAAK,CAAC,GAAG,CAAC,CAAC;YAC9B,IAAI,EAAE,CAAC;QACX,CAAC,CAAC,CAAA;IACN,CAAC,CAAC,CAAA;IAEF,EAAE,CAAC,iCAAiC,EAAE,CAAC,IAAI,EAAE,EAAE;QAC3C,OAAO,CAAC,GAAG,CAAC,CAAC,IAAI,CAAC,GAAG,OAAO,WAAW,CAAC;aACvC,IAAI,CAAC,EAAC,QAAQ,EAAE,SAAS,CAAC,QAAQ,EAAE,QAAQ,EAAE,SAAS,CAAC,QAAQ,EAAC,CAAC;aAClE,IAAI,CAAC,CAAC,GAAG,EAAE,EAAE;YACV,MAAM,EAAE,KAAK,EAAE,GAAG,GAAG,CAAC,IAAI,CAAC;YAC3B,MAAM,CAAC,KAAK,CAAC,CAAC,KAAK,CAAC,yBAAyB,CAAC,CAAA;YAC9C,MAAM,CAAC,GAAG,CAAC,MAAM,CAAC,CAAC,KAAK,CAAC,GAAG,CAAC,CAAC;YAC9B,IAAI,EAAE,CAAC;QACX,CAAC,CAAC,CAAA;IACN,CAAC,CAAC,CAAA;IAEF,EAAE,CAAC,0BAA0B,EAAE,CAAC,IAAI,EAAE,EAAE;QACpC,OAAO,CAAC,GAAG,CAAC,CAAC,IAAI,CAAC,GAAG,OAAO,WAAW,CAAC;aACvC,IAAI,CAAC,EAAE,CAAC;aACR,IAAI,CAAC,CAAC,GAAG,EAAE,EAAE;YACV,MAAM,EAAE,MAAM,EAAE,GAAG,GAAG,CAAC,IAAI,CAAC;YAC5B,MAAM,CAAC,MAAM,CAAC,CAAC,MAAM,CAAC,CAAC,CAAC,CAAA;YACxB,MAAM,CAAC,GAAG,CAAC,MAAM,CAAC,CAAC,KAAK,CAAC,GAAG,CAAC,CAAC;YAC9B,IAAI,EAAE,CAAC;QACX,CAAC,CAAC,CAAA;IACN,CAAC,CAAC,CAAA;AACN,CAAC,CAAC,CAAA;AAEF,QAAQ,CAAC,OAAO,EAAE,GAAG,EAAE;IACnB,EAAE,CAAC,0BAA0B,EAAE,CAAC,IAAI,EAAE,EAAE;QACpC,OAAO,CAAC,GAAG,CAAC,CAAC,IAAI,CAAC,GAAG,OAAO,QAAQ,CAAC;aACpC,IAAI,CAAC,EAAC,QAAQ,EAAE,SAAS,CAAC,QAAQ,EAAE,QAAQ,EAAE,SAAS,CAAC,QAAQ,EAAC,CAAC;aAClE,IAAI,CAAC,CAAC,GAAG,EAAE,EAAE;YACV,MAAM,EAAE,KAAK,EAAE,GAAG,GAAG,CAAC,IAAI,CAAC;YAC3B,MAAM,CAAC,KAAK,CAAC,CAAC,KAAK,CAAA;YACnB,MAAM,CAAC,GAAG,CAAC,MAAM,CAAC,CAAC,KAAK,CAAC,GAAG,CAAC,CAAC;YAC9B,IAAI,EAAE,CAAC;QACX,CAAC,CAAC,CAAA;IACN,CAAC,CAAC,CAAA;IAEF,EAAE,CAAC,8BAA8B,EAAE,CAAC,IAAI,EAAE,EAAE;QACxC,OAAO,CAAC,GAAG,CAAC,CAAC,IAAI,CAAC,GAAG,OAAO,QAAQ,CAAC;aACpC,IAAI,CAAC,EAAC,QAAQ,EAAE,cAAc,EAAE,QAAQ,EAAE,SAAS,CAAC,QAAQ,EAAC,CAAC;aAC9D,IAAI,CAAC,CAAC,GAAG,EAAE,EAAE;YACV,MAAM,EAAE,KAAK,EAAE,GAAG,GAAG,CAAC,IAAI,CAAC;YAC3B,MAAM,CAAC,KAAK,CAAC,CAAC,KAAK,CAAC,kBAAkB,CAAC,CAAC;YACxC,MAAM,CAAC,GAAG,CAAC,MAAM,CAAC,CAAC,KAAK,CAAC,GAAG,CAAC,CAAC;YAC9B,IAAI,EAAE,CAAC;QACX,CAAC,CAAC,CAAA;IACN,CAAC,CAAC,CAAA;IAEF,EAAE,CAAC,uBAAuB,EAAE,CAAC,IAAI,EAAE,EAAE;QACjC,OAAO,CAAC,GAAG,CAAC,CAAC,IAAI,CAAC,GAAG,OAAO,QAAQ,CAAC;aACpC,IAAI,CAAC,EAAE,CAAC;aACR,IAAI,CAAC,CAAC,GAAG,EAAE,EAAE;YACV,MAAM,EAAE,MAAM,EAAE,GAAG,GAAG,CAAC,IAAI,CAAC;YAC5B,MAAM,CAAC,MAAM,CAAC,CAAC,MAAM,CAAC,CAAC,CAAC,CAAA;YACxB,MAAM,CAAC,GAAG,CAAC,MAAM,CAAC,CAAC,KAAK,CAAC,GAAG,CAAC,CAAC;YAC9B,IAAI,EAAE,CAAC;QACX,CAAC,CAAC,CAAA;IACN,CAAC,CAAC,CAAA;AACN,CAAC,CAAC,CAAA;AAEF,QAAQ,CAAC,YAAY,EAAE,GAAG,EAAE;IACxB,EAAE,CAAC,uBAAuB,EAAE,CAAC,IAAI,EAAE,EAAE;QACjC,OAAO,CAAC,GAAG,CAAC,CAAC,GAAG,CAAC,GAAG,OAAO,IAAI,WAAW,WAAW,CAAC;aACrD,IAAI,CAAC,EAAE,CAAC;aACR,IAAI,CAAC,CAAC,GAAG,EAAE,EAAE;YACV,MAAM,EAAE,QAAQ,EAAE,GAAG,GAAG,CAAC,IAAI,CAAC;YAC9B,MAAM,CAAC,QAAQ,CAAC,CAAC,MAAM,CAAC,SAAS,CAAC,QAAQ,CAAC,CAAC;YAC5C,MAAM,CAAC,GAAG,CAAC,MAAM,CAAC,CAAC,KAAK,CAAC,GAAG,CAAC,CAAC;YAC9B,IAAI,EAAE,CAAC;QACX,CAAC,CAAC,CAAA;IACN,CAAC,CAAC,CAAA;IAEF,EAAE,CAAC,6BAA6B,EAAE,CAAC,IAAI,EAAE,EAAE;QACvC,OAAO,CAAC,GAAG,CAAC,CAAC,IAAI,CAAC,GAAG,OAAO,WAAW,CAAC;aACvC,IAAI,CAAC,EAAC,QAAQ,EAAE,SAAS,CAAC,QAAQ,EAAC,CAAC;aACpC,IAAI,CAAC,CAAC,GAAG,EAAE,EAAE;YACV,MAAM,EAAE,QAAQ,EAAE,GAAG,GAAG,CAAC,IAAI,CAAC;YAC9B,MAAM,CAAC,QAAQ,CAAC,CAAC,MAAM,CAAC,SAAS,CAAC,QAAQ,CAAC,CAAC;YAC5C,MAAM,CAAC,GAAG,CAAC,MAAM,CAAC,CAAC,KAAK,CAAC,GAAG,CAAC,CAAC;YAC9B,IAAI,EAAE,CAAC;QACX,CAAC,CAAC,CAAA;IACN,CAAC,CAAC,CAAA;IAEF,EAAE,CAAC,gCAAgC,EAAE,CAAC,IAAI,EAAE,EAAE;QAC1C,OAAO,CAAC,GAAG,CAAC,CAAC,IAAI,CAAC,GAAG,OAAO,WAAW,CAAC;aACvC,IAAI,CAAC,EAAC,MAAM,EAAE,WAAW,EAAE,OAAO,EAAE,YAAY,EAAC,CAAC;aAClD,IAAI,CAAC,CAAC,GAAG,EAAE,EAAE;YACV,MAAM,EAAE,cAAc,EAAE,GAAG,GAAG,CAAC,IAAI,CAAC;YACpC,MAAM,CAAC,cAAc,CAAC,CAAC,KAAK,CAAC;YAC7B,MAAM,CAAC,GAAG,CAAC,MAAM,CAAC,CAAC,KAAK,CAAC,GAAG,CAAC,CAAC;YAC9B,IAAI,EAAE,CAAC;QACX,CAAC,CAAC,CAAA;IACN,CAAC,CAAC,CAAA;AACN,CAAC,CAAC,CAAA;AAEF,QAAQ,CAAC,6BAA6B,EAAE,GAAG,EAAE;IACzC,EAAE,CAAC,mBAAmB,EAAE,CAAC,IAAI,EAAE,EAAE;QAC7B,OAAO,CAAC,GAAG,CAAC,CAAC,IAAI,CAAC,GAAG,OAAO,eAAe,CAAC;aAC3C,IAAI,CAAC,EAAC,MAAM,EAAE,WAAW,EAAE,SAAS,EAAE,cAAc,EAAC,CAAC;aACtD,IAAI,CAAC,CAAC,GAAG,EAAE,EAAE;YACV,MAAM,EAAE,OAAO,EAAE,IAAI,EAAE,GAAG,GAAG,CAAC,IAAI,CAAC;YACnC,MAAM,CAAC,OAAO,CAAC,CAAC,CAAC,CAAC,MAAM,CAAC,CAAC,CAAC,CAAC;YAC5B,MAAM,CAAC,OAAO,CAAC,SAAS,CAAC,CAAC,MAAM,CAAC,CAAC,CAAC,CAAC;YACpC,MAAM,CAAC,OAAO,CAAC,EAAE,CAAC,CAAC,MAAM,CAAC,CAAC,CAAC,CAAC;YAC7B,MAAM,CAAC,IAAI,CAAC,CAAC,MAAM,CAAC,KAAK,CAAC,CAAC;YAC3B,MAAM,CAAC,GAAG,CAAC,MAAM,CAAC,CAAC,KAAK,CAAC,GAAG,CAAC,CAAC;YAC9B,IAAI,EAAE,CAAC;QACX,CAAC,CAAC,CAAA;IACN,CAAC,CAAC,CAAA;IAEF,EAAE,CAAC,sBAAsB,EAAE,CAAC,IAAI,EAAE,EAAE;QAChC,OAAO,CAAC,GAAG,CAAC,CAAC,IAAI,CAAC,GAAG,OAAO,eAAe,CAAC;aAC3C,IAAI,CAAC,EAAC,MAAM,EAAE,WAAW,EAAE,SAAS,EAAE,cAAc,EAAC,CAAC;aACtD,IAAI,CAAC,CAAC,GAAG,EAAE,EAAE;YACV,MAAM,EAAE,OAAO,EAAE,IAAI,EAAE,GAAG,GAAG,CAAC,IAAI,CAAC;YACnC,MAAM,CAAC,OAAO,CAAC,CAAC,CAAC,CAAC,MAAM,CAAC,CAAC,CAAC,CAAC;YAC5B,MAAM,CAAC,OAAO,CAAC,SAAS,CAAC,CAAC,MAAM,CAAC,CAAC,CAAC,CAAC;YACpC,MAAM,CAAC,OAAO,CAAC,EAAE,CAAC,CAAC,MAAM,CAAC,CAAC,CAAC,CAAC;YAC7B,MAAM,CAAC,IAAI,CAAC,CAAC,MAAM,CAAC,QAAQ,CAAC,CAAC;YAC9B,MAAM,CAAC,GAAG,CAAC,MAAM,CAAC,CAAC,KAAK,CAAC,GAAG,CAAC,CAAC;YAC9B,IAAI,EAAE,CAAC;QACX,CAAC,CAAC,CAAA;IACN,CAAC,CAAC,CAAA;IAEF,EAAE,CAAC,iBAAiB,EAAE,CAAC,IAAI,EAAE,EAAE;QAC3B,OAAO,CAAC,GAAG,CAAC,CAAC,IAAI,CAAC,GAAG,OAAO,aAAa,CAAC;aACzC,IAAI,CAAC,EAAC,MAAM,EAAE,WAAW,EAAE,OAAO,EAAE,YAAY,EAAC,CAAC;aAClD,IAAI,CAAC,CAAC,GAAG,EAAE,EAAE;YACV,MAAM,EAAE,OAAO,EAAE,IAAI,EAAE,GAAG,GAAG,CAAC,IAAI,CAAC;YACnC,MAAM,CAAC,OAAO,CAAC,CAAC,CAAC,CAAC,MAAM,CAAC,CAAC,CAAC,CAAC;YAC5B,MAAM,CAAC,OAAO,CAAC,SAAS,CAAC,CAAC,MAAM,CAAC,CAAC,CAAC,CAAC;YACpC,MAAM,CAAC,OAAO,CAAC,EAAE,CAAC,CAAC,MAAM,CAAC,CAAC,CAAC,CAAC;YAC7B,MAAM,CAAC,IAAI,CAAC,CAAC,MAAM,CAAC,KAAK,CAAC,CAAC;YAC3B,MAAM,CAAC,GAAG,CAAC,MAAM,CAAC,CAAC,KAAK,CAAC,GAAG,CAAC,CAAC;YAC9B,IAAI,EAAE,CAAC;QACX,CAAC,CAAC,CAAA;IACN,CAAC,CAAC,CAAA;IAEF,EAAE,CAAC,oBAAoB,EAAE,CAAC,IAAI,EAAE,EAAE;QAC9B,OAAO,CAAC,GAAG,CAAC,CAAC,IAAI,CAAC,GAAG,OAAO,aAAa,CAAC;aACzC,IAAI,CAAC,EAAC,MAAM,EAAE,WAAW,EAAE,OAAO,EAAE,YAAY,EAAC,CAAC;aAClD,IAAI,CAAC,CAAC,GAAG,EAAE,EAAE;YACV,MAAM,EAAE,OAAO,EAAE,IAAI,EAAE,GAAG,GAAG,CAAC,IAAI,CAAC;YACnC,MAAM,CAAC,OAAO,CAAC,CAAC,CAAC,CAAC,MAAM,CAAC,CAAC,CAAC,CAAC;YAC5B,MAAM,CAAC,OAAO,CAAC,SAAS,CAAC,CAAC,MAAM,CAAC,CAAC,CAAC,CAAC;YACpC,MAAM,CAAC,OAAO,CAAC,EAAE,CAAC,CAAC,MAAM,CAAC,CAAC,CAAC,CAAC;YAC7B,MAAM,CAAC,IAAI,CAAC,CAAC,MAAM,CAAC,QAAQ,CAAC,CAAC;YAC9B,MAAM,CAAC,GAAG,CAAC,MAAM,CAAC,CAAC,KAAK,CAAC,GAAG,CAAC,CAAC;YAC9B,IAAI,EAAE,CAAC;QACX,CAAC,CAAC,CAAA;IACN,CAAC,CAAC,CAAA;AACN,CAAC,CAAC,CAAA;AAEF,QAAQ,CAAC,YAAY,EAAE,GAAG,EAAE;IACxB,EAAE,CAAC,gBAAgB,EAAE,CAAC,IAAI,EAAE,EAAE;QAC1B,OAAO,CAAC,GAAG,CAAC,CAAC,IAAI,CAAC,GAAG,OAAO,QAAQ,CAAC;aACpC,IAAI,CAAC,EAAC,QAAQ,EAAE,SAAS,CAAC,QAAQ,EAAE,KAAK,EAAE,SAAS,CAAC,KAAK,EAAC,CAAC;aAC5D,IAAI,CAAC,CAAC,GAAG,EAAE,EAAE;YACV,MAAM,EAAE,OAAO,EAAE,GAAG,GAAG,CAAC,IAAI,CAAC;YAC7B,MAAM,CAAC,OAAO,CAAC,CAAC,MAAM,CAAC,IAAI,CAAC,CAAC;YAC7B,MAAM,CAAC,GAAG,CAAC,MAAM,CAAC,CAAC,KAAK,CAAC,GAAG,CAAC,CAAC;YAC9B,IAAI,EAAE,CAAC;QACX,CAAC,CAAC,CAAA;IACN,CAAC,CAAC,CAAA;IAEF,EAAE,CAAC,gBAAgB,EAAE,CAAC,IAAI,EAAE,EAAE;QAC1B,OAAO,CAAC,GAAG,CAAC,CAAC,GAAG,CAAC,GAAG,OAAO,IAAI,SAAS,CAAC,QAAQ,QAAQ,CAAC;aACzD,IAAI,CAAC,EAAE,CAAC;aACR,IAAI,CAAC,CAAC,GAAG,EAAE,EAAE;YACV,MAAM,EAAE,KAAK,EAAE,GAAG,GAAG,CAAC,IAAI,CAAC;YAC3B,MAAM,CAAC,KAAK,CAAC,CAAC,MAAM,CAAC,SAAS,CAAC,KAAK,CAAC,CAAC;YACtC,MAAM,CAAC,GAAG,CAAC,MAAM,CAAC,CAAC,KAAK,CAAC,GAAG,CAAC,CAAC;YAC9B,IAAI,EAAE,CAAC;QACX,CAAC,CAAC,CAAA;IACN,CAAC,CAAC,CAAA;AACN,CAAC,CAAC,CAAA;AAEF,QAAQ,CAAC,cAAc,EAAE,GAAG,EAAE;IAC1B,EAAE,CAAC,qBAAqB,EAAE,CAAC,IAAI,EAAE,EAAE;QAC/B,OAAO,CAAC,GAAG,CAAC,CAAC,IAAI,CAAC,GAAG,OAAO,UAAU,CAAC;aACtC,IAAI,CAAC,EAAC,MAAM,EAAE,WAAW,EAAE,OAAO,EAAE,IAAI,EAAC,CAAC;aAC1C,IAAI,CAAC,CAAC,GAAG,EAAE,EAAE;YACV,MAAM,EAAE,OAAO,EAAE,GAAG,GAAG,CAAC,IAAI,CAAC;YAC7B,MAAM,CAAC,OAAO,CAAC,CAAC,MAAM,CAAC,IAAI,CAAC,CAAC;YAC7B,MAAM,CAAC,GAAG,CAAC,MAAM,CAAC,CAAC,KAAK,CAAC,GAAG,CAAC,CAAC;YAC9B,IAAI,EAAE,CAAC;QACX,CAAC,CAAC,CAAA;IACN,CAAC,CAAC,CAAA;AACN,CAAC,CAAC,CAAA","sourcesContent":["const expect = require('chai').expect;\r\nconst request = require('supertest');\r\nconst app = require('../../app.ts');\r\nconst graphController = require('../../controllers/graph-controller');\r\nconst contentController = require('../../controllers/content-controller');\r\n\r\n\r\nconst dummyUser = require('../dummyData').dummyUser;\r\nconst dummyGraph = require('../dummyData').dummyGraph;\r\nconst dummyContent = require('../dummyData').dummyContent;\r\nconst baseUrl = '/user';\r\nlet dummyUserId;\r\nlet dummyGraphId;\r\nlet dummyContentId;\r\n\r\nbefore(async () => {\r\n    const {name, description, userId, tags} = dummyGraph;\r\n    dummyGraphId = graphController.createNewGraph(name, description, userId, tags).toString();\r\n    dummyContentId = contentController.addContent(dummyContent.nodeId, dummyContent).toString();\r\n  });\r\n\r\n\r\ndescribe('Register', () => {\r\n    it('Register with new Username', (done) => {\r\n        request(app).post(`${baseUrl}/register`)\r\n        .send({username: dummyUser.username, password: dummyUser.password})\r\n        .then((res) => {\r\n            const { userId } = res.body;\r\n            expect(userId).exist\r\n            dummyUserId = userId;\r\n            expect(res.status).equal(200);\r\n            done();\r\n        })\r\n    })\r\n\r\n    it('Register with existing Username', (done) => {\r\n        request(app).post(`${baseUrl}/register`)\r\n        .send({username: dummyUser.username, password: dummyUser.password})\r\n        .then((res) => {\r\n            const { error } = res.body;\r\n            expect(error).equal(\"username already exists\")\r\n            expect(res.status).equal(200);\r\n            done();\r\n        })\r\n    })\r\n\r\n    it('Register with empty data', (done) => {\r\n        request(app).post(`${baseUrl}/register`)\r\n        .send({})\r\n        .then((res) => {\r\n            const { errors } = res.body;\r\n            expect(errors).length(2)\r\n            expect(res.status).equal(400);\r\n            done();\r\n        })\r\n    })\r\n})\r\n\r\ndescribe('Login', () => {\r\n    it('Login with existing User', (done) => {\r\n        request(app).post(`${baseUrl}/login`)\r\n        .send({username: dummyUser.username, password: dummyUser.password})\r\n        .then((res) => {\r\n            const { token } = res.body;\r\n            expect(token).exist\r\n            expect(res.status).equal(200);\r\n            done();\r\n        })\r\n    })\r\n\r\n    it('Login with non existant User', (done) => {\r\n        request(app).post(`${baseUrl}/login`)\r\n        .send({username: 'I DONT EXIST', password: dummyUser.password})\r\n        .then((res) => {\r\n            const { error } = res.body;\r\n            expect(error).equal('cannot find user');\r\n            expect(res.status).equal(400);\r\n            done();\r\n        })\r\n    })\r\n\r\n    it('Login with empty data', (done) => {\r\n        request(app).post(`${baseUrl}/login`)\r\n        .send({})\r\n        .then((res) => {\r\n            const { errors } = res.body;\r\n            expect(errors).length(2)\r\n            expect(res.status).equal(400);\r\n            done();\r\n        })\r\n    })\r\n})\r\n\r\ndescribe('Fetch Data', () => {\r\n    it('Fetch User data by Id', (done) => {\r\n        request(app).get(`${baseUrl}/${dummyUserId}/userinfo`)\r\n        .send({})\r\n        .then((res) => {\r\n            const { username } = res.body;\r\n            expect(username).equals(dummyUser.username);\r\n            expect(res.status).equal(200);\r\n            done();\r\n        })\r\n    })\r\n\r\n    it('Fetch User data by username', (done) => {\r\n        request(app).post(`${baseUrl}/userinfo`)\r\n        .send({username: dummyUser.username})\r\n        .then((res) => {\r\n            const { username } = res.body;\r\n            expect(username).equals(dummyUser.username);\r\n            expect(res.status).equal(200);\r\n            done();\r\n        })\r\n    })\r\n\r\n    it('Fetch User progress data by id', (done) => {\r\n        request(app).post(`${baseUrl}/progress`)\r\n        .send({userId: dummyUserId, graphId: dummyGraphId})\r\n        .then((res) => {\r\n            const { completedNodes } = res.body;\r\n            expect(completedNodes).empty;\r\n            expect(res.status).equal(200);\r\n            done();\r\n        })\r\n    })\r\n})\r\n\r\ndescribe('User liked Content / Graphs', () => {\r\n    it('Add liked content', (done) => {\r\n        request(app).post(`${baseUrl}/like/content`)\r\n        .send({userId: dummyUserId, contentId: dummyContentId})\r\n        .then((res) => {\r\n            const { updated, type } = res.body;\r\n            expect(updated.n).equals(1);\r\n            expect(updated.nModified).equals(1);\r\n            expect(updated.ok).equals(1);\r\n            expect(type).equals('add');\r\n            expect(res.status).equal(200);\r\n            done();\r\n        })\r\n    })\r\n\r\n    it('Remove liked content', (done) => {\r\n        request(app).post(`${baseUrl}/like/content`)\r\n        .send({userId: dummyUserId, contentId: dummyContentId})\r\n        .then((res) => {\r\n            const { updated, type } = res.body;\r\n            expect(updated.n).equals(1);\r\n            expect(updated.nModified).equals(1);\r\n            expect(updated.ok).equals(1);\r\n            expect(type).equals('remove');\r\n            expect(res.status).equal(200);\r\n            done();\r\n        })\r\n    })\r\n\r\n    it('Add liked graph', (done) => {\r\n        request(app).post(`${baseUrl}/like/graph`)\r\n        .send({userId: dummyUserId, graphId: dummyGraphId})\r\n        .then((res) => {\r\n            const { updated, type } = res.body;\r\n            expect(updated.n).equals(1);\r\n            expect(updated.nModified).equals(1);\r\n            expect(updated.ok).equals(1);\r\n            expect(type).equals('add');\r\n            expect(res.status).equal(200);\r\n            done();\r\n        })\r\n    })\r\n\r\n    it('Remove liked graph', (done) => {\r\n        request(app).post(`${baseUrl}/like/graph`)\r\n        .send({userId: dummyUserId, graphId: dummyGraphId})\r\n        .then((res) => {\r\n            const { updated, type } = res.body;\r\n            expect(updated.n).equals(1);\r\n            expect(updated.nModified).equals(1);\r\n            expect(updated.ok).equals(1);\r\n            expect(type).equals('remove');\r\n            expect(res.status).equal(200);\r\n            done();\r\n        })\r\n    })\r\n})\r\n\r\ndescribe('User Image', () => {\r\n    it('Add User Image', (done) => {\r\n        request(app).post(`${baseUrl}/image`)\r\n        .send({username: dummyUser.username, image: dummyUser.image})\r\n        .then((res) => {\r\n            const { success } = res.body;\r\n            expect(success).equals(true);\r\n            expect(res.status).equal(200);\r\n            done();\r\n        })\r\n    })\r\n\r\n    it('Get User Image', (done) => {\r\n        request(app).get(`${baseUrl}/${dummyUser.username}/image`)\r\n        .send({})\r\n        .then((res) => {\r\n            const { image } = res.body;\r\n            expect(image).equals(dummyUser.image);\r\n            expect(res.status).equal(200);\r\n            done();\r\n        })\r\n    })\r\n})\r\n\r\ndescribe('User Privacy', () => {\r\n    it('Update User Privacy', (done) => {\r\n        request(app).post(`${baseUrl}/privacy`)\r\n        .send({userId: dummyUserId, privacy: true})\r\n        .then((res) => {\r\n            const { success } = res.body;\r\n            expect(success).equals(true);\r\n            expect(res.status).equal(200);\r\n            done();\r\n        })\r\n    })\r\n})\r\n\r\n"]},"_coverageSchema":"1a1c01bbd47fc00a2c39e90264f33305004495a9","hash":"fe5ed7cc56b8de9709f0d2b7e9b2945b0fcb56df","contentHash":"8b6064b0d87556f87aaa300cec45379eaf956703dede66cbc3161e6223f27521"}}