{"C:\\Users\\harry\\OneDrive\\University\\Year 3\\Project\\Skillify\\Back-End\\src\\test\\routes\\achievement-routes.js":{"path":"C:\\Users\\harry\\OneDrive\\University\\Year 3\\Project\\Skillify\\Back-End\\src\\test\\routes\\achievement-routes.js","statementMap":{"0":{"start":{"line":1,"column":0},"end":{"line":1,"column":30}},"1":{"start":{"line":2,"column":15},"end":{"line":2,"column":37}},"2":{"start":{"line":3,"column":16},"end":{"line":3,"column":36}},"3":{"start":{"line":4,"column":12},"end":{"line":4,"column":35}},"4":{"start":{"line":5,"column":13},"end":{"line":5,"column":32}},"5":{"start":{"line":6,"column":0},"end":{"line":22,"column":3}},"6":{"start":{"line":7,"column":4},"end":{"line":9,"column":7}},"7":{"start":{"line":8,"column":8},"end":{"line":8,"column":68}},"8":{"start":{"line":8,"column":34},"end":{"line":8,"column":40}},"9":{"start":{"line":8,"column":57},"end":{"line":8,"column":66}},"10":{"start":{"line":10,"column":4},"end":{"line":12,"column":7}},"11":{"start":{"line":11,"column":8},"end":{"line":11,"column":66}},"12":{"start":{"line":11,"column":32},"end":{"line":11,"column":38}},"13":{"start":{"line":11,"column":55},"end":{"line":11,"column":64}},"14":{"start":{"line":13,"column":4},"end":{"line":21,"column":7}},"15":{"start":{"line":14,"column":8},"end":{"line":20,"column":11}},"16":{"start":{"line":17,"column":12},"end":{"line":17,"column":34}},"17":{"start":{"line":18,"column":12},"end":{"line":18,"column":42}},"18":{"start":{"line":19,"column":12},"end":{"line":19,"column":19}}},"fnMap":{"0":{"name":"(anonymous_0)","decl":{"start":{"line":6,"column":25},"end":{"line":6,"column":26}},"loc":{"start":{"line":6,"column":31},"end":{"line":22,"column":1}},"line":6},"1":{"name":"(anonymous_1)","decl":{"start":{"line":7,"column":11},"end":{"line":7,"column":12}},"loc":{"start":{"line":7,"column":21},"end":{"line":9,"column":5}},"line":7},"2":{"name":"(anonymous_2)","decl":{"start":{"line":8,"column":28},"end":{"line":8,"column":29}},"loc":{"start":{"line":8,"column":34},"end":{"line":8,"column":40}},"line":8},"3":{"name":"(anonymous_3)","decl":{"start":{"line":8,"column":48},"end":{"line":8,"column":49}},"loc":{"start":{"line":8,"column":57},"end":{"line":8,"column":66}},"line":8},"4":{"name":"(anonymous_4)","decl":{"start":{"line":10,"column":10},"end":{"line":10,"column":11}},"loc":{"start":{"line":10,"column":20},"end":{"line":12,"column":5}},"line":10},"5":{"name":"(anonymous_5)","decl":{"start":{"line":11,"column":26},"end":{"line":11,"column":27}},"loc":{"start":{"line":11,"column":32},"end":{"line":11,"column":38}},"line":11},"6":{"name":"(anonymous_6)","decl":{"start":{"line":11,"column":46},"end":{"line":11,"column":47}},"loc":{"start":{"line":11,"column":55},"end":{"line":11,"column":64}},"line":11},"7":{"name":"(anonymous_7)","decl":{"start":{"line":13,"column":28},"end":{"line":13,"column":29}},"loc":{"start":{"line":13,"column":38},"end":{"line":21,"column":5}},"line":13},"8":{"name":"(anonymous_8)","decl":{"start":{"line":16,"column":18},"end":{"line":16,"column":19}},"loc":{"start":{"line":16,"column":27},"end":{"line":20,"column":9}},"line":16}},"branchMap":{},"s":{"0":1,"1":1,"2":1,"3":1,"4":1,"5":1,"6":1,"7":1,"8":0,"9":0,"10":1,"11":1,"12":1,"13":0,"14":1,"15":0,"16":0,"17":0,"18":0},"f":{"0":1,"1":1,"2":0,"3":0,"4":1,"5":1,"6":0,"7":0,"8":0},"b":{},"inputSourceMap":{"version":3,"file":"C:\\Users\\harry\\OneDrive\\University\\Year 3\\Project\\Skillify\\Back-End\\src\\test\\routes\\achievement-routes.js","sources":["C:\\Users\\harry\\OneDrive\\University\\Year 3\\Project\\Skillify\\Back-End\\src\\test\\routes\\achievement-routes.js"],"names":[],"mappings":"AAAA,OAAO,CAAC,GAAG,CAAC,QAAQ,GAAG,MAAM,CAAA;AAE7B,MAAM,MAAM,GAAG,OAAO,CAAC,MAAM,CAAC,CAAC,MAAM,CAAC;AACtC,MAAM,OAAO,GAAG,OAAO,CAAC,WAAW,CAAC,CAAC;AAErC,MAAM,GAAG,GAAG,OAAO,CAAC,cAAc,CAAC,CAAC;AACpC,MAAM,IAAI,GAAG,OAAO,CAAC,UAAU,CAAC,CAAC;AAEjC,QAAQ,CAAC,cAAc,EAAE,GAAG,EAAE;IAC1B,MAAM,CAAC,CAAC,IAAI,EAAE,EAAE;QACZ,IAAI,CAAC,OAAO,EAAE,CAAC,IAAI,CAAC,GAAG,EAAE,CAAC,IAAI,EAAE,CAAC,CAAC,KAAK,CAAC,CAAC,GAAG,EAAE,EAAE,CAAC,IAAI,CAAC,GAAG,CAAC,CAAC,CAAC;IAChE,CAAC,CAAC,CAAA;IAEF,KAAK,CAAC,CAAC,IAAI,EAAE,EAAE;QACX,IAAI,CAAC,KAAK,EAAE,CAAC,IAAI,CAAC,GAAG,EAAE,CAAC,IAAI,EAAE,CAAC,CAAC,KAAK,CAAC,CAAC,GAAG,EAAE,EAAE,CAAC,IAAI,CAAC,GAAG,CAAC,CAAC,CAAC;IAC9D,CAAC,CAAC,CAAA;IAEF,EAAE,CAAC,mBAAmB,EAAE,CAAC,IAAI,EAAE,EAAE;QAC7B,OAAO,CAAC,GAAG,CAAC,CAAC,GAAG,CAAC,cAAc,CAAC;aAC/B,IAAI,CAAC,EAAE,CAAC;aACR,IAAI,CAAC,CAAC,GAAG,EAAE,EAAE;YACV,OAAO,CAAC,GAAG,CAAC,GAAG,CAAC,IAAI,CAAC,CAAC;YACtB,MAAM,CAAC,GAAG,CAAC,MAAM,CAAC,CAAC,KAAK,CAAC,GAAG,CAAC,CAAC;YAC9B,IAAI,EAAE,CAAC;QACX,CAAC,CAAC,CAAA;IACN,CAAC,CAAC,CAAA;AACN,CAAC,CAAC,CAAA","sourcesContent":["process.env.NODE_ENV = 'test'\r\n\r\nconst expect = require('chai').expect;\r\nconst request = require('supertest');\r\n\r\nconst app = require('../../app.ts');\r\nconst conn = require('../../db');\r\n\r\ndescribe('Achievements', () => {\r\n    before((done) => {\r\n        conn.connect().then(() => done()).catch((err) => done(err));\r\n    })\r\n\r\n    after((done) => {\r\n        conn.close().then(() => done()).catch((err) => done(err));\r\n    })\r\n\r\n    it('Testing base path', (done) => {\r\n        request(app).get('/achievement')\r\n        .send({})\r\n        .then((res) => {\r\n            console.log(res.body);\r\n            expect(res.status).equal(200);\r\n            done();\r\n        })\r\n    })\r\n})"]},"_coverageSchema":"1a1c01bbd47fc00a2c39e90264f33305004495a9","hash":"63895833c1e5909cb41a9d75a55f93ca580558aa","contentHash":"292120c0c5a06cb1647677fcb6bfbfc1c37652f3fc18d4c27fc04e560e8c89bd"},"C:\\Users\\harry\\OneDrive\\University\\Year 3\\Project\\Skillify\\Back-End\\src\\app.ts":{"path":"C:\\Users\\harry\\OneDrive\\University\\Year 3\\Project\\Skillify\\Back-End\\src\\app.ts","statementMap":{"0":{"start":{"line":2,"column":0},"end":{"line":2,"column":62}},"1":{"start":{"line":3,"column":16},"end":{"line":3,"column":34}},"2":{"start":{"line":4,"column":13},"end":{"line":4,"column":28}},"3":{"start":{"line":5,"column":17},"end":{"line":5,"column":34}},"4":{"start":{"line":6,"column":23},"end":{"line":6,"column":55}},"5":{"start":{"line":7,"column":22},"end":{"line":7,"column":53}},"6":{"start":{"line":8,"column":25},"end":{"line":8,"column":59}},"7":{"start":{"line":9,"column":21},"end":{"line":9,"column":51}},"8":{"start":{"line":10,"column":29},"end":{"line":10,"column":67}},"9":{"start":{"line":11,"column":27},"end":{"line":11,"column":63}},"10":{"start":{"line":12,"column":0},"end":{"line":12,"column":18}},"11":{"start":{"line":13,"column":12},"end":{"line":13,"column":21}},"12":{"start":{"line":14,"column":0},"end":{"line":14,"column":16}},"13":{"start":{"line":15,"column":0},"end":{"line":15,"column":24}},"14":{"start":{"line":16,"column":0},"end":{"line":16,"column":42}},"15":{"start":{"line":17,"column":0},"end":{"line":17,"column":40}},"16":{"start":{"line":18,"column":0},"end":{"line":18,"column":46}},"17":{"start":{"line":19,"column":0},"end":{"line":19,"column":38}},"18":{"start":{"line":20,"column":0},"end":{"line":20,"column":50}},"19":{"start":{"line":21,"column":0},"end":{"line":21,"column":54}},"20":{"start":{"line":22,"column":0},"end":{"line":22,"column":21}}},"fnMap":{},"branchMap":{},"s":{"0":1,"1":1,"2":1,"3":1,"4":1,"5":1,"6":1,"7":1,"8":1,"9":1,"10":1,"11":1,"12":1,"13":1,"14":1,"15":1,"16":1,"17":1,"18":1,"19":1,"20":1},"f":{},"b":{},"inputSourceMap":{"version":3,"file":"C:\\Users\\harry\\OneDrive\\University\\Year 3\\Project\\Skillify\\Back-End\\src\\app.ts","sources":["C:\\Users\\harry\\OneDrive\\University\\Year 3\\Project\\Skillify\\Back-End\\src\\app.ts"],"names":[],"mappings":";;AAAA,mCAAmC;AACnC,6BAA6B;AAC7B,mCAAgC;AAChC,wDAAgD;AAChD,sDAA8C;AAC9C,4DAAoD;AACpD,oDAA4C;AAC5C,oEAA4D;AAC5D,gEAAwD;AAExD,eAAM,EAAE,CAAC;AACT,MAAM,GAAG,GAAG,OAAO,EAAE,CAAC;AAEtB,GAAG,CAAC,GAAG,CAAC,IAAI,EAAE,CAAC,CAAC;AAChB,GAAG,CAAC,GAAG,CAAC,OAAO,CAAC,IAAI,EAAE,CAAC,CAAA;AACvB,GAAG,CAAC,GAAG,CAAC,QAAQ,EAAE,sBAAW,CAAC,CAAC;AAC/B,GAAG,CAAC,GAAG,CAAC,OAAO,EAAE,qBAAU,CAAC,CAAC;AAC7B,GAAG,CAAC,GAAG,CAAC,UAAU,EAAE,wBAAa,CAAC,CAAC;AACnC,GAAG,CAAC,GAAG,CAAC,MAAM,EAAE,oBAAS,CAAC,CAAA;AAC1B,GAAG,CAAC,GAAG,CAAC,YAAY,EAAE,0BAAe,CAAC,CAAA;AACtC,GAAG,CAAC,GAAG,CAAC,cAAc,EAAE,4BAAiB,CAAC,CAAA;AAG1C,MAAM,CAAC,OAAO,GAAG,GAAG,CAAC","sourcesContent":["import * as express from 'express';\r\nimport * as cors from 'cors';\r\nimport { config } from 'dotenv';\r\nimport graphRoutes from './routes/graph-routes';\r\nimport userRoutes from './routes/user-routes';\r\nimport contentRoutes from './routes/content-routes';\r\nimport tagRoutes from './routes/tag-routes';\r\nimport achievementRoutes from './routes/achievement-routes';\r\nimport objectiveRoutes from './routes/objective-routes';\r\n\r\nconfig();\r\nconst app = express();\r\n\r\napp.use(cors());\r\napp.use(express.json())\r\napp.use('/graph', graphRoutes);\r\napp.use('/user', userRoutes);\r\napp.use('/content', contentRoutes);\r\napp.use('/tag', tagRoutes)\r\napp.use('/objective', objectiveRoutes)\r\napp.use('/achievement', achievementRoutes)\r\n\r\n\r\nmodule.exports = app;"]},"_coverageSchema":"1a1c01bbd47fc00a2c39e90264f33305004495a9","hash":"9a46cbb741ea04f1caae08a6fcef6a1bdf77f3b7","contentHash":"074563532422ed90abc9100df5c39bcde52a6fe8e8e3ba5bb733135b8bea3c24"},"C:\\Users\\harry\\OneDrive\\University\\Year 3\\Project\\Skillify\\Back-End\\src\\routes\\graph-routes.ts":{"path":"C:\\Users\\harry\\OneDrive\\University\\Year 3\\Project\\Skillify\\Back-End\\src\\routes\\graph-routes.ts","statementMap":{"0":{"start":{"line":2,"column":0},"end":{"line":2,"column":62}},"1":{"start":{"line":3,"column":18},"end":{"line":3,"column":36}},"2":{"start":{"line":4,"column":27},"end":{"line":4,"column":69}},"3":{"start":{"line":5,"column":28},"end":{"line":5,"column":56}},"4":{"start":{"line":6,"column":25},"end":{"line":6,"column":59}},"5":{"start":{"line":7,"column":26},"end":{"line":7,"column":67}},"6":{"start":{"line":8,"column":15},"end":{"line":8,"column":33}},"7":{"start":{"line":9,"column":0},"end":{"line":22,"column":3}},"8":{"start":{"line":10,"column":52},"end":{"line":10,"column":61}},"9":{"start":{"line":11,"column":4},"end":{"line":13,"column":5}},"10":{"start":{"line":12,"column":8},"end":{"line":12,"column":23}},"11":{"start":{"line":14,"column":19},"end":{"line":14,"column":122}},"12":{"start":{"line":15,"column":24},"end":{"line":15,"column":84}},"13":{"start":{"line":17,"column":23},"end":{"line":20,"column":6}},"14":{"start":{"line":18,"column":68},"end":{"line":18,"column":73}},"15":{"start":{"line":19,"column":8},"end":{"line":19,"column":67}},"16":{"start":{"line":21,"column":4},"end":{"line":21,"column":42}},"17":{"start":{"line":23,"column":0},"end":{"line":31,"column":3}},"18":{"start":{"line":24,"column":25},"end":{"line":24,"column":33}},"19":{"start":{"line":25,"column":19},"end":{"line":25,"column":75}},"20":{"start":{"line":26,"column":23},"end":{"line":29,"column":6}},"21":{"start":{"line":27,"column":68},"end":{"line":27,"column":73}},"22":{"start":{"line":28,"column":8},"end":{"line":28,"column":67}},"23":{"start":{"line":30,"column":4},"end":{"line":30,"column":29}},"24":{"start":{"line":32,"column":0},"end":{"line":42,"column":3}},"25":{"start":{"line":33,"column":19},"end":{"line":33,"column":60}},"26":{"start":{"line":34,"column":4},"end":{"line":36,"column":5}},"27":{"start":{"line":35,"column":8},"end":{"line":35,"column":64}},"28":{"start":{"line":37,"column":48},"end":{"line":37,"column":56}},"29":{"start":{"line":38,"column":20},"end":{"line":38,"column":86}},"30":{"start":{"line":39,"column":4},"end":{"line":39,"column":67}},"31":{"start":{"line":40,"column":4},"end":{"line":40,"column":26}},"32":{"start":{"line":41,"column":4},"end":{"line":41,"column":20}},"33":{"start":{"line":44,"column":0},"end":{"line":55,"column":3}},"34":{"start":{"line":45,"column":32},"end":{"line":45,"column":40}},"35":{"start":{"line":46,"column":21},"end":{"line":46,"column":84}},"36":{"start":{"line":47,"column":4},"end":{"line":54,"column":5}},"37":{"start":{"line":48,"column":8},"end":{"line":48,"column":32}},"38":{"start":{"line":49,"column":8},"end":{"line":49,"column":24}},"39":{"start":{"line":52,"column":8},"end":{"line":52,"column":33}},"40":{"start":{"line":53,"column":8},"end":{"line":53,"column":24}},"41":{"start":{"line":56,"column":0},"end":{"line":67,"column":3}},"42":{"start":{"line":57,"column":32},"end":{"line":57,"column":40}},"43":{"start":{"line":58,"column":21},"end":{"line":58,"column":89}},"44":{"start":{"line":59,"column":4},"end":{"line":66,"column":5}},"45":{"start":{"line":60,"column":8},"end":{"line":60,"column":32}},"46":{"start":{"line":61,"column":8},"end":{"line":61,"column":24}},"47":{"start":{"line":64,"column":8},"end":{"line":64,"column":33}},"48":{"start":{"line":65,"column":8},"end":{"line":65,"column":24}},"49":{"start":{"line":68,"column":0},"end":{"line":79,"column":3}},"50":{"start":{"line":69,"column":40},"end":{"line":69,"column":48}},"51":{"start":{"line":70,"column":21},"end":{"line":70,"column":91}},"52":{"start":{"line":71,"column":4},"end":{"line":78,"column":5}},"53":{"start":{"line":72,"column":8},"end":{"line":72,"column":32}},"54":{"start":{"line":73,"column":8},"end":{"line":73,"column":24}},"55":{"start":{"line":76,"column":8},"end":{"line":76,"column":33}},"56":{"start":{"line":77,"column":8},"end":{"line":77,"column":24}},"57":{"start":{"line":80,"column":0},"end":{"line":91,"column":3}},"58":{"start":{"line":81,"column":40},"end":{"line":81,"column":48}},"59":{"start":{"line":82,"column":21},"end":{"line":82,"column":96}},"60":{"start":{"line":83,"column":4},"end":{"line":90,"column":5}},"61":{"start":{"line":84,"column":8},"end":{"line":84,"column":32}},"62":{"start":{"line":85,"column":8},"end":{"line":85,"column":24}},"63":{"start":{"line":88,"column":8},"end":{"line":88,"column":33}},"64":{"start":{"line":89,"column":8},"end":{"line":89,"column":24}},"65":{"start":{"line":92,"column":0},"end":{"line":103,"column":3}},"66":{"start":{"line":93,"column":18},"end":{"line":93,"column":78}},"67":{"start":{"line":94,"column":48},"end":{"line":94,"column":53}},"68":{"start":{"line":95,"column":25},"end":{"line":100,"column":5}},"69":{"start":{"line":101,"column":4},"end":{"line":101,"column":38}},"70":{"start":{"line":102,"column":4},"end":{"line":102,"column":20}},"71":{"start":{"line":104,"column":0},"end":{"line":114,"column":3}},"72":{"start":{"line":105,"column":4},"end":{"line":107,"column":5}},"73":{"start":{"line":106,"column":8},"end":{"line":106,"column":28}},"74":{"start":{"line":108,"column":4},"end":{"line":110,"column":5}},"75":{"start":{"line":109,"column":8},"end":{"line":109,"column":28}},"76":{"start":{"line":111,"column":21},"end":{"line":111,"column":92}},"77":{"start":{"line":112,"column":4},"end":{"line":112,"column":32}},"78":{"start":{"line":113,"column":4},"end":{"line":113,"column":20}},"79":{"start":{"line":115,"column":0},"end":{"line":120,"column":3}},"80":{"start":{"line":116,"column":27},"end":{"line":116,"column":35}},"81":{"start":{"line":117,"column":21},"end":{"line":117,"column":104}},"82":{"start":{"line":118,"column":4},"end":{"line":118,"column":32}},"83":{"start":{"line":119,"column":4},"end":{"line":119,"column":20}},"84":{"start":{"line":121,"column":0},"end":{"line":125,"column":3}},"85":{"start":{"line":122,"column":21},"end":{"line":122,"column":81}},"86":{"start":{"line":123,"column":4},"end":{"line":123,"column":50}},"87":{"start":{"line":124,"column":4},"end":{"line":124,"column":20}},"88":{"start":{"line":126,"column":0},"end":{"line":130,"column":3}},"89":{"start":{"line":127,"column":21},"end":{"line":127,"column":98}},"90":{"start":{"line":128,"column":4},"end":{"line":128,"column":32}},"91":{"start":{"line":129,"column":4},"end":{"line":129,"column":20}},"92":{"start":{"line":131,"column":0},"end":{"line":131,"column":25}}},"fnMap":{"0":{"name":"(anonymous_0)","decl":{"start":{"line":9,"column":21},"end":{"line":9,"column":22}},"loc":{"start":{"line":9,"column":41},"end":{"line":22,"column":1}},"line":9},"1":{"name":"(anonymous_1)","decl":{"start":{"line":17,"column":34},"end":{"line":17,"column":35}},"loc":{"start":{"line":17,"column":45},"end":{"line":20,"column":5}},"line":17},"2":{"name":"(anonymous_2)","decl":{"start":{"line":23,"column":22},"end":{"line":23,"column":23}},"loc":{"start":{"line":23,"column":42},"end":{"line":31,"column":1}},"line":23},"3":{"name":"(anonymous_3)","decl":{"start":{"line":26,"column":34},"end":{"line":26,"column":35}},"loc":{"start":{"line":26,"column":45},"end":{"line":29,"column":5}},"line":26},"4":{"name":"(anonymous_4)","decl":{"start":{"line":32,"column":199},"end":{"line":32,"column":200}},"loc":{"start":{"line":32,"column":219},"end":{"line":42,"column":1}},"line":32},"5":{"name":"(anonymous_5)","decl":{"start":{"line":44,"column":61},"end":{"line":44,"column":62}},"loc":{"start":{"line":44,"column":81},"end":{"line":55,"column":1}},"line":44},"6":{"name":"(anonymous_6)","decl":{"start":{"line":56,"column":68},"end":{"line":56,"column":69}},"loc":{"start":{"line":56,"column":88},"end":{"line":67,"column":1}},"line":56},"7":{"name":"(anonymous_7)","decl":{"start":{"line":68,"column":66},"end":{"line":68,"column":67}},"loc":{"start":{"line":68,"column":86},"end":{"line":79,"column":1}},"line":68},"8":{"name":"(anonymous_8)","decl":{"start":{"line":80,"column":73},"end":{"line":80,"column":74}},"loc":{"start":{"line":80,"column":93},"end":{"line":91,"column":1}},"line":80},"9":{"name":"(anonymous_9)","decl":{"start":{"line":92,"column":71},"end":{"line":92,"column":72}},"loc":{"start":{"line":92,"column":91},"end":{"line":103,"column":1}},"line":92},"10":{"name":"(anonymous_10)","decl":{"start":{"line":104,"column":108},"end":{"line":104,"column":109}},"loc":{"start":{"line":104,"column":128},"end":{"line":114,"column":1}},"line":104},"11":{"name":"(anonymous_11)","decl":{"start":{"line":115,"column":114},"end":{"line":115,"column":115}},"loc":{"start":{"line":115,"column":134},"end":{"line":120,"column":1}},"line":115},"12":{"name":"(anonymous_12)","decl":{"start":{"line":121,"column":113},"end":{"line":121,"column":114}},"loc":{"start":{"line":121,"column":133},"end":{"line":125,"column":1}},"line":121},"13":{"name":"(anonymous_13)","decl":{"start":{"line":126,"column":114},"end":{"line":126,"column":115}},"loc":{"start":{"line":126,"column":134},"end":{"line":130,"column":1}},"line":126}},"branchMap":{"0":{"loc":{"start":{"line":11,"column":4},"end":{"line":13,"column":5}},"type":"if","locations":[{"start":{"line":11,"column":4},"end":{"line":13,"column":5}},{"start":{"line":11,"column":4},"end":{"line":13,"column":5}}],"line":11},"1":{"loc":{"start":{"line":34,"column":4},"end":{"line":36,"column":5}},"type":"if","locations":[{"start":{"line":34,"column":4},"end":{"line":36,"column":5}},{"start":{"line":34,"column":4},"end":{"line":36,"column":5}}],"line":34},"2":{"loc":{"start":{"line":47,"column":4},"end":{"line":54,"column":5}},"type":"if","locations":[{"start":{"line":47,"column":4},"end":{"line":54,"column":5}},{"start":{"line":47,"column":4},"end":{"line":54,"column":5}}],"line":47},"3":{"loc":{"start":{"line":59,"column":4},"end":{"line":66,"column":5}},"type":"if","locations":[{"start":{"line":59,"column":4},"end":{"line":66,"column":5}},{"start":{"line":59,"column":4},"end":{"line":66,"column":5}}],"line":59},"4":{"loc":{"start":{"line":71,"column":4},"end":{"line":78,"column":5}},"type":"if","locations":[{"start":{"line":71,"column":4},"end":{"line":78,"column":5}},{"start":{"line":71,"column":4},"end":{"line":78,"column":5}}],"line":71},"5":{"loc":{"start":{"line":83,"column":4},"end":{"line":90,"column":5}},"type":"if","locations":[{"start":{"line":83,"column":4},"end":{"line":90,"column":5}},{"start":{"line":83,"column":4},"end":{"line":90,"column":5}}],"line":83},"6":{"loc":{"start":{"line":105,"column":4},"end":{"line":107,"column":5}},"type":"if","locations":[{"start":{"line":105,"column":4},"end":{"line":107,"column":5}},{"start":{"line":105,"column":4},"end":{"line":107,"column":5}}],"line":105},"7":{"loc":{"start":{"line":108,"column":4},"end":{"line":110,"column":5}},"type":"if","locations":[{"start":{"line":108,"column":4},"end":{"line":110,"column":5}},{"start":{"line":108,"column":4},"end":{"line":110,"column":5}}],"line":108}},"s":{"0":1,"1":1,"2":1,"3":1,"4":1,"5":1,"6":1,"7":1,"8":0,"9":0,"10":0,"11":0,"12":0,"13":0,"14":0,"15":0,"16":0,"17":1,"18":0,"19":0,"20":0,"21":0,"22":0,"23":0,"24":1,"25":0,"26":0,"27":0,"28":0,"29":0,"30":0,"31":0,"32":0,"33":1,"34":0,"35":0,"36":0,"37":0,"38":0,"39":0,"40":0,"41":1,"42":0,"43":0,"44":0,"45":0,"46":0,"47":0,"48":0,"49":1,"50":0,"51":0,"52":0,"53":0,"54":0,"55":0,"56":0,"57":1,"58":0,"59":0,"60":0,"61":0,"62":0,"63":0,"64":0,"65":1,"66":0,"67":0,"68":0,"69":0,"70":0,"71":1,"72":0,"73":0,"74":0,"75":0,"76":0,"77":0,"78":0,"79":1,"80":0,"81":0,"82":0,"83":0,"84":1,"85":0,"86":0,"87":0,"88":1,"89":0,"90":0,"91":0,"92":1},"f":{"0":0,"1":0,"2":0,"3":0,"4":0,"5":0,"6":0,"7":0,"8":0,"9":0,"10":0,"11":0,"12":0,"13":0},"b":{"0":[0,0],"1":[0,0],"2":[0,0],"3":[0,0],"4":[0,0],"5":[0,0],"6":[0,0],"7":[0,0]},"inputSourceMap":{"version":3,"file":"C:\\Users\\harry\\OneDrive\\University\\Year 3\\Project\\Skillify\\Back-End\\src\\routes\\graph-routes.ts","sources":["C:\\Users\\harry\\OneDrive\\University\\Year 3\\Project\\Skillify\\Back-End\\src\\routes\\graph-routes.ts"],"names":[],"mappings":";;AAAA,qCAAiC;AACjC,sEAA+O;AAC/O,yDAAkE;AAClE,4DAA4D;AAC5D,oEAAoM;AAEpM,MAAM,MAAM,GAAG,gBAAM,EAAE,CAAC;AAGxB,MAAM,CAAC,GAAG,CAAC,QAAQ,EAAE,KAAK,EAAE,GAAG,EAAE,GAAG,EAAE,EAAE;IACtC,IAAI,EAAC,IAAI,EAAE,IAAI,EAAE,SAAS,EAAE,IAAI,EAAE,QAAQ,EAAC,GAAS,GAAG,CAAC,KAAK,CAAC;IAC9D,IAAI,CAAC,SAAS,EAAE;QACd,SAAS,GAAG,EAAE,CAAC;KAChB;IACD,MAAM,MAAM,GAAG,MAAM,4CAAyB,CAAC,IAAI,EAAE,SAAS,EAAE,QAAQ,CAAC,IAAI,CAAC,EAAE,QAAQ,CAAC,QAAQ,CAAC,CAAC,CAAC;IACpG,MAAM,WAAW,GAAG,MAAM,qCAAkB,CAAC,IAAI,EAAE,SAAS,CAAC,CAAC;IAE9D,gCAAgC;IAChC,MAAM,UAAU,GAAG,MAAM,CAAC,GAAG,CAAC,CAAC,KAAU,EAAE,EAAE;QAC3C,MAAM,EAAE,EAAE,EAAE,IAAI,EAAE,WAAW,EAAE,WAAW,EAAE,KAAK,EAAE,IAAI,EAAE,GAAG,KAAK,CAAA;QACjE,OAAO,EAAE,EAAE,EAAE,IAAI,EAAE,WAAW,EAAE,WAAW,EAAE,KAAK,EAAE,IAAI,EAAE,CAAA;IAC5D,CAAC,CAAC,CAAA;IAEF,GAAG,CAAC,IAAI,CAAC,EAAC,UAAU,EAAE,WAAW,EAAC,CAAC,CAAC;AACtC,CAAC,CAAC,CAAC;AAEH,MAAM,CAAC,IAAI,CAAC,QAAQ,EAAE,KAAK,EAAE,GAAG,EAAE,GAAG,EAAE,EAAE;IACvC,MAAM,EAAE,QAAQ,EAAE,GAAG,GAAG,CAAC,IAAI,CAAC;IAC9B,MAAM,MAAM,GAAQ,MAAM,wCAAqB,CAAC,QAAQ,CAAC,CAAA;IAEzD,MAAM,UAAU,GAAG,MAAM,CAAC,GAAG,CAAC,CAAC,KAAU,EAAE,EAAE;QAC3C,MAAM,EAAE,EAAE,EAAE,IAAI,EAAE,WAAW,EAAE,WAAW,EAAE,KAAK,EAAE,IAAI,EAAE,GAAG,KAAK,CAAA;QACjE,OAAO,EAAE,EAAE,EAAE,IAAI,EAAE,WAAW,EAAE,WAAW,EAAE,KAAK,EAAE,IAAI,EAAE,CAAA;IAC5D,CAAC,CAAC,CAAA;IAEF,GAAG,CAAC,IAAI,CAAC,EAAC,UAAU,EAAC,CAAC,CAAC;AACzB,CAAC,CAAC,CAAC;AAEH,MAAM,CAAC,IAAI,CAAC,SAAS,EAAE,CAAC,wBAAI,CAAC,MAAM,CAAC,CAAC,MAAM,EAAE,EAAE,wBAAI,CAAC,aAAa,CAAC,CAAC,MAAM,EAAE,EAAE,wBAAI,CAAC,QAAQ,CAAC,CAAC,MAAM,EAAE,EAAE,kCAAiB,CAAC,EAAE,KAAK,EAAE,GAAG,EAAE,GAAG,EAAE,EAAE;IAC3I,MAAM,MAAM,GAAG,oCAAgB,CAAC,GAAG,CAAC,CAAC;IACrC,IAAI,CAAC,MAAM,CAAC,OAAO,EAAE,EAAE;QACrB,OAAO,GAAG,CAAC,MAAM,CAAC,GAAG,CAAC,CAAC,IAAI,CAAC,EAAE,MAAM,EAAE,MAAM,CAAC,KAAK,EAAE,EAAE,CAAC,CAAC;KACzD;IACD,MAAM,EAAE,MAAM,EAAE,IAAI,EAAE,WAAW,EAAE,IAAI,EAAE,GAAG,GAAG,CAAC,IAAI,CAAC;IACrD,MAAM,OAAO,GAAG,iCAAc,CAAC,IAAI,EAAE,WAAW,EAAE,MAAM,EAAE,IAAI,CAAC,CAAC;IAChE,MAAM,uCAAqB,CAAC,OAAO,EAAE,MAAM,CAAC,CAAC;IAC7C,GAAG,CAAC,IAAI,CAAC,EAAE,OAAO,EAAE,CAAC,CAAC;IACtB,GAAG,CAAC,MAAM,CAAC,GAAG,CAAC,CAAA;AACjB,CAAC,CAAC,CAAC;AAEH,6DAA6D;AAC7D,MAAM,CAAC,IAAI,CAAC,WAAW,EAAE,kCAAiB,EAAE,KAAK,EAAE,GAAG,EAAE,GAAG,EAAE,EAAE;IAC7D,MAAM,EAAE,OAAO,EAAE,MAAM,EAAE,GAAG,GAAG,CAAC,IAAI,CAAC;IACrC,MAAM,QAAQ,GAAG,MAAM,wCAAsB,CAAC,OAAO,EAAE,MAAM,CAAC,CAAC;IAE/D,IAAI,QAAQ,CAAC,SAAS,KAAK,CAAC,EAAE;QAC5B,GAAG,CAAC,IAAI,CAAC,EAAE,GAAG,EAAE,IAAI,EAAE,CAAC,CAAC;QACxB,GAAG,CAAC,MAAM,CAAC,GAAG,CAAC,CAAA;KAChB;SAAM;QACL,GAAG,CAAC,IAAI,CAAC,EAAE,GAAG,EAAE,KAAK,EAAE,CAAC,CAAC;QACzB,GAAG,CAAC,MAAM,CAAC,GAAG,CAAC,CAAA;KAChB;AACH,CAAC,CAAC,CAAA;AAEF,MAAM,CAAC,IAAI,CAAC,kBAAkB,EAAE,kCAAiB,EAAE,KAAK,EAAE,GAAG,EAAE,GAAG,EAAE,EAAE;IACpE,MAAM,EAAE,OAAO,EAAE,MAAM,EAAE,GAAG,GAAG,CAAC,IAAI,CAAC;IACrC,MAAM,QAAQ,GAAG,MAAM,6CAA2B,CAAC,OAAO,EAAE,MAAM,CAAC,CAAC;IACpE,IAAI,QAAQ,EAAE;QACZ,GAAG,CAAC,IAAI,CAAC,EAAE,GAAG,EAAE,IAAI,EAAE,CAAC,CAAC;QACxB,GAAG,CAAC,MAAM,CAAC,GAAG,CAAC,CAAA;KAChB;SAAM;QACL,GAAG,CAAC,IAAI,CAAC,EAAE,GAAG,EAAE,KAAK,EAAE,CAAC,CAAC;QACzB,GAAG,CAAC,MAAM,CAAC,GAAG,CAAC,CAAA;KAChB;AACH,CAAC,CAAC,CAAA;AAEF,MAAM,CAAC,IAAI,CAAC,gBAAgB,EAAE,kCAAiB,EAAE,KAAK,EAAE,GAAG,EAAE,GAAG,EAAE,EAAE;IAClE,MAAM,EAAE,OAAO,EAAE,MAAM,EAAE,MAAM,EAAE,GAAG,GAAG,CAAC,IAAI,CAAC;IAC7C,MAAM,QAAQ,GAAG,MAAM,uCAAqB,CAAC,MAAM,EAAE,OAAO,EAAE,MAAM,CAAC,CAAC;IACtE,IAAI,QAAQ,CAAC,SAAS,KAAK,CAAC,EAAE;QAC5B,GAAG,CAAC,IAAI,CAAC,EAAE,GAAG,EAAE,IAAI,EAAE,CAAC,CAAC;QACxB,GAAG,CAAC,MAAM,CAAC,GAAG,CAAC,CAAA;KAChB;SAAM;QACL,GAAG,CAAC,IAAI,CAAC,EAAE,GAAG,EAAE,KAAK,EAAE,CAAC,CAAC;QACzB,GAAG,CAAC,MAAM,CAAC,GAAG,CAAC,CAAA;KAChB;AACH,CAAC,CAAC,CAAA;AAEF,MAAM,CAAC,IAAI,CAAC,uBAAuB,EAAE,kCAAiB,EAAE,KAAK,EAAE,GAAG,EAAE,GAAG,EAAE,EAAE;IACzE,MAAM,EAAE,OAAO,EAAE,MAAM,EAAE,MAAM,EAAE,GAAG,GAAG,CAAC,IAAI,CAAC;IAC7C,MAAM,QAAQ,GAAG,MAAM,4CAA0B,CAAC,MAAM,EAAE,OAAO,EAAE,MAAM,CAAC,CAAC;IAC3E,IAAI,QAAQ,EAAE;QACZ,GAAG,CAAC,IAAI,CAAC,EAAE,GAAG,EAAE,IAAI,EAAE,CAAC,CAAC;QACxB,GAAG,CAAC,MAAM,CAAC,GAAG,CAAC,CAAA;KAChB;SAAM;QACL,GAAG,CAAC,IAAI,CAAC,EAAE,GAAG,EAAE,KAAK,EAAE,CAAC,CAAC;QACzB,GAAG,CAAC,MAAM,CAAC,GAAG,CAAC,CAAA;KAChB;AACH,CAAC,CAAC,CAAA;AAEF,MAAM,CAAC,GAAG,CAAC,MAAM,EAAE,CAAC,yBAAK,CAAC,IAAI,CAAC,CAAC,cAAc,EAAE,CAAC,EAAE,KAAK,EAAE,GAAG,EAAE,GAAG,EAAE,EAAE;IACpE,MAAM,KAAK,GAAQ,MAAM,uCAAoB,CAAC,GAAG,CAAC,MAAM,CAAC,EAAE,CAAC,CAAC;IAC7D,MAAM,EAAC,IAAI,EAAE,WAAW,EAAE,KAAK,EAAE,KAAK,EAAE,GAAG,KAAK,CAAC;IACjD,MAAM,YAAY,GAAG;QACnB,IAAI;QACJ,KAAK;QACL,WAAW;QACX,KAAK;KACN,CAAA;IACD,GAAG,CAAC,IAAI,CAAC,EAAE,KAAK,EAAE,YAAY,EAAE,CAAC,CAAC;IAClC,GAAG,CAAC,MAAM,CAAC,GAAG,CAAC,CAAA;AACjB,CAAC,CAAC,CAAA;AAEF,MAAM,CAAC,IAAI,CAAC,MAAM,EAAE,CAAC,yBAAK,CAAC,IAAI,CAAC,CAAC,cAAc,EAAE,EAAE,kCAAiB,CAAC,EAAE,KAAK,EAAE,GAAG,EAAE,GAAG,EAAE,EAAE;IACxF,IAAI,CAAC,GAAG,CAAC,IAAI,CAAC,KAAK,EAAE;QACnB,GAAG,CAAC,IAAI,CAAC,KAAK,GAAG,EAAE,CAAC;KACrB;IACD,IAAI,CAAC,GAAG,CAAC,IAAI,CAAC,KAAK,EAAE;QACnB,GAAG,CAAC,IAAI,CAAC,KAAK,GAAG,EAAE,CAAC;KACrB;IACD,MAAM,QAAQ,GAAG,MAAM,wCAAqB,CAAC,GAAG,CAAC,MAAM,CAAC,EAAE,EAAE,GAAG,CAAC,IAAI,CAAC,CAAC;IACtE,GAAG,CAAC,IAAI,CAAC,EAAE,GAAG,EAAE,QAAQ,EAAE,CAAC,CAAC;IAC5B,GAAG,CAAC,MAAM,CAAC,GAAG,CAAC,CAAA;AACjB,CAAC,CAAC,CAAA;AAEF,MAAM,CAAC,IAAI,CAAC,YAAY,EAAE,CAAC,yBAAK,CAAC,IAAI,CAAC,CAAC,cAAc,EAAE,EAAE,kCAAiB,CAAC,EAAE,KAAK,EAAE,GAAG,EAAE,GAAG,EAAE,EAAE;IAC9F,MAAM,EAAE,UAAU,EAAE,GAAG,GAAG,CAAC,IAAI,CAAC;IAChC,MAAM,QAAQ,GAAG,MAAM,kDAA+B,CAAC,GAAG,CAAC,MAAM,CAAC,EAAE,EAAE,UAAU,CAAC,CAAC;IAClF,GAAG,CAAC,IAAI,CAAC,EAAE,GAAG,EAAE,QAAQ,EAAE,CAAC,CAAC;IAC5B,GAAG,CAAC,MAAM,CAAC,GAAG,CAAC,CAAA;AACjB,CAAC,CAAC,CAAA;AAEF,MAAM,CAAC,GAAG,CAAC,YAAY,EAAE,CAAC,yBAAK,CAAC,IAAI,CAAC,CAAC,cAAc,EAAE,EAAE,kCAAiB,CAAC,EAAE,KAAK,EAAE,GAAG,EAAE,GAAG,EAAE,EAAE;IAC7F,MAAM,QAAQ,GAAQ,MAAM,uCAAoB,CAAC,GAAG,CAAC,MAAM,CAAC,EAAE,CAAC,CAAC;IAChE,GAAG,CAAC,IAAI,CAAC,EAAE,UAAU,EAAE,QAAQ,CAAC,UAAU,EAAE,CAAC,CAAC;IAC9C,GAAG,CAAC,MAAM,CAAC,GAAG,CAAC,CAAA;AACjB,CAAC,CAAC,CAAA;AAEF,MAAM,CAAC,IAAI,CAAC,YAAY,EAAE,CAAC,yBAAK,CAAC,IAAI,CAAC,CAAC,cAAc,EAAE,EAAE,kCAAiB,CAAC,EAAE,KAAK,EAAE,GAAG,EAAE,GAAG,EAAE,EAAE;IAC9F,MAAM,QAAQ,GAAG,2CAAwB,CAAC,GAAG,CAAC,MAAM,CAAC,EAAE,EAAE,GAAG,CAAC,IAAI,CAAC,QAAQ,CAAC,CAAC;IAC5E,GAAG,CAAC,IAAI,CAAC,EAAE,GAAG,EAAE,QAAQ,EAAE,CAAC,CAAC;IAC5B,GAAG,CAAC,MAAM,CAAC,GAAG,CAAC,CAAA;AACjB,CAAC,CAAC,CAAA;AAIF,kBAAe,MAAM,CAAC","sourcesContent":["import { Router } from 'express';\r\nimport { getGraphFromDatabase, createNewGraph, updateGraphInDatabase, getGraphViewsFromDatabase, getGraphViewsCount, createImageFromGraphData, updateGraphStyleSheetInDatabase, getGraphsFromDatabase } from '../controllers/graph-controller';\r\nimport { body, param, validationResult } from 'express-validator';\r\nimport { authenticateToken } from '../utils/authentication';\r\nimport { addGraphToUserCreated, addGraphToUserProgress, addNodeToUserProgress, getUserFromDatabase, removeGraphFromUserProgress, removeNodeFromUserProgress } from '../controllers/user-controller';\r\n\r\nconst router = Router();\r\n\r\n\r\nrouter.get('/views', async (req, res) => {\r\n  let {name, tags: tagsQuery, page, pageSize} : any = req.query;\r\n  if (!tagsQuery) {\r\n    tagsQuery = [];\r\n  }\r\n  const graphs = await getGraphViewsFromDatabase(name, tagsQuery, parseInt(page), parseInt(pageSize));\r\n  const graphAmount = await getGraphViewsCount(name, tagsQuery);\r\n\r\n  // Remove the unnecessary fields\r\n  const graphViews = graphs.map((graph: any) => {\r\n    const { id, name, description, createdById, image, tags } = graph\r\n    return { id, name, description, createdById, image, tags }\r\n  })\r\n\r\n  res.json({graphViews, graphAmount});\r\n});\r\n\r\nrouter.post('/views', async (req, res) => {\r\n  const { graphIds } = req.body;\r\n  const graphs: any = await getGraphsFromDatabase(graphIds)\r\n\r\n  const graphViews = graphs.map((graph: any) => {\r\n    const { id, name, description, createdById, image, tags } = graph\r\n    return { id, name, description, createdById, image, tags }\r\n  })\r\n\r\n  res.json({graphViews});\r\n});\r\n\r\nrouter.post('/create', [body('name').exists(), body('description').exists(), body('userId').exists(), authenticateToken], async (req, res) => {\r\n  const errors = validationResult(req);\r\n  if (!errors.isEmpty()) {\r\n    return res.status(400).json({ errors: errors.array() });\r\n  }\r\n  const { userId, name, description, tags } = req.body;\r\n  const graphId = createNewGraph(name, description, userId, tags);\r\n  await addGraphToUserCreated(graphId, userId);\r\n  res.json({ graphId });\r\n  res.status(200)\r\n});\r\n\r\n//TODO add validation to prevent same graph being added twice\r\nrouter.post('/progress', authenticateToken, async (req, res) => {\r\n  const { graphId, userId } = req.body;\r\n  const response = await addGraphToUserProgress(graphId, userId);\r\n\r\n  if (response.nModified === 1) {\r\n    res.json({ res: true });\r\n    res.status(200)\r\n  } else {\r\n    res.json({ res: false });\r\n    res.status(400)\r\n  }\r\n})\r\n\r\nrouter.post('/progress/remove', authenticateToken, async (req, res) => {\r\n  const { graphId, userId } = req.body;\r\n  const response = await removeGraphFromUserProgress(graphId, userId);\r\n  if (response) {\r\n    res.json({ res: true });\r\n    res.status(200)\r\n  } else {\r\n    res.json({ res: false });\r\n    res.status(400)\r\n  }\r\n})\r\n\r\nrouter.post('/progress/node', authenticateToken, async (req, res) => {\r\n  const { graphId, userId, nodeId } = req.body;\r\n  const response = await addNodeToUserProgress(userId, graphId, nodeId);\r\n  if (response.nModified === 1) {\r\n    res.json({ res: true });\r\n    res.status(200)\r\n  } else {\r\n    res.json({ res: false });\r\n    res.status(400)\r\n  }\r\n})\r\n\r\nrouter.post('/progress/node/remove', authenticateToken, async (req, res) => {\r\n  const { graphId, userId, nodeId } = req.body;\r\n  const response = await removeNodeFromUserProgress(userId, graphId, nodeId);\r\n  if (response) {\r\n    res.json({ res: true });\r\n    res.status(200)\r\n  } else {\r\n    res.json({ res: false });\r\n    res.status(400)\r\n  }\r\n})\r\n\r\nrouter.get('/:id', [param('id').isAlphanumeric()], async (req, res) => {\r\n  const graph: any = await getGraphFromDatabase(req.params.id);\r\n  const {name, description, nodes, edges } = graph;\r\n  const dataToReturn = {\r\n    name,\r\n    nodes,\r\n    description,\r\n    edges,\r\n  }\r\n  res.json({ graph: dataToReturn });\r\n  res.status(200)\r\n})\r\n\r\nrouter.post('/:id', [param('id').isAlphanumeric(), authenticateToken], async (req, res) => {\r\n  if (!req.body.nodes) {\r\n    req.body.nodes = [];\r\n  }\r\n  if (!req.body.edges) {\r\n    req.body.edges = [];\r\n  }\r\n  const response = await updateGraphInDatabase(req.params.id, req.body);\r\n  res.json({ res: response });\r\n  res.status(200)\r\n})\r\n\r\nrouter.post('/:id/style', [param('id').isAlphanumeric(), authenticateToken], async (req, res) => {\r\n  const { styleSheet } = req.body;\r\n  const response = await updateGraphStyleSheetInDatabase(req.params.id, styleSheet);\r\n  res.json({ res: response });\r\n  res.status(200)\r\n})\r\n\r\nrouter.get('/:id/style', [param('id').isAlphanumeric(), authenticateToken], async (req, res) => {\r\n  const response: any = await getGraphFromDatabase(req.params.id);\r\n  res.json({ styleSheet: response.styleSheet });\r\n  res.status(200)\r\n})\r\n\r\nrouter.post('/:id/image', [param('id').isAlphanumeric(), authenticateToken], async (req, res) => {\r\n  const response = createImageFromGraphData(req.params.id, req.body.elements);\r\n  res.json({ res: response });\r\n  res.status(200)\r\n})\r\n\r\n\r\n\r\nexport default router;"]},"_coverageSchema":"1a1c01bbd47fc00a2c39e90264f33305004495a9","hash":"919859f4153f58288967cbdb18bb7d743aa40f32","contentHash":"fd430f1f04cfa95f235297227621f9782cba84ca3caf9c5ca0fe55992fc156c4"},"C:\\Users\\harry\\OneDrive\\University\\Year 3\\Project\\Skillify\\Back-End\\src\\controllers\\graph-controller.ts":{"path":"C:\\Users\\harry\\OneDrive\\University\\Year 3\\Project\\Skillify\\Back-End\\src\\controllers\\graph-controller.ts","statementMap":{"0":{"start":{"line":2,"column":0},"end":{"line":2,"column":62}},"1":{"start":{"line":3,"column":0},"end":{"line":3,"column":332}},"2":{"start":{"line":4,"column":23},"end":{"line":4,"column":57}},"3":{"start":{"line":5,"column":19},"end":{"line":5,"column":38}},"4":{"start":{"line":6,"column":18},"end":{"line":6,"column":36}},"5":{"start":{"line":7,"column":17},"end":{"line":7,"column":36}},"6":{"start":{"line":8,"column":14},"end":{"line":8,"column":40}},"7":{"start":{"line":9,"column":18},"end":{"line":9,"column":38}},"8":{"start":{"line":10,"column":19},"end":{"line":10,"column":72}},"9":{"start":{"line":11,"column":0},"end":{"line":15,"column":2}},"10":{"start":{"line":12,"column":26},"end":{"line":12,"column":82}},"11":{"start":{"line":13,"column":4},"end":{"line":13,"column":25}},"12":{"start":{"line":14,"column":4},"end":{"line":14,"column":40}},"13":{"start":{"line":16,"column":0},"end":{"line":18,"column":2}},"14":{"start":{"line":17,"column":4},"end":{"line":17,"column":48}},"15":{"start":{"line":19,"column":0},"end":{"line":21,"column":2}},"16":{"start":{"line":20,"column":4},"end":{"line":20,"column":56}},"17":{"start":{"line":22,"column":0},"end":{"line":29,"column":2}},"18":{"start":{"line":23,"column":4},"end":{"line":28,"column":5}},"19":{"start":{"line":24,"column":8},"end":{"line":24,"column":135}},"20":{"start":{"line":27,"column":8},"end":{"line":27,"column":109}},"21":{"start":{"line":30,"column":0},"end":{"line":37,"column":2}},"22":{"start":{"line":31,"column":4},"end":{"line":36,"column":5}},"23":{"start":{"line":32,"column":8},"end":{"line":32,"column":99}},"24":{"start":{"line":35,"column":8},"end":{"line":35,"column":73}},"25":{"start":{"line":38,"column":0},"end":{"line":40,"column":2}},"26":{"start":{"line":39,"column":4},"end":{"line":39,"column":155}},"27":{"start":{"line":41,"column":0},"end":{"line":43,"column":2}},"28":{"start":{"line":42,"column":4},"end":{"line":42,"column":91}},"29":{"start":{"line":44,"column":0},"end":{"line":46,"column":2}},"30":{"start":{"line":45,"column":4},"end":{"line":45,"column":118}},"31":{"start":{"line":47,"column":0},"end":{"line":49,"column":2}},"32":{"start":{"line":48,"column":4},"end":{"line":48,"column":118}},"33":{"start":{"line":50,"column":0},"end":{"line":69,"column":2}},"34":{"start":{"line":51,"column":4},"end":{"line":51,"column":25}},"35":{"start":{"line":52,"column":4},"end":{"line":52,"column":38}},"36":{"start":{"line":53,"column":15},"end":{"line":53,"column":25}},"37":{"start":{"line":54,"column":4},"end":{"line":68,"column":7}},"38":{"start":{"line":55,"column":8},"end":{"line":65,"column":11}},"39":{"start":{"line":67,"column":8},"end":{"line":67,"column":89}}},"fnMap":{"0":{"name":"(anonymous_0)","decl":{"start":{"line":11,"column":25},"end":{"line":11,"column":26}},"loc":{"start":{"line":11,"column":67},"end":{"line":15,"column":1}},"line":11},"1":{"name":"(anonymous_1)","decl":{"start":{"line":16,"column":31},"end":{"line":16,"column":32}},"loc":{"start":{"line":16,"column":45},"end":{"line":18,"column":1}},"line":16},"2":{"name":"(anonymous_2)","decl":{"start":{"line":19,"column":32},"end":{"line":19,"column":33}},"loc":{"start":{"line":19,"column":47},"end":{"line":21,"column":1}},"line":19},"3":{"name":"(anonymous_3)","decl":{"start":{"line":22,"column":36},"end":{"line":22,"column":37}},"loc":{"start":{"line":22,"column":74},"end":{"line":29,"column":1}},"line":22},"4":{"name":"(anonymous_4)","decl":{"start":{"line":30,"column":29},"end":{"line":30,"column":30}},"loc":{"start":{"line":30,"column":51},"end":{"line":37,"column":1}},"line":30},"5":{"name":"(anonymous_5)","decl":{"start":{"line":38,"column":32},"end":{"line":38,"column":33}},"loc":{"start":{"line":38,"column":52},"end":{"line":40,"column":1}},"line":38},"6":{"name":"(anonymous_6)","decl":{"start":{"line":41,"column":42},"end":{"line":41,"column":43}},"loc":{"start":{"line":41,"column":68},"end":{"line":43,"column":1}},"line":41},"7":{"name":"(anonymous_7)","decl":{"start":{"line":44,"column":35},"end":{"line":44,"column":36}},"loc":{"start":{"line":44,"column":55},"end":{"line":46,"column":1}},"line":44},"8":{"name":"(anonymous_8)","decl":{"start":{"line":47,"column":28},"end":{"line":47,"column":29}},"loc":{"start":{"line":47,"column":55},"end":{"line":49,"column":1}},"line":47},"9":{"name":"(anonymous_9)","decl":{"start":{"line":50,"column":35},"end":{"line":50,"column":36}},"loc":{"start":{"line":50,"column":53},"end":{"line":69,"column":1}},"line":50},"10":{"name":"(anonymous_10)","decl":{"start":{"line":54,"column":22},"end":{"line":54,"column":23}},"loc":{"start":{"line":54,"column":34},"end":{"line":66,"column":5}},"line":54},"11":{"name":"(anonymous_11)","decl":{"start":{"line":66,"column":12},"end":{"line":66,"column":13}},"loc":{"start":{"line":66,"column":27},"end":{"line":68,"column":5}},"line":66}},"branchMap":{"0":{"loc":{"start":{"line":23,"column":4},"end":{"line":28,"column":5}},"type":"if","locations":[{"start":{"line":23,"column":4},"end":{"line":28,"column":5}},{"start":{"line":23,"column":4},"end":{"line":28,"column":5}}],"line":23},"1":{"loc":{"start":{"line":31,"column":4},"end":{"line":36,"column":5}},"type":"if","locations":[{"start":{"line":31,"column":4},"end":{"line":36,"column":5}},{"start":{"line":31,"column":4},"end":{"line":36,"column":5}}],"line":31}},"s":{"0":1,"1":1,"2":1,"3":1,"4":1,"5":1,"6":1,"7":1,"8":1,"9":1,"10":0,"11":0,"12":0,"13":1,"14":0,"15":1,"16":0,"17":1,"18":0,"19":0,"20":0,"21":1,"22":0,"23":0,"24":0,"25":1,"26":0,"27":1,"28":0,"29":1,"30":0,"31":1,"32":0,"33":1,"34":0,"35":0,"36":0,"37":0,"38":0,"39":0},"f":{"0":0,"1":0,"2":0,"3":0,"4":0,"5":0,"6":0,"7":0,"8":0,"9":0,"10":0,"11":0},"b":{"0":[0,0],"1":[0,0]},"inputSourceMap":{"version":3,"file":"C:\\Users\\harry\\OneDrive\\University\\Year 3\\Project\\Skillify\\Back-End\\src\\controllers\\graph-controller.ts","sources":["C:\\Users\\harry\\OneDrive\\University\\Year 3\\Project\\Skillify\\Back-End\\src\\controllers\\graph-controller.ts"],"names":[],"mappings":";;;AAAA,0DAAsD;AACtD,uCAAiC;AACjC,qCAAmC;AACnC,qCAAqC;AACrC,yCAAyC;AACzC,uCAAuC;AAEvC,MAAM,UAAU,GAAG,gBAAK,CAAC,OAAO,EAAE,0BAAW,CAAC,CAAC;AAGlC,QAAA,cAAc,GAAG,CAAC,IAAY,EAAE,WAAmB,EAAE,WAAmB,EAAE,IAAc,EAAU,EAAE;IAC7G,MAAM,aAAa,GAAG,IAAI,UAAU,CAAC,EAAE,IAAI,EAAE,WAAW,EAAE,WAAW,EAAE,IAAI,EAAE,CAAC,CAAC;IAC/E,aAAa,CAAC,IAAI,EAAE,CAAA;IACpB,OAAO,aAAa,CAAC,GAAG,CAAC,QAAQ,EAAE,CAAC;AACxC,CAAC,CAAA;AAEY,QAAA,oBAAoB,GAAG,KAAK,EAAE,EAAU,EAAE,EAAE;IACrD,OAAO,MAAM,UAAU,CAAC,QAAQ,CAAC,EAAE,CAAC,CAAC,IAAI,EAAE,CAAC;AAChD,CAAC,CAAA;AAEY,QAAA,qBAAqB,GAAG,KAAK,EAAE,GAAG,EAAE,EAAE;IAC/C,OAAO,MAAM,UAAU,CAAC,IAAI,CAAC,EAAC,GAAG,EAAE,EAAC,GAAG,EAAE,GAAG,EAAC,EAAC,CAAC,CAAA;AACnD,CAAC,CAAA;AAEY,QAAA,yBAAyB,GAAG,KAAK,EAAE,IAAI,EAAE,IAAI,EAAE,IAAI,EAAE,QAAQ,EAAE,EAAE;IAC1E,IAAI,IAAI,CAAC,MAAM,GAAG,CAAC,EAAE;QACjB,OAAO,MAAM,UAAU,CAAC,IAAI,CAAC,EAAC,IAAI,EAAE,IAAI,MAAM,CAAC,IAAI,CAAC,EAAE,IAAI,EAAE,EAAC,GAAG,EAAE,CAAC,GAAG,IAAI,CAAC,EAAC,EAAC,CAAC,CAAC,IAAI,CAAC,CAAC,IAAI,GAAC,CAAC,CAAC,GAAG,QAAQ,CAAC,CAAC,KAAK,CAAC,QAAQ,CAAC,CAAC;KAC5H;SAAM;QACH,OAAO,MAAM,UAAU,CAAC,IAAI,CAAC,EAAC,IAAI,EAAE,IAAI,MAAM,CAAC,IAAI,CAAC,EAAC,CAAC,CAAC,IAAI,CAAC,CAAC,IAAI,GAAC,CAAC,CAAC,GAAG,QAAQ,CAAC,CAAC,KAAK,CAAC,QAAQ,CAAC,CAAC;KACpG;AAEL,CAAC,CAAA;AAEY,QAAA,kBAAkB,GAAG,KAAK,EAAE,IAAI,EAAE,IAAI,EAAE,EAAE;IACnD,IAAI,IAAI,CAAC,MAAM,GAAG,CAAC,EAAE;QACjB,OAAO,MAAM,UAAU,CAAC,IAAI,CAAC,EAAC,IAAI,EAAE,IAAI,MAAM,CAAC,IAAI,CAAC,EAAE,IAAI,EAAE,EAAC,GAAG,EAAE,CAAC,GAAG,IAAI,CAAC,EAAC,EAAC,CAAC,CAAC,KAAK,EAAE,CAAC;KAC1F;SAAM;QACH,OAAO,MAAM,UAAU,CAAC,IAAI,CAAC,EAAC,IAAI,EAAE,IAAI,MAAM,CAAC,IAAI,CAAC,EAAC,CAAC,CAAC,KAAK,EAAE,CAAC;KAClE;AAEL,CAAC,CAAA;AAEY,QAAA,qBAAqB,GAAG,KAAK,EAAE,EAAU,EAAE,IAAS,EAAgB,EAAE;IAC/E,OAAO,MAAM,UAAU,CAAC,SAAS,CAAC,EAAE,GAAG,EAAE,IAAI,kBAAQ,CAAC,EAAE,CAAC,EAAE,EAAE,EAAE,KAAK,EAAE,IAAI,CAAC,KAAK,EAAE,KAAK,EAAE,IAAI,CAAC,KAAK,EAAE,KAAK,EAAE,IAAI,CAAC,KAAK,EAAE,KAAK,EAAE,IAAI,CAAC,KAAK,EAAC,CAAC,CAAA;AAC/I,CAAC,CAAA;AAEY,QAAA,+BAA+B,GAAG,KAAK,EAAE,EAAU,EAAE,UAAe,EAAgB,EAAE;IAC/F,OAAO,MAAM,UAAU,CAAC,SAAS,CAAC,EAAE,GAAG,EAAE,IAAI,kBAAQ,CAAC,EAAE,CAAC,EAAE,EAAE,EAAE,UAAU,EAAE,CAAC,CAAA;AAChF,CAAC,CAAA;AAEY,QAAA,wBAAwB,GAAG,KAAK,EAAE,EAAU,EAAE,IAAS,EAAgB,EAAE;IAClF,OAAO,MAAM,UAAU,CAAC,UAAU,CAAC,EAAE,GAAG,EAAE,IAAI,kBAAQ,CAAC,EAAE,CAAC,EAAE,EAAE,EAAE,KAAK,EAAE,IAAI,CAAC,KAAK,EAAE,KAAK,EAAE,IAAI,CAAC,KAAK,EAAE,CAAC,CAAA;AAC3G,CAAC,CAAA;AAEY,QAAA,iBAAiB,GAAG,KAAK,EAAE,OAAe,EAAE,MAAc,EAAE,EAAE;IACvE,OAAO,MAAM,UAAU,CAAC,IAAI,CAAC,EAAE,GAAG,EAAE,IAAI,kBAAQ,CAAC,OAAO,CAAC,EAAE,eAAe,EAAE,MAAM,EAAE,EAAE,EAAC,SAAS,EAAE,CAAC,EAAC,CAAC,CAAC;AAC1G,CAAC,CAAA;AAIY,QAAA,wBAAwB,GAAG,CAAC,EAAU,EAAE,QAAa,EAAE,EAAE;IAClE,SAAS,CAAC,GAAG,CAAC,KAAK,CAAC,CAAA;IACpB,QAAQ,CAAC,GAAG,CAAC,CAAC,iBAAiB,CAAC,CAAC,CAAC;IAClC,IAAI,IAAI,GAAG,QAAQ,EAAE,CAAC;IACtB,IAAI,CAAC,KAAK,EAAE,CAAC,IAAI,CAAC;QACd,OAAO,IAAI,CAAC,IAAI,CAAC;YACb,QAAQ,EAAE,QAAQ,CAAC,QAAQ;YAC3B,UAAU,EAAE,WAAW;YACvB,MAAM,EAAE;gBACJ,IAAI,EAAE,OAAO;aAChB;YACD,MAAM,EAAE,KAAK;YACb,KAAK,EAAE,GAAG;YACV,MAAM,EAAE,GAAG;YACX,UAAU,EAAE,aAAa;SAC5B,CAAC,CAAC;IACP,CAAC,CAAC,CAAC,IAAI,CAAC,UAAU,GAAG;QACjB,OAAO,UAAU,CAAC,SAAS,CAAC,EAAE,GAAG,EAAE,IAAI,kBAAQ,CAAC,EAAE,CAAC,EAAE,EAAE,EAAE,KAAK,EAAE,GAAG,EAAE,CAAC,CAAA;IAC1E,CAAC,CAAC,CAAC;AACP,CAAC,CAAA","sourcesContent":["import { graphSchema } from '../schemas/graph-schema';\r\nimport { model } from 'mongoose';\r\nimport { ObjectId } from 'mongodb';\r\nimport * as cytosnap from 'cytosnap';\r\nimport * as dagre from 'cytoscape-dagre';\r\nimport * as cytoscape from 'cytoscape';\r\n\r\nconst graphModel = model('Graph', graphSchema);\r\n\r\n\r\nexport const createNewGraph = (name: string, description: string, createdById: string, tags: string[]): string => {\r\n    const graphInstance = new graphModel({ name, description, createdById, tags });\r\n    graphInstance.save()\r\n    return graphInstance._id.toString();\r\n}\r\n\r\nexport const getGraphFromDatabase = async (id: string) => {\r\n    return await graphModel.findById(id).exec();\r\n}\r\n\r\nexport const getGraphsFromDatabase = async (ids) => {\r\n    return await graphModel.find({_id: {$in: ids}})\r\n}\r\n\r\nexport const getGraphViewsFromDatabase = async (name, tags, page, pageSize) => {\r\n    if (tags.length > 0) {\r\n        return await graphModel.find({name: new RegExp(name), tags: {$in: [...tags]}}).skip((page-1) * pageSize).limit(pageSize);\r\n    } else {\r\n        return await graphModel.find({name: new RegExp(name)}).skip((page-1) * pageSize).limit(pageSize);\r\n    } \r\n\r\n}\r\n\r\nexport const getGraphViewsCount = async (name, tags) => {\r\n    if (tags.length > 0) {\r\n        return await graphModel.find({name: new RegExp(name), tags: {$in: [...tags]}}).count();\r\n    } else {\r\n        return await graphModel.find({name: new RegExp(name)}).count();\r\n    } \r\n\r\n}\r\n\r\nexport const updateGraphInDatabase = async (id: string, body: any): Promise<any> => {\r\n    return await graphModel.updateOne({ _id: new ObjectId(id) }, { edges: body.edges, nodes: body.nodes, image: body.image, style: body.style})\r\n}\r\n\r\nexport const updateGraphStyleSheetInDatabase = async (id: string, styleSheet: any): Promise<any> => {\r\n    return await graphModel.updateOne({ _id: new ObjectId(id) }, { styleSheet })\r\n}\r\n\r\nexport const overwriteGraphInDatabase = async (id: string, body: any): Promise<any> => {\r\n    return await graphModel.replaceOne({ _id: new ObjectId(id) }, { edges: body.edges, nodes: body.nodes })\r\n}\r\n\r\nexport const getNodesFromGraph = async (graphId: string, nodeId: string) => {\r\n    return await graphModel.find({ _id: new ObjectId(graphId), 'nodes.data.id': nodeId }, {'nodes.$': 1});\r\n}\r\n\r\n\r\n\r\nexport const createImageFromGraphData = (id: string, elements: any) => {\r\n    cytoscape.use(dagre)\r\n    cytosnap.use(['cytoscape-dagre']);\r\n    var snap = cytosnap();\r\n    snap.start().then(function () {\r\n        return snap.shot({\r\n            elements: elements.elements,\r\n            resolvesTo: 'base64uri',\r\n            layout: {\r\n                name: 'dagre'\r\n            },\r\n            format: 'png',\r\n            width: 400,\r\n            height: 200,\r\n            background: 'transparent'\r\n        });\r\n    }).then(function (img) {\r\n        return graphModel.updateOne({ _id: new ObjectId(id) }, { image: img })\r\n    });\r\n}\r\n\r\n"]},"_coverageSchema":"1a1c01bbd47fc00a2c39e90264f33305004495a9","hash":"bcacf899fa3d0b96d17f7dea28503507331f039b","contentHash":"409a655538ae70373cb06b6fe4aad6735282dbd9b9ce24f9c67b8730b29bde30"},"C:\\Users\\harry\\OneDrive\\University\\Year 3\\Project\\Skillify\\Back-End\\src\\schemas\\graph-schema.ts":{"path":"C:\\Users\\harry\\OneDrive\\University\\Year 3\\Project\\Skillify\\Back-End\\src\\schemas\\graph-schema.ts","statementMap":{"0":{"start":{"line":2,"column":0},"end":{"line":2,"column":62}},"1":{"start":{"line":3,"column":0},"end":{"line":3,"column":50}},"2":{"start":{"line":4,"column":19},"end":{"line":4,"column":38}},"3":{"start":{"line":5,"column":25},"end":{"line":5,"column":52}},"4":{"start":{"line":6,"column":0},"end":{"line":19,"column":3}},"5":{"start":{"line":20,"column":19},"end":{"line":30,"column":2}},"6":{"start":{"line":31,"column":14},"end":{"line":34,"column":2}},"7":{"start":{"line":35,"column":0},"end":{"line":44,"column":3}}},"fnMap":{},"branchMap":{},"s":{"0":1,"1":1,"2":1,"3":1,"4":1,"5":1,"6":1,"7":1},"f":{},"b":{},"inputSourceMap":{"version":3,"file":"C:\\Users\\harry\\OneDrive\\University\\Year 3\\Project\\Skillify\\Back-End\\src\\schemas\\graph-schema.ts","sources":["C:\\Users\\harry\\OneDrive\\University\\Year 3\\Project\\Skillify\\Back-End\\src\\schemas\\graph-schema.ts"],"names":[],"mappings":";;;AAAA,uCAAkC;AAClC,qDAAiD;AAGpC,QAAA,UAAU,GAAG,IAAI,iBAAM,CAAC;IACjC,IAAI,EAAE;QACF,EAAE,EAAE,MAAM;QACV,KAAK,EAAE,MAAM;QACb,WAAW,EAAE,MAAM;QACnB,SAAS,EAAE,OAAO;QAClB,OAAO,EAAE,CAAC,8BAAa,CAAC;QACxB,IAAI,EAAE,iBAAM,CAAC,KAAK,CAAC,KAAK;KAC3B;IACD,QAAQ,EAAE;QACN,CAAC,EAAE,MAAM;QACT,CAAC,EAAE,MAAM;KACZ;CACJ,CAAC,CAAA;AAEF,MAAM,UAAU,GAAG,IAAI,iBAAM,CAAC;IAC1B,IAAI,EAAE;QACF,EAAE,EAAE,MAAM;QACV,MAAM,EAAE,MAAM;QACd,MAAM,EAAE,MAAM;KACjB;IACD,QAAQ,EAAE;QACN,CAAC,EAAE,MAAM;QACT,CAAC,EAAE,MAAM;KACZ;CACJ,CAAC,CAAA;AAEF,MAAM,KAAK,GAAG,IAAI,iBAAM,CAAC;IACrB,QAAQ,EAAE,MAAM;IAChB,KAAK,EAAE,iBAAM,CAAC,KAAK,CAAC,KAAK;CAC5B,CAAC,CAAA;AAEW,QAAA,WAAW,GAAG,IAAI,iBAAM,CAAC;IAClC,IAAI,EAAE,MAAM;IACZ,WAAW,EAAE,MAAM;IACnB,WAAW,EAAE,MAAM;IACnB,KAAK,EAAE,MAAM;IACb,KAAK,EAAE,CAAC,kBAAU,CAAC;IACnB,KAAK,EAAE,CAAC,UAAU,CAAC;IACnB,UAAU,EAAE,CAAC,KAAK,CAAC;IACnB,IAAI,EAAE,CAAC,MAAM,CAAC;CACjB,CAAC,CAAA","sourcesContent":["import { Schema } from 'mongoose';\r\nimport { contentSchema } from './content-schema';\r\n\r\n\r\nexport const nodeSchema = new Schema({\r\n    data: {\r\n        id: String,\r\n        label: String,\r\n        description: String,\r\n        completed: Boolean,\r\n        content: [contentSchema],\r\n        type: Schema.Types.Mixed,\r\n    },\r\n    position: {\r\n        x: Number,\r\n        y: Number\r\n    },\r\n})\r\n\r\nconst edgeSchema = new Schema({\r\n    data: {\r\n        id: String,\r\n        source: String,\r\n        target: String\r\n    },\r\n    position: {\r\n        x: Number,\r\n        y: Number\r\n    }\r\n})\r\n\r\nconst style = new Schema({\r\n    selector: String,\r\n    style: Schema.Types.Mixed\r\n})\r\n\r\nexport const graphSchema = new Schema({\r\n    name: String,\r\n    description: String,\r\n    createdById: String,\r\n    image: String,\r\n    nodes: [nodeSchema],\r\n    edges: [edgeSchema],\r\n    styleSheet: [style],\r\n    tags: [String],\r\n})\r\n"]},"_coverageSchema":"1a1c01bbd47fc00a2c39e90264f33305004495a9","hash":"11c962fdce98396b8c066840fcb8612709c58f62","contentHash":"ab4f389c018e4de7816f8d4add1e888f1cc60f34857904524979f759d6190dbb"},"C:\\Users\\harry\\OneDrive\\University\\Year 3\\Project\\Skillify\\Back-End\\src\\schemas\\content-schema.ts":{"path":"C:\\Users\\harry\\OneDrive\\University\\Year 3\\Project\\Skillify\\Back-End\\src\\schemas\\content-schema.ts","statementMap":{"0":{"start":{"line":2,"column":0},"end":{"line":2,"column":62}},"1":{"start":{"line":3,"column":0},"end":{"line":3,"column":31}},"2":{"start":{"line":4,"column":19},"end":{"line":4,"column":38}},"3":{"start":{"line":5,"column":0},"end":{"line":10,"column":3}}},"fnMap":{},"branchMap":{},"s":{"0":1,"1":1,"2":1,"3":1},"f":{},"b":{},"inputSourceMap":{"version":3,"file":"C:\\Users\\harry\\OneDrive\\University\\Year 3\\Project\\Skillify\\Back-End\\src\\schemas\\content-schema.ts","sources":["C:\\Users\\harry\\OneDrive\\University\\Year 3\\Project\\Skillify\\Back-End\\src\\schemas\\content-schema.ts"],"names":[],"mappings":";;;AAAA,uCAAkC;AAErB,QAAA,aAAa,GAAG,IAAI,iBAAM,CAAC;IACpC,MAAM,EAAE,MAAM;IACd,IAAI,EAAE,MAAM;IACZ,UAAU,EAAE,MAAM;IAClB,KAAK,EAAE,MAAM;CAChB,CAAC,CAAA","sourcesContent":["import { Schema } from \"mongoose\";\n\nexport const contentSchema = new Schema({\n    nodeId: String,\n    type: String,\n    externalId: String,\n    score: Number,\n})"]},"_coverageSchema":"1a1c01bbd47fc00a2c39e90264f33305004495a9","hash":"491a51163d2e625bd6eaa8ddb38a3111de7ba233","contentHash":"76a77a4f5bb52b34909706d24904b78a298a1a957181ed0679e9ee7af5a59071"},"C:\\Users\\harry\\OneDrive\\University\\Year 3\\Project\\Skillify\\Back-End\\src\\utils\\authentication.ts":{"path":"C:\\Users\\harry\\OneDrive\\University\\Year 3\\Project\\Skillify\\Back-End\\src\\utils\\authentication.ts","statementMap":{"0":{"start":{"line":2,"column":0},"end":{"line":2,"column":62}},"1":{"start":{"line":3,"column":0},"end":{"line":3,"column":57}},"2":{"start":{"line":4,"column":23},"end":{"line":4,"column":46}},"3":{"start":{"line":6,"column":0},"end":{"line":10,"column":2}},"4":{"start":{"line":8,"column":16},"end":{"line":8,"column":61}},"5":{"start":{"line":9,"column":4},"end":{"line":9,"column":85}},"6":{"start":{"line":12,"column":0},"end":{"line":25,"column":2}},"7":{"start":{"line":14,"column":23},"end":{"line":14,"column":48}},"8":{"start":{"line":15,"column":18},"end":{"line":15,"column":56}},"9":{"start":{"line":16,"column":4},"end":{"line":17,"column":35}},"10":{"start":{"line":17,"column":8},"end":{"line":17,"column":35}},"11":{"start":{"line":18,"column":4},"end":{"line":24,"column":7}},"12":{"start":{"line":20,"column":8},"end":{"line":21,"column":39}},"13":{"start":{"line":21,"column":12},"end":{"line":21,"column":39}},"14":{"start":{"line":22,"column":8},"end":{"line":22,"column":24}},"15":{"start":{"line":23,"column":8},"end":{"line":23,"column":15}}},"fnMap":{"0":{"name":"(anonymous_0)","decl":{"start":{"line":6,"column":22},"end":{"line":6,"column":23}},"loc":{"start":{"line":6,"column":44},"end":{"line":10,"column":1}},"line":6},"1":{"name":"(anonymous_1)","decl":{"start":{"line":12,"column":28},"end":{"line":12,"column":29}},"loc":{"start":{"line":12,"column":48},"end":{"line":25,"column":1}},"line":12},"2":{"name":"(anonymous_2)","decl":{"start":{"line":18,"column":59},"end":{"line":18,"column":60}},"loc":{"start":{"line":18,"column":74},"end":{"line":24,"column":5}},"line":18}},"branchMap":{"0":{"loc":{"start":{"line":15,"column":18},"end":{"line":15,"column":56}},"type":"binary-expr","locations":[{"start":{"line":15,"column":18},"end":{"line":15,"column":28}},{"start":{"line":15,"column":32},"end":{"line":15,"column":56}}],"line":15},"1":{"loc":{"start":{"line":16,"column":4},"end":{"line":17,"column":35}},"type":"if","locations":[{"start":{"line":16,"column":4},"end":{"line":17,"column":35}},{"start":{"line":16,"column":4},"end":{"line":17,"column":35}}],"line":16},"2":{"loc":{"start":{"line":20,"column":8},"end":{"line":21,"column":39}},"type":"if","locations":[{"start":{"line":20,"column":8},"end":{"line":21,"column":39}},{"start":{"line":20,"column":8},"end":{"line":21,"column":39}}],"line":20}},"s":{"0":1,"1":1,"2":1,"3":1,"4":0,"5":0,"6":1,"7":0,"8":0,"9":0,"10":0,"11":0,"12":0,"13":0,"14":0,"15":0},"f":{"0":0,"1":0,"2":0},"b":{"0":[0,0],"1":[0,0],"2":[0,0]},"inputSourceMap":{"version":3,"file":"C:\\Users\\harry\\OneDrive\\University\\Year 3\\Project\\Skillify\\Back-End\\src\\utils\\authentication.ts","sources":["C:\\Users\\harry\\OneDrive\\University\\Year 3\\Project\\Skillify\\Back-End\\src\\utils\\authentication.ts"],"names":[],"mappings":";;;AAAA,+CAA4C;AAE5C,yDAAyD;AAC5C,QAAA,WAAW,GAAG,CAAC,MAAc,EAAE,QAAgB,EAAE,EAAE;IAC9D,2BAA2B;IAC3B,MAAM,GAAG,GAAG,IAAI,CAAC,KAAK,CAAC,IAAI,CAAC,GAAG,EAAE,GAAG,IAAI,CAAC,GAAG,CAAC,EAAE,GAAG,EAAE,CAAC,GAAG,CAAC,CAAC;IAC1D,OAAO,mBAAI,CAAC,EAAE,MAAM,EAAE,QAAQ,EAAE,GAAG,GAAG,EAAE,OAAO,CAAC,GAAG,CAAC,YAAY,CAAC,CAAC;AACpE,CAAC,CAAA;AAED,+DAA+D;AAClD,QAAA,iBAAiB,GAAG,CAAC,GAAG,EAAE,GAAG,EAAE,IAAI,EAAE,EAAE;IAClD,sDAAsD;IACtD,MAAM,UAAU,GAAG,GAAG,CAAC,OAAO,CAAC,aAAa,CAAA;IAC5C,MAAM,KAAK,GAAG,UAAU,IAAI,UAAU,CAAC,KAAK,CAAC,GAAG,CAAC,CAAC,CAAC,CAAC,CAAA;IACpD,IAAI,KAAK,IAAI,IAAI;QAAE,OAAO,GAAG,CAAC,UAAU,CAAC,GAAG,CAAC,CAAA;IAE7C,qBAAM,CAAC,KAAK,EAAE,OAAO,CAAC,GAAG,CAAC,YAAsB,EAAE,CAAC,GAAQ,EAAE,IAAS,EAAE,EAAE;QACxE,uCAAuC;QACvC,IAAI,GAAG;YAAE,OAAO,GAAG,CAAC,UAAU,CAAC,GAAG,CAAC,CAAA;QACnC,GAAG,CAAC,IAAI,GAAG,IAAI,CAAA;QACf,IAAI,EAAE,CAAA,CAAC,iEAAiE;IAC1E,CAAC,CAAC,CAAA;AACJ,CAAC,CAAA","sourcesContent":["import { sign, verify } from 'jsonwebtoken';\r\n\r\n// Create a JWT token using the secret in the .env config\r\nexport const generateJWT = (userId: string, username: string) => {\r\n  // Token expires in 6 hours\r\n  const exp = Math.floor(Date.now() / 1000) + (60 * 60) * 6;\r\n  return sign({ userId, username, exp, }, process.env.TOKEN_SECRET);\r\n}\r\n\r\n// Check the request header and authenticate the token attached\r\nexport const authenticateToken = (req, res, next) => {\r\n  // Gather the jwt access token from the request header\r\n  const authHeader = req.headers.authorization\r\n  const token = authHeader && authHeader.split(' ')[1]\r\n  if (token == null) return res.sendStatus(401)\r\n\r\n  verify(token, process.env.TOKEN_SECRET as string, (err: any, user: any) => {\r\n    // tslint:disable-next-line: no-console\r\n    if (err) return res.sendStatus(403)\r\n    req.user = user\r\n    next() // pass the execution off to whatever request the client intended\r\n  })\r\n}"]},"_coverageSchema":"1a1c01bbd47fc00a2c39e90264f33305004495a9","hash":"02592e5338b657324ec62a1581fbfcfe6c74543a","contentHash":"70138aac63eea82558a323bc9fb6ca32b6b03f02c166c092ca5ad7689c5bf6ee"},"C:\\Users\\harry\\OneDrive\\University\\Year 3\\Project\\Skillify\\Back-End\\src\\controllers\\user-controller.ts":{"path":"C:\\Users\\harry\\OneDrive\\University\\Year 3\\Project\\Skillify\\Back-End\\src\\controllers\\user-controller.ts","statementMap":{"0":{"start":{"line":2,"column":0},"end":{"line":2,"column":62}},"1":{"start":{"line":3,"column":0},"end":{"line":3,"column":520}},"2":{"start":{"line":4,"column":17},"end":{"line":4,"column":34}},"3":{"start":{"line":5,"column":18},"end":{"line":5,"column":36}},"4":{"start":{"line":6,"column":19},"end":{"line":6,"column":38}},"5":{"start":{"line":7,"column":22},"end":{"line":7,"column":55}},"6":{"start":{"line":8,"column":18},"end":{"line":8,"column":68}},"7":{"start":{"line":9,"column":0},"end":{"line":13,"column":2}},"8":{"start":{"line":10,"column":19},"end":{"line":10,"column":48}},"9":{"start":{"line":11,"column":17},"end":{"line":11,"column":57}},"10":{"start":{"line":12,"column":4},"end":{"line":12,"column":16}},"11":{"start":{"line":14,"column":0},"end":{"line":18,"column":2}},"12":{"start":{"line":15,"column":25},"end":{"line":15,"column":62}},"13":{"start":{"line":16,"column":4},"end":{"line":16,"column":24}},"14":{"start":{"line":17,"column":4},"end":{"line":17,"column":28}},"15":{"start":{"line":19,"column":0},"end":{"line":21,"column":2}},"16":{"start":{"line":20,"column":4},"end":{"line":20,"column":42}},"17":{"start":{"line":22,"column":0},"end":{"line":24,"column":2}},"18":{"start":{"line":23,"column":4},"end":{"line":23,"column":53}},"19":{"start":{"line":25,"column":0},"end":{"line":27,"column":2}},"20":{"start":{"line":26,"column":4},"end":{"line":26,"column":144}},"21":{"start":{"line":28,"column":0},"end":{"line":30,"column":2}},"22":{"start":{"line":29,"column":4},"end":{"line":29,"column":149}},"23":{"start":{"line":31,"column":0},"end":{"line":33,"column":2}},"24":{"start":{"line":32,"column":4},"end":{"line":32,"column":193}},"25":{"start":{"line":34,"column":0},"end":{"line":36,"column":2}},"26":{"start":{"line":35,"column":4},"end":{"line":35,"column":157}},"27":{"start":{"line":37,"column":0},"end":{"line":39,"column":2}},"28":{"start":{"line":38,"column":4},"end":{"line":38,"column":193}},"29":{"start":{"line":40,"column":0},"end":{"line":42,"column":2}},"30":{"start":{"line":41,"column":4},"end":{"line":41,"column":62}},"31":{"start":{"line":43,"column":0},"end":{"line":45,"column":2}},"32":{"start":{"line":44,"column":4},"end":{"line":44,"column":130}},"33":{"start":{"line":46,"column":0},"end":{"line":48,"column":2}},"34":{"start":{"line":47,"column":4},"end":{"line":47,"column":118}},"35":{"start":{"line":49,"column":0},"end":{"line":51,"column":2}},"36":{"start":{"line":50,"column":4},"end":{"line":50,"column":189}},"37":{"start":{"line":52,"column":0},"end":{"line":54,"column":2}},"38":{"start":{"line":53,"column":4},"end":{"line":53,"column":138}},"39":{"start":{"line":55,"column":0},"end":{"line":57,"column":2}},"40":{"start":{"line":56,"column":4},"end":{"line":56,"column":116}},"41":{"start":{"line":58,"column":0},"end":{"line":60,"column":2}},"42":{"start":{"line":59,"column":4},"end":{"line":59,"column":104}},"43":{"start":{"line":61,"column":0},"end":{"line":63,"column":2}},"44":{"start":{"line":62,"column":4},"end":{"line":62,"column":102}}},"fnMap":{"0":{"name":"(anonymous_0)","decl":{"start":{"line":9,"column":28},"end":{"line":9,"column":29}},"loc":{"start":{"line":9,"column":42},"end":{"line":13,"column":1}},"line":9},"1":{"name":"(anonymous_1)","decl":{"start":{"line":14,"column":29},"end":{"line":14,"column":30}},"loc":{"start":{"line":14,"column":53},"end":{"line":18,"column":1}},"line":14},"2":{"name":"(anonymous_2)","decl":{"start":{"line":19,"column":30},"end":{"line":19,"column":31}},"loc":{"start":{"line":19,"column":50},"end":{"line":21,"column":1}},"line":19},"3":{"name":"(anonymous_3)","decl":{"start":{"line":22,"column":30},"end":{"line":22,"column":31}},"loc":{"start":{"line":22,"column":60},"end":{"line":24,"column":1}},"line":22},"4":{"name":"(anonymous_4)","decl":{"start":{"line":25,"column":32},"end":{"line":25,"column":33}},"loc":{"start":{"line":25,"column":59},"end":{"line":27,"column":1}},"line":25},"5":{"name":"(anonymous_5)","decl":{"start":{"line":28,"column":33},"end":{"line":28,"column":34}},"loc":{"start":{"line":28,"column":60},"end":{"line":30,"column":1}},"line":28},"6":{"name":"(anonymous_6)","decl":{"start":{"line":31,"column":32},"end":{"line":31,"column":33}},"loc":{"start":{"line":31,"column":67},"end":{"line":33,"column":1}},"line":31},"7":{"name":"(anonymous_7)","decl":{"start":{"line":34,"column":38},"end":{"line":34,"column":39}},"loc":{"start":{"line":34,"column":65},"end":{"line":36,"column":1}},"line":34},"8":{"name":"(anonymous_8)","decl":{"start":{"line":37,"column":37},"end":{"line":37,"column":38}},"loc":{"start":{"line":37,"column":72},"end":{"line":39,"column":1}},"line":37},"9":{"name":"(anonymous_9)","decl":{"start":{"line":40,"column":34},"end":{"line":40,"column":35}},"loc":{"start":{"line":40,"column":52},"end":{"line":42,"column":1}},"line":40},"10":{"name":"(anonymous_10)","decl":{"start":{"line":43,"column":46},"end":{"line":43,"column":47}},"loc":{"start":{"line":43,"column":73},"end":{"line":45,"column":1}},"line":43},"11":{"name":"(anonymous_11)","decl":{"start":{"line":46,"column":26},"end":{"line":46,"column":27}},"loc":{"start":{"line":46,"column":55},"end":{"line":48,"column":1}},"line":46},"12":{"name":"(anonymous_12)","decl":{"start":{"line":49,"column":29},"end":{"line":49,"column":30}},"loc":{"start":{"line":49,"column":58},"end":{"line":51,"column":1}},"line":49},"13":{"name":"(anonymous_13)","decl":{"start":{"line":52,"column":26},"end":{"line":52,"column":27}},"loc":{"start":{"line":52,"column":55},"end":{"line":54,"column":1}},"line":52},"14":{"name":"(anonymous_14)","decl":{"start":{"line":55,"column":25},"end":{"line":55,"column":26}},"loc":{"start":{"line":55,"column":56},"end":{"line":57,"column":1}},"line":55},"15":{"name":"(anonymous_15)","decl":{"start":{"line":58,"column":19},"end":{"line":58,"column":20}},"loc":{"start":{"line":58,"column":44},"end":{"line":60,"column":1}},"line":58},"16":{"name":"(anonymous_16)","decl":{"start":{"line":61,"column":19},"end":{"line":61,"column":20}},"loc":{"start":{"line":61,"column":44},"end":{"line":63,"column":1}},"line":61}},"branchMap":{},"s":{"0":1,"1":1,"2":1,"3":1,"4":1,"5":1,"6":1,"7":1,"8":0,"9":0,"10":0,"11":1,"12":0,"13":0,"14":0,"15":1,"16":0,"17":1,"18":0,"19":1,"20":0,"21":1,"22":0,"23":1,"24":0,"25":1,"26":0,"27":1,"28":0,"29":1,"30":0,"31":1,"32":0,"33":1,"34":0,"35":1,"36":0,"37":1,"38":0,"39":1,"40":0,"41":1,"42":0,"43":1,"44":0},"f":{"0":0,"1":0,"2":0,"3":0,"4":0,"5":0,"6":0,"7":0,"8":0,"9":0,"10":0,"11":0,"12":0,"13":0,"14":0,"15":0,"16":0},"b":{},"inputSourceMap":{"version":3,"file":"C:\\Users\\harry\\OneDrive\\University\\Year 3\\Project\\Skillify\\Back-End\\src\\controllers\\user-controller.ts","sources":["C:\\Users\\harry\\OneDrive\\University\\Year 3\\Project\\Skillify\\Back-End\\src\\controllers\\user-controller.ts"],"names":[],"mappings":";;;AAAA,mCAA0C;AAC1C,qCAAmC;AACnC,uCAAiC;AACjC,wDAAoD;AAEpD,MAAM,SAAS,GAAG,gBAAK,CAAC,MAAM,EAAE,wBAAU,CAAC,CAAC;AAG/B,QAAA,iBAAiB,GAAG,CAAC,QAAgB,EAAU,EAAE;IAC1D,MAAM,MAAM,GAAG,mBAAU,CAAC,QAAQ,CAAC,CAAC;IACpC,MAAM,IAAI,GAAG,MAAM,CAAC,MAAM,CAAC,QAAQ,CAAC,CAAC,MAAM,CAAC,QAAQ,CAAC,CAAC;IACtD,OAAO,IAAI,CAAC;AAChB,CAAC,CAAA;AAEY,QAAA,kBAAkB,GAAG,CAAC,QAAgB,EAAE,QAAgB,EAAU,EAAE;IAC7E,MAAM,YAAY,GAAG,IAAI,SAAS,CAAC,EAAE,QAAQ,EAAE,QAAQ,EAAE,CAAC,CAAC;IAC3D,YAAY,CAAC,IAAI,EAAE,CAAC;IACpB,OAAO,YAAY,CAAC,GAAG,CAAC;AAC5B,CAAC,CAAA;AAEY,QAAA,mBAAmB,GAAG,KAAK,EAAE,QAAgB,EAAoB,EAAE;IAC5E,OAAO,SAAS,CAAC,MAAM,CAAC,EAAE,QAAQ,EAAE,CAAC,CAAC;AAC1C,CAAC,CAAA;AAEY,QAAA,mBAAmB,GAAG,KAAK,EAAE,QAAgB,EAAE,QAAgB,EAAgB,EAAE;IAC1F,OAAO,SAAS,CAAC,OAAO,CAAC,EAAE,QAAQ,EAAE,QAAQ,EAAE,CAAC,CAAC;AACrD,CAAC,CAAA;AAEY,QAAA,qBAAqB,GAAG,KAAK,EAAE,OAAe,EAAE,MAAc,EAAgB,EAAE;IACzF,OAAO,SAAS,CAAC,iBAAiB,CAAC,EAAE,GAAG,EAAE,IAAI,kBAAQ,CAAC,MAAM,CAAC,EAAE,EAAE,EAAE,KAAK,EAAE,EAAE,cAAc,EAAE,IAAI,kBAAQ,CAAC,OAAO,CAAC,EAAE,EAAE,CAAC,CAAC;AAC5H,CAAC,CAAA;AAEY,QAAA,sBAAsB,GAAG,KAAK,EAAE,OAAe,EAAE,MAAc,EAAgB,EAAE;IAC1F,OAAO,SAAS,CAAC,SAAS,CAAC,EAAE,GAAG,EAAE,IAAI,kBAAQ,CAAC,MAAM,CAAC,EAAE,EAAE,EAAE,KAAK,EAAE,EAAE,kBAAkB,EAAE,EAAE,GAAG,EAAE,IAAI,kBAAQ,CAAC,OAAO,CAAC,EAAE,EAAE,EAAE,CAAC,CAAC;AACjI,CAAC,CAAA;AAEY,QAAA,qBAAqB,GAAG,KAAK,EAAE,MAAc,EAAE,OAAe,EAAE,MAAc,EAAgB,EAAE;IACzG,OAAO,SAAS,CAAC,SAAS,CAAC,EAAE,GAAG,EAAE,IAAI,kBAAQ,CAAC,MAAM,CAAC,EAAE,wBAAwB,EAAE,IAAI,kBAAQ,CAAC,OAAO,CAAC,EAAE,EAAE,EAAE,KAAK,EAAE,EAAE,qCAAqC,EAAE,MAAM,EAAE,EAAE,CAAC,CAAA;AAC5K,CAAC,CAAA;AAEY,QAAA,2BAA2B,GAAG,KAAK,EAAE,OAAe,EAAE,MAAc,EAAgB,EAAE;IAC/F,OAAO,SAAS,CAAC,iBAAiB,CAAC,EAAE,GAAG,EAAE,IAAI,kBAAQ,CAAC,MAAM,CAAC,EAAE,EAAE,EAAE,KAAK,EAAE,EAAE,kBAAkB,EAAE,EAAE,GAAG,EAAE,IAAI,kBAAQ,CAAC,OAAO,CAAC,EAAE,EAAE,EAAE,CAAC,CAAC;AACzI,CAAC,CAAA;AAEY,QAAA,0BAA0B,GAAG,KAAK,EAAE,MAAc,EAAE,OAAe,EAAE,MAAc,EAAgB,EAAE;IAC9G,OAAO,SAAS,CAAC,SAAS,CAAC,EAAE,GAAG,EAAE,IAAI,kBAAQ,CAAC,MAAM,CAAC,EAAE,wBAAwB,EAAE,IAAI,kBAAQ,CAAC,OAAO,CAAC,EAAE,EAAE,EAAE,KAAK,EAAE,EAAE,qCAAqC,EAAE,MAAM,EAAE,EAAE,CAAC,CAAA;AAC5K,CAAC,CAAA;AAEY,QAAA,uBAAuB,GAAG,KAAK,EAAE,MAAc,EAAgB,EAAE;IAC1E,OAAO,SAAS,CAAC,QAAQ,CAAC,IAAI,kBAAQ,CAAC,MAAM,CAAC,CAAC,CAAC;AACpD,CAAC,CAAA;AAEY,QAAA,mCAAmC,GAAG,KAAK,EAAE,MAAc,EAAE,OAAe,EAAgB,EAAE;IACvG,OAAO,SAAS,CAAC,QAAQ,CAAC,EAAE,GAAG,EAAE,IAAI,kBAAQ,CAAC,MAAM,CAAC,EAAE,wBAAwB,EAAE,IAAI,kBAAQ,CAAC,OAAO,CAAC,EAAE,CAAC,CAAC;AAC9G,CAAC,CAAA;AAEY,QAAA,eAAe,GAAG,KAAK,EAAE,MAAc,EAAE,SAAiB,EAAgB,EAAE;IACrF,OAAQ,SAAS,CAAC,MAAM,CAAC,EAAE,GAAG,EAAE,IAAI,kBAAQ,CAAC,MAAM,CAAC,EAAE,YAAY,EAAE,IAAI,kBAAQ,CAAC,SAAS,CAAC,EAAC,CAAC,CAAA;AACjG,CAAC,CAAA;AAEY,QAAA,kBAAkB,GAAG,KAAK,EAAE,MAAc,EAAE,SAAiB,EAAgB,EAAE;IACxF,OAAQ,SAAS,CAAC,SAAS,CAAC,EAAE,GAAG,EAAE,IAAI,kBAAQ,CAAC,MAAM,CAAC,EAAE,cAAc,EAAE,IAAI,kBAAQ,CAAC,SAAS,CAAC,EAAC,EAAE,EAAE,KAAK,EAAE,EAAE,cAAc,EAAE,IAAI,kBAAQ,CAAC,SAAS,CAAC,EAAC,EAAC,CAAC,CAAA;AAC5J,CAAC,CAAA;AAEY,QAAA,eAAe,GAAG,KAAK,EAAE,MAAc,EAAE,SAAiB,EAAgB,EAAE;IACrF,OAAQ,SAAS,CAAC,SAAS,CAAC,EAAE,GAAG,EAAE,IAAI,kBAAQ,CAAC,MAAM,CAAC,EAAC,EAAE,EAAE,KAAK,EAAE,EAAE,cAAc,EAAE,IAAI,kBAAQ,CAAC,SAAS,CAAC,EAAC,EAAC,CAAC,CAAA;AACnH,CAAC,CAAA;AAEY,QAAA,cAAc,GAAG,KAAK,EAAE,MAAc,EAAE,WAAgB,EAAgB,EAAE;IACnF,OAAO,SAAS,CAAC,SAAS,CAAC,EAAE,GAAG,EAAE,IAAI,kBAAQ,CAAC,MAAM,CAAC,EAAC,EAAE,EAAE,KAAK,EAAE,EAAE,cAAc,EAAE,WAAW,EAAC,EAAC,CAAC,CAAA;AACtG,CAAC,CAAA;AAEY,QAAA,QAAQ,GAAG,KAAK,EAAE,MAAc,EAAE,KAAU,EAAgB,EAAE;IACvE,OAAO,SAAS,CAAC,SAAS,CAAC,EAAE,GAAG,EAAE,IAAI,kBAAQ,CAAC,MAAM,CAAC,EAAC,EAAE,EAAE,KAAK,EAAE,EAAE,QAAQ,EAAE,KAAK,EAAC,EAAC,CAAC,CAAA;AAC1F,CAAC,CAAA;AAEY,QAAA,QAAQ,GAAG,KAAK,EAAE,MAAc,EAAE,KAAa,EAAgB,EAAE;IAC1E,OAAO,SAAS,CAAC,SAAS,CAAC,EAAE,GAAG,EAAE,IAAI,kBAAQ,CAAC,MAAM,CAAC,EAAC,EAAE,EAAE,IAAI,EAAE,EAAE,OAAO,EAAE,KAAK,EAAC,EAAC,CAAC,CAAA;AACxF,CAAC,CAAA","sourcesContent":["import { createHash, Hash } from 'crypto';\r\nimport { ObjectId } from 'mongodb';\r\nimport { model } from 'mongoose';\r\nimport { userSchema } from '../schemas/user-schema';\r\n\r\nconst userModel = model('User', userSchema);\r\n\r\n\r\nexport const getHashedPassword = (password: string): string => {\r\n    const sha256 = createHash('SHA256');\r\n    const hash = sha256.update(password).digest('base64');\r\n    return hash;\r\n}\r\n\r\nexport const saveUserToDatabase = (username: string, password: string): string => {\r\n    const userInstance = new userModel({ username, password });\r\n    userInstance.save();\r\n    return userInstance._id;\r\n}\r\n\r\nexport const hasExistingUsername = async (username: string): Promise<boolean> => {\r\n    return userModel.exists({ username });\r\n}\r\n\r\nexport const getUserFromDatabase = async (username: string, password: string): Promise<any> => {\r\n    return userModel.findOne({ username, password });\r\n}\r\n\r\nexport const addGraphToUserCreated = async (graphId: string, userId: string): Promise<any> => {\r\n    return userModel.findByIdAndUpdate({ _id: new ObjectId(userId) }, { $push: { graphs_created: new ObjectId(graphId) } });\r\n}\r\n\r\nexport const addGraphToUserProgress = async (graphId: string, userId: string): Promise<any> => {\r\n    return userModel.updateOne({ _id: new ObjectId(userId) }, { $push: { graphs_progressing: { _id: new ObjectId(graphId) } } });\r\n}\r\n\r\nexport const addNodeToUserProgress = async (userId: string, graphId: string, nodeId: string): Promise<any> => {\r\n    return userModel.updateOne({ _id: new ObjectId(userId), 'graphs_progressing._id': new ObjectId(graphId) }, { $push: { 'graphs_progressing.$.completedNodes': nodeId } })\r\n}\r\n\r\nexport const removeGraphFromUserProgress = async (graphId: string, userId: string): Promise<any> => {\r\n    return userModel.findByIdAndUpdate({ _id: new ObjectId(userId) }, { $pull: { graphs_progressing: { _id: new ObjectId(graphId) } } });\r\n}\r\n\r\nexport const removeNodeFromUserProgress = async (userId: string, graphId: string, nodeId: string): Promise<any> => {\r\n    return userModel.updateOne({ _id: new ObjectId(userId), 'graphs_progressing._id': new ObjectId(graphId) }, { $pull: { 'graphs_progressing.$.completedNodes': nodeId } })\r\n}\r\n\r\nexport const getUserInfoFromDatabase = async (userId: string): Promise<any> => {\r\n    return userModel.findById(new ObjectId(userId));\r\n}\r\n\r\nexport const getUserGraphProgressionFromDatabase = async (userId: string, graphId: string): Promise<any> => {\r\n    return userModel.findById({ _id: new ObjectId(userId), 'graphs_progressing._id': new ObjectId(graphId) });\r\n}\r\n\r\nexport const hasLikedContent = async (userId: string, contentId: string): Promise<any> => {\r\n    return  userModel.exists({ _id: new ObjectId(userId), likedContent: new ObjectId(contentId)})\r\n}\r\n\r\nexport const removeLikedContent = async (userId: string, contentId: string): Promise<any> => {\r\n    return  userModel.updateOne({ _id: new ObjectId(userId), 'likedContent': new ObjectId(contentId)}, { $pull: { 'likedContent': new ObjectId(contentId)}})\r\n}\r\n\r\nexport const addLikedContent = async (userId: string, contentId: string): Promise<any> => {\r\n    return  userModel.updateOne({ _id: new ObjectId(userId)}, { $push: { 'likedContent': new ObjectId(contentId)}})\r\n}\r\n\r\nexport const addAchievement = async (userId: string, achievement: any): Promise<any> => {\r\n    return userModel.updateOne({ _id: new ObjectId(userId)}, { $push: { 'achievements': achievement}})\r\n}\r\n\r\nexport const addBadge = async (userId: string, badge: any): Promise<any> => {\r\n    return userModel.updateOne({ _id: new ObjectId(userId)}, { $push: { 'badges': badge}})\r\n}\r\n\r\nexport const addImage = async (userId: string, image: string): Promise<any> => {\r\n    return userModel.updateOne({ _id: new ObjectId(userId)}, { $set: { 'image': image}})\r\n}"]},"_coverageSchema":"1a1c01bbd47fc00a2c39e90264f33305004495a9","hash":"4136d5f5d591d7e39659b0e36663022964ee14c9","contentHash":"cb5bc889c9bdaf89b9e47839037c64c97fdfdebf44936dac332a6a324cc56a32"},"C:\\Users\\harry\\OneDrive\\University\\Year 3\\Project\\Skillify\\Back-End\\src\\schemas\\user-schema.ts":{"path":"C:\\Users\\harry\\OneDrive\\University\\Year 3\\Project\\Skillify\\Back-End\\src\\schemas\\user-schema.ts","statementMap":{"0":{"start":{"line":2,"column":0},"end":{"line":2,"column":62}},"1":{"start":{"line":3,"column":0},"end":{"line":3,"column":57}},"2":{"start":{"line":4,"column":18},"end":{"line":4,"column":36}},"3":{"start":{"line":5,"column":19},"end":{"line":5,"column":38}},"4":{"start":{"line":6,"column":24},"end":{"line":6,"column":50}},"5":{"start":{"line":8,"column":0},"end":{"line":11,"column":3}},"6":{"start":{"line":12,"column":0},"end":{"line":21,"column":3}}},"fnMap":{},"branchMap":{},"s":{"0":1,"1":1,"2":1,"3":1,"4":1,"5":1,"6":1},"f":{},"b":{},"inputSourceMap":{"version":3,"file":"C:\\Users\\harry\\OneDrive\\University\\Year 3\\Project\\Skillify\\Back-End\\src\\schemas\\user-schema.ts","sources":["C:\\Users\\harry\\OneDrive\\University\\Year 3\\Project\\Skillify\\Back-End\\src\\schemas\\user-schema.ts"],"names":[],"mappings":";;;AAAA,qCAAmC;AACnC,uCAAkC;AAClC,mDAAkE;AAElE,8BAA8B;AACjB,QAAA,kBAAkB,GAAG,IAAI,iBAAM,CAAC;IACzC,OAAO,EAAE,kBAAQ;IACjB,cAAc,EAAE,CAAC,MAAM,CAAC;CAC3B,CAAC,CAAA;AAEW,QAAA,UAAU,GAAG,IAAI,iBAAM,CAAC;IACjC,QAAQ,EAAE,MAAM;IAChB,QAAQ,EAAE,MAAM;IAChB,cAAc,EAAE,KAAK;IACrB,kBAAkB,EAAE,CAAC,0BAAkB,CAAC;IACxC,YAAY,EAAE,CAAC,kBAAQ,CAAC;IACxB,YAAY,EAAE,CAAC,MAAM,CAAC;IACtB,MAAM,EAAE,CAAC,2BAAW,CAAC;IACrB,KAAK,EAAE,MAAM;CAChB,CAAC,CAAA","sourcesContent":["import { ObjectId } from 'mongodb';\r\nimport { Schema } from 'mongoose';\r\nimport  { achievementSchema, badgeSchema } from './reward-schema';\r\n\r\n//ToDo change casing to pascal\r\nexport const graphs_progressing = new Schema({\r\n    graphId: ObjectId,\r\n    completedNodes: [String]\r\n})\r\n\r\nexport const userSchema = new Schema({\r\n    username: String,\r\n    password: String, // Password will be hashed\r\n    graphs_created: Array,\r\n    graphs_progressing: [graphs_progressing],\r\n    likedContent: [ObjectId],\r\n    achievements: [String],\r\n    badges: [badgeSchema],\r\n    image: String\r\n})\r\n\r\n"]},"_coverageSchema":"1a1c01bbd47fc00a2c39e90264f33305004495a9","hash":"c1743dd1424350b33400fef6a25fecbad61c4dd0","contentHash":"3cf030bea9c6ff37c8f7988bc34ed9069e2ec2ba171f1032b314e041a13f4913"},"C:\\Users\\harry\\OneDrive\\University\\Year 3\\Project\\Skillify\\Back-End\\src\\schemas\\reward-schema.ts":{"path":"C:\\Users\\harry\\OneDrive\\University\\Year 3\\Project\\Skillify\\Back-End\\src\\schemas\\reward-schema.ts","statementMap":{"0":{"start":{"line":2,"column":0},"end":{"line":2,"column":62}},"1":{"start":{"line":3,"column":0},"end":{"line":3,"column":57}},"2":{"start":{"line":4,"column":19},"end":{"line":4,"column":38}},"3":{"start":{"line":5,"column":0},"end":{"line":9,"column":3}},"4":{"start":{"line":10,"column":0},"end":{"line":16,"column":3}}},"fnMap":{},"branchMap":{},"s":{"0":1,"1":1,"2":1,"3":1,"4":1},"f":{},"b":{},"inputSourceMap":{"version":3,"file":"C:\\Users\\harry\\OneDrive\\University\\Year 3\\Project\\Skillify\\Back-End\\src\\schemas\\reward-schema.ts","sources":["C:\\Users\\harry\\OneDrive\\University\\Year 3\\Project\\Skillify\\Back-End\\src\\schemas\\reward-schema.ts"],"names":[],"mappings":";;;AAAA,uCAAkC;AAErB,QAAA,WAAW,GAAG,IAAI,iBAAM,CAAC;IAClC,IAAI,EAAE,MAAM;IACZ,IAAI,EAAE,MAAM;IACZ,KAAK,EAAE,MAAM;CAChB,CAAC,CAAA;AAEW,QAAA,iBAAiB,GAAG,IAAI,iBAAM,CAAC;IACxC,IAAI,EAAE,MAAM;IACZ,IAAI,EAAE,MAAM;IACZ,IAAI,EAAE,MAAM;IACZ,WAAW,EAAE,mBAAW;IACxB,KAAK,EAAE,MAAM;CAChB,CAAC,CAAA","sourcesContent":["import { Schema } from \"mongoose\";\r\n\r\nexport const badgeSchema = new Schema({\r\n    type: String,\r\n    name: String,\r\n    color: String,\r\n})\r\n\r\nexport const achievementSchema = new Schema({\r\n    type: String,\r\n    name: String,\r\n    goal: String,\r\n    rewardBadge: badgeSchema,\r\n    image: String,\r\n})"]},"_coverageSchema":"1a1c01bbd47fc00a2c39e90264f33305004495a9","hash":"59a5138b6dc866df49fbb6e8d81af40a90a151c6","contentHash":"4d3b7d6435618d3a0e3265fcb923e33a4b454d3e8f19211fc10f95829b583b8d"},"C:\\Users\\harry\\OneDrive\\University\\Year 3\\Project\\Skillify\\Back-End\\src\\routes\\user-routes.ts":{"path":"C:\\Users\\harry\\OneDrive\\University\\Year 3\\Project\\Skillify\\Back-End\\src\\routes\\user-routes.ts","statementMap":{"0":{"start":{"line":2,"column":0},"end":{"line":2,"column":62}},"1":{"start":{"line":3,"column":25},"end":{"line":3,"column":59}},"2":{"start":{"line":4,"column":18},"end":{"line":4,"column":36}},"3":{"start":{"line":5,"column":28},"end":{"line":5,"column":56}},"4":{"start":{"line":6,"column":26},"end":{"line":6,"column":67}},"5":{"start":{"line":7,"column":29},"end":{"line":7,"column":73}},"6":{"start":{"line":8,"column":23},"end":{"line":8,"column":55}},"7":{"start":{"line":9,"column":15},"end":{"line":9,"column":33}},"8":{"start":{"line":10,"column":0},"end":{"line":28,"column":3}},"9":{"start":{"line":11,"column":19},"end":{"line":11,"column":60}},"10":{"start":{"line":12,"column":4},"end":{"line":14,"column":5}},"11":{"start":{"line":13,"column":8},"end":{"line":13,"column":64}},"12":{"start":{"line":15,"column":35},"end":{"line":15,"column":43}},"13":{"start":{"line":16,"column":27},"end":{"line":16,"column":72}},"14":{"start":{"line":17,"column":4},"end":{"line":27,"column":7}},"15":{"start":{"line":18,"column":8},"end":{"line":26,"column":9}},"16":{"start":{"line":19,"column":12},"end":{"line":19,"column":59}},"17":{"start":{"line":20,"column":12},"end":{"line":20,"column":28}},"18":{"start":{"line":23,"column":23},"end":{"line":23,"column":85}},"19":{"start":{"line":24,"column":12},"end":{"line":24,"column":37}},"20":{"start":{"line":25,"column":12},"end":{"line":25,"column":28}},"21":{"start":{"line":29,"column":0},"end":{"line":47,"column":3}},"22":{"start":{"line":30,"column":19},"end":{"line":30,"column":60}},"23":{"start":{"line":31,"column":4},"end":{"line":33,"column":5}},"24":{"start":{"line":32,"column":8},"end":{"line":32,"column":64}},"25":{"start":{"line":34,"column":35},"end":{"line":34,"column":43}},"26":{"start":{"line":35,"column":27},"end":{"line":35,"column":72}},"27":{"start":{"line":36,"column":4},"end":{"line":46,"column":7}},"28":{"start":{"line":37,"column":8},"end":{"line":45,"column":9}},"29":{"start":{"line":38,"column":12},"end":{"line":38,"column":52}},"30":{"start":{"line":39,"column":12},"end":{"line":39,"column":28}},"31":{"start":{"line":42,"column":26},"end":{"line":42,"column":90}},"32":{"start":{"line":43,"column":12},"end":{"line":43,"column":32}},"33":{"start":{"line":44,"column":12},"end":{"line":44,"column":28}},"34":{"start":{"line":48,"column":0},"end":{"line":62,"column":3}},"35":{"start":{"line":49,"column":27},"end":{"line":49,"column":37}},"36":{"start":{"line":50,"column":4},"end":{"line":61,"column":7}},"37":{"start":{"line":51,"column":8},"end":{"line":60,"column":9}},"38":{"start":{"line":52,"column":12},"end":{"line":52,"column":52}},"39":{"start":{"line":53,"column":12},"end":{"line":53,"column":28}},"40":{"start":{"line":56,"column":39},"end":{"line":56,"column":81}},"41":{"start":{"line":57,"column":12},"end":{"line":58,"column":137}},"42":{"start":{"line":59,"column":12},"end":{"line":59,"column":28}},"43":{"start":{"line":63,"column":0},"end":{"line":81,"column":3}},"44":{"start":{"line":64,"column":32},"end":{"line":64,"column":40}},"45":{"start":{"line":65,"column":4},"end":{"line":80,"column":8}},"46":{"start":{"line":66,"column":8},"end":{"line":79,"column":9}},"47":{"start":{"line":67,"column":12},"end":{"line":67,"column":52}},"48":{"start":{"line":68,"column":12},"end":{"line":68,"column":28}},"49":{"start":{"line":71,"column":35},"end":{"line":75,"column":17}},"50":{"start":{"line":72,"column":16},"end":{"line":74,"column":17}},"51":{"start":{"line":73,"column":20},"end":{"line":73,"column":32}},"52":{"start":{"line":76,"column":39},"end":{"line":76,"column":53}},"53":{"start":{"line":77,"column":12},"end":{"line":77,"column":41}},"54":{"start":{"line":78,"column":12},"end":{"line":78,"column":28}},"55":{"start":{"line":82,"column":0},"end":{"line":106,"column":3}},"56":{"start":{"line":83,"column":34},"end":{"line":83,"column":42}},"57":{"start":{"line":84,"column":4},"end":{"line":105,"column":8}},"58":{"start":{"line":85,"column":8},"end":{"line":104,"column":9}},"59":{"start":{"line":86,"column":12},"end":{"line":86,"column":66}},"60":{"start":{"line":87,"column":12},"end":{"line":93,"column":15}},"61":{"start":{"line":88,"column":16},"end":{"line":88,"column":51}},"62":{"start":{"line":89,"column":16},"end":{"line":89,"column":32}},"63":{"start":{"line":91,"column":16},"end":{"line":92,"column":36}},"64":{"start":{"line":96,"column":12},"end":{"line":96,"column":67}},"65":{"start":{"line":97,"column":12},"end":{"line":103,"column":15}},"66":{"start":{"line":98,"column":16},"end":{"line":98,"column":54}},"67":{"start":{"line":99,"column":16},"end":{"line":99,"column":32}},"68":{"start":{"line":101,"column":16},"end":{"line":102,"column":36}},"69":{"start":{"line":107,"column":0},"end":{"line":116,"column":3}},"70":{"start":{"line":108,"column":30},"end":{"line":108,"column":38}},
[...]
\\objective-routes.ts","statementMap":{"0":{"start":{"line":2,"column":0},"end":{"line":2,"column":62}},"1":{"start":{"line":3,"column":31},"end":{"line":3,"column":77}},"2":{"start":{"line":4,"column":18},"end":{"line":4,"column":36}},"3":{"start":{"line":5,"column":15},"end":{"line":5,"column":33}},"4":{"start":{"line":6,"column":0},"end":{"line":18,"column":3}},"5":{"start":{"line":7,"column":31},"end":{"line":7,"column":41}},"6":{"start":{"line":8,"column":4},"end":{"line":17,"column":7}},"7":{"start":{"line":9,"column":8},"end":{"line":16,"column":9}},"8":{"start":{"line":10,"column":12},"end":{"line":10,"column":58}},"9":{"start":{"line":11,"column":12},"end":{"line":11,"column":28}},"10":{"start":{"line":14,"column":12},"end":{"line":14,"column":50}},"11":{"start":{"line":15,"column":12},"end":{"line":15,"column":28}},"12":{"start":{"line":19,"column":0},"end":{"line":41,"column":3}},"13":{"start":{"line":20,"column":38},"end":{"line":20,"column":46}},"14":{"start":{"line":21,"column":4},"end":{"line":40,"column":8}},"15":{"start":{"line":22,"column":8},"end":{"line":39,"column":9}},"16":{"start":{"line":23,"column":12},"end":{"line":29,"column":15}},"17":{"start":{"line":24,"column":16},"end":{"line":24,"column":51}},"18":{"start":{"line":25,"column":16},"end":{"line":25,"column":32}},"19":{"start":{"line":27,"column":16},"end":{"line":28,"column":36}},"20":{"start":{"line":32,"column":12},"end":{"line":38,"column":15}},"21":{"start":{"line":33,"column":16},"end":{"line":33,"column":54}},"22":{"start":{"line":34,"column":16},"end":{"line":34,"column":32}},"23":{"start":{"line":36,"column":16},"end":{"line":37,"column":36}},"24":{"start":{"line":42,"column":0},"end":{"line":42,"column":25}}},"fnMap":{"0":{"name":"(anonymous_0)","decl":{"start":{"line":6,"column":31},"end":{"line":6,"column":32}},"loc":{"start":{"line":6,"column":45},"end":{"line":18,"column":1}},"line":6},"1":{"name":"(anonymous_1)","decl":{"start":{"line":8,"column":62},"end":{"line":8,"column":63}},"loc":{"start":{"line":8,"column":78},"end":{"line":17,"column":5}},"line":8},"2":{"name":"(anonymous_2)","decl":{"start":{"line":19,"column":17},"end":{"line":19,"column":18}},"loc":{"start":{"line":19,"column":31},"end":{"line":41,"column":1}},"line":19},"3":{"name":"(anonymous_3)","decl":{"start":{"line":21,"column":71},"end":{"line":21,"column":72}},"loc":{"start":{"line":21,"column":81},"end":{"line":40,"column":5}},"line":21},"4":{"name":"(anonymous_4)","decl":{"start":{"line":23,"column":81},"end":{"line":23,"column":82}},"loc":{"start":{"line":23,"column":94},"end":{"line":26,"column":13}},"line":23},"5":{"name":"(anonymous_5)","decl":{"start":{"line":26,"column":21},"end":{"line":26,"column":22}},"loc":{"start":{"line":26,"column":28},"end":{"line":29,"column":13}},"line":26},"6":{"name":"(anonymous_6)","decl":{"start":{"line":32,"column":80},"end":{"line":32,"column":81}},"loc":{"start":{"line":32,"column":93},"end":{"line":35,"column":13}},"line":32},"7":{"name":"(anonymous_7)","decl":{"start":{"line":35,"column":21},"end":{"line":35,"column":22}},"loc":{"start":{"line":35,"column":28},"end":{"line":38,"column":13}},"line":35}},"branchMap":{"0":{"loc":{"start":{"line":9,"column":8},"end":{"line":16,"column":9}},"type":"if","locations":[{"start":{"line":9,"column":8},"end":{"line":16,"column":9}},{"start":{"line":9,"column":8},"end":{"line":16,"column":9}}],"line":9},"1":{"loc":{"start":{"line":22,"column":8},"end":{"line":39,"column":9}},"type":"if","locations":[{"start":{"line":22,"column":8},"end":{"line":39,"column":9}},{"start":{"line":22,"column":8},"end":{"line":39,"column":9}}],"line":22}},"s":{"0":1,"1":1,"2":1,"3":1,"4":1,"5":0,"6":0,"7":0,"8":0,"9":0,"10":0,"11":0,"12":1,"13":0,"14":0,"15":0,"16":0,"17":0,"18":0,"19":0,"20":0,"21":0,"22":0,"23":0,"24":1},"f":{"0":0,"1":0,"2":0,"3":0,"4":0,"5":0,"6":0,"7":0},"b":{"0":[0,0],"1":[0,0]},"inputSourceMap":{"version":3,"file":"C:\\Users\\harry\\OneDrive\\University\\Year 3\\Project\\Skillify\\Back-End\\src\\routes\\objective-routes.ts","sources":["C:\\Users\\harry\\OneDrive\\University\\Year 3\\Project\\Skillify\\Back-End\\src\\routes\\objective-routes.ts"],"names":[],"mappings":";;AAAA,8EAAgI;AAChI,qCAAiC;AAEjC,MAAM,MAAM,GAAG,gBAAM,EAAE,CAAC;AAExB,MAAM,CAAC,GAAG,CAAC,kBAAkB,EAAE,CAAC,GAAG,EAAE,GAAG,EAAE,EAAE;IACxC,MAAM,EAAC,MAAM,EAAE,MAAM,EAAC,GAAG,GAAG,CAAC,MAAM,CAAC;IAEpC,oCAAa,CAAC,MAAM,EAAE,MAAM,CAAC,CAAC,IAAI,CAAC,CAAC,UAAU,EAAE,EAAE;QAC9C,IAAI,CAAC,UAAU,EAAE;YACb,GAAG,CAAC,IAAI,CAAC,EAAE,KAAK,EAAE,wBAAwB,EAAE,CAAC,CAAC;YAC9C,GAAG,CAAC,MAAM,CAAC,GAAG,CAAC,CAAC;SACnB;aAAM;YACH,GAAG,CAAC,IAAI,CAAC,EAAE,KAAK,EAAE,UAAU,CAAC,KAAK,EAAE,CAAC,CAAC;YACtC,GAAG,CAAC,MAAM,CAAC,GAAG,CAAC,CAAC;SACnB;IACL,CAAC,CAAC,CAAA;AACN,CAAC,CAAC,CAAA;AAEF,MAAM,CAAC,IAAI,CAAC,GAAG,EAAE,CAAC,GAAG,EAAE,GAAG,EAAE,EAAE;IAC1B,MAAM,EAAC,MAAM,EAAE,MAAM,EAAE,KAAK,EAAC,GAAG,GAAG,CAAC,IAAI,CAAC;IAGzC,4CAAqB,CAAC,MAAM,EAAE,MAAM,CAAC,CAAC,IAAI,CAAC,CAAC,MAAM,CAAC,EAAE;QACjD,IAAI,CAAC,MAAM,EAAE;YACT,wCAAiB,CAAC,MAAM,EAAE,MAAM,EAAE,KAAK,CAAC,CAAC,IAAI,CAAC,CAAC,OAAO,EAAE,EAAE;gBACtD,GAAG,CAAC,IAAI,CAAC,EAAE,OAAO,EAAE,IAAI,EAAE,KAAK,EAAE,CAAC,CAAC;gBACnC,GAAG,CAAC,MAAM,CAAC,GAAG,CAAC,CAAA;YACnB,CAAC,CAAC,CAAC,KAAK,CAAC,CAAC,CAAC,EAAE,EAAE;gBACX,GAAG,CAAC,IAAI,CAAC,EAAC,KAAK,EAAE,CAAC,EAAC,CAAC;oBACpB,GAAG,CAAC,MAAM,CAAC,GAAG,CAAC,CAAA;YACnB,CAAC,CAAC,CAAA;SACL;aAAM;YACH,uCAAgB,CAAC,MAAM,EAAE,MAAM,EAAE,KAAK,CAAC,CAAC,IAAI,CAAC,CAAC,OAAO,EAAE,EAAE;gBACrD,GAAG,CAAC,IAAI,CAAC,EAAE,OAAO,EAAE,IAAI,EAAE,QAAQ,EAAE,CAAC,CAAC;gBACtC,GAAG,CAAC,MAAM,CAAC,GAAG,CAAC,CAAA;YACnB,CAAC,CAAC,CAAC,KAAK,CAAC,CAAC,CAAC,EAAE,EAAE;gBACX,GAAG,CAAC,IAAI,CAAC,EAAC,KAAK,EAAE,CAAC,EAAC,CAAC;oBACpB,GAAG,CAAC,MAAM,CAAC,GAAG,CAAC,CAAA;YACnB,CAAC,CAAC,CAAA;SACL;IACL,CAAC,CAAC,CAAC,CAAA;AACP,CAAC,CAAC,CAAA;AAEF,kBAAe,MAAM,CAAA","sourcesContent":["import { addNodeObjectives, getObjectives, hasExistingObjectives, updateObjectives } from '../controllers/objective-controller';\r\nimport { Router } from 'express';\r\n\r\nconst router = Router();\r\n\r\nrouter.get('/:userId/:nodeId', (req, res) => {\r\n    const {userId, nodeId} = req.params;\r\n\r\n    getObjectives(userId, nodeId).then((objectives) => {\r\n        if (!objectives) {\r\n            res.json({ error: \"cannot find objectives\" });\r\n            res.status(400);\r\n        } else {\r\n            res.json({ items: objectives.items });\r\n            res.status(200); \r\n        }\r\n    })\r\n})\r\n\r\nrouter.post('/', (req, res) => {\r\n    const {userId, nodeId, items} = req.body;\r\n\r\n\r\n    hasExistingObjectives(userId, nodeId).then((exists => {\r\n        if (!exists) {\r\n            addNodeObjectives(userId, nodeId, items).then((updated) => {\r\n                res.json({ updated, type: 'add' });\r\n                res.status(200)\r\n            }).catch((e) => {\r\n                res.json({error: e}),\r\n                res.status(400)\r\n            })\r\n        } else {\r\n            updateObjectives(userId, nodeId, items).then((updated) => {\r\n                res.json({ updated, type: 'update' });\r\n                res.status(200)\r\n            }).catch((e) => {\r\n                res.json({error: e}),\r\n                res.status(400)\r\n            })\r\n        }\r\n    }))\r\n})\r\n\r\nexport default router"]},"_coverageSchema":"1a1c01bbd47fc00a2c39e90264f33305004495a9","hash":"872c31c6ec8249b8959f8942f607785120272ad2","contentHash":"d11636b285a70874edb0384d751602ab3e03ace6f6832b4b54d65d8fad2ba803"},"C:\\Users\\harry\\OneDrive\\University\\Year 3\\Project\\Skillify\\Back-End\\src\\controllers\\objective-controller.ts":{"path":"C:\\Users\\harry\\OneDrive\\University\\Year 3\\Project\\Skillify\\Back-End\\src\\controllers\\objective-controller.ts","statementMap":{"0":{"start":{"line":2,"column":0},"end":{"line":2,"column":62}},"1":{"start":{"line":3,"column":0},"end":{"line":3,"column":118}},"2":{"start":{"line":4,"column":27},"end":{"line":4,"column":65}},"3":{"start":{"line":5,"column":19},"end":{"line":5,"column":38}},"4":{"start":{"line":6,"column":18},"end":{"line":6,"column":36}},"5":{"start":{"line":7,"column":23},"end":{"line":7,"column":88}},"6":{"start":{"line":8,"column":0},"end":{"line":10,"column":2}},"7":{"start":{"line":9,"column":4},"end":{"line":9,"column":93}},"8":{"start":{"line":11,"column":0},"end":{"line":13,"column":2}},"9":{"start":{"line":12,"column":4},"end":{"line":12,"column":94}},"10":{"start":{"line":14,"column":0},"end":{"line":16,"column":2}},"11":{"start":{"line":15,"column":4},"end":{"line":15,"column":126}},"12":{"start":{"line":17,"column":0},"end":{"line":21,"column":2}},"13":{"start":{"line":18,"column":30},"end":{"line":18,"column":75}},"14":{"start":{"line":19,"column":4},"end":{"line":19,"column":29}},"15":{"start":{"line":20,"column":4},"end":{"line":20,"column":44}}},"fnMap":{"0":{"name":"(anonymous_0)","decl":{"start":{"line":8,"column":32},"end":{"line":8,"column":33}},"loc":{"start":{"line":8,"column":58},"end":{"line":10,"column":1}},"line":8},"1":{"name":"(anonymous_1)","decl":{"start":{"line":11,"column":24},"end":{"line":11,"column":25}},"loc":{"start":{"line":11,"column":50},"end":{"line":13,"column":1}},"line":11},"2":{"name":"(anonymous_2)","decl":{"start":{"line":14,"column":27},"end":{"line":14,"column":28}},"loc":{"start":{"line":14,"column":60},"end":{"line":16,"column":1}},"line":14},"3":{"name":"(anonymous_3)","decl":{"start":{"line":17,"column":28},"end":{"line":17,"column":29}},"loc":{"start":{"line":17,"column":61},"end":{"line":21,"column":1}},"line":17}},"branchMap":{},"s":{"0":1,"1":1,"2":1,"3":1,"4":1,"5":1,"6":1,"7":0,"8":1,"9":0,"10":1,"11":0,"12":1,"13":0,"14":0,"15":0},"f":{"0":0,"1":0,"2":0,"3":0},"b":{},"inputSourceMap":{"version":3,"file":"C:\\Users\\harry\\OneDrive\\University\\Year 3\\Project\\Skillify\\Back-End\\src\\controllers\\objective-controller.ts","sources":["C:\\Users\\harry\\OneDrive\\University\\Year 3\\Project\\Skillify\\Back-End\\src\\controllers\\objective-controller.ts"],"names":[],"mappings":";;;AAAA,kEAA8D;AAC9D,uCAAiC;AACjC,qCAAmC;AAKnC,MAAM,cAAc,GAAG,gBAAK,CAAC,WAAW,EAAE,kCAAe,CAAC,CAAC;AAG9C,QAAA,qBAAqB,GAAG,KAAK,EAAE,MAAc,EAAE,MAAc,EAAgB,EAAE;IACxF,OAAO,cAAc,CAAC,MAAM,CAAC,EAAE,MAAM,EAAE,IAAI,kBAAQ,CAAC,MAAM,CAAC,EAAE,MAAM,EAAE,MAAM,EAAC,CAAC,CAAA;AACjF,CAAC,CAAA;AAEY,QAAA,aAAa,GAAG,KAAK,EAAE,MAAc,EAAE,MAAc,EAAgB,EAAE;IAChF,OAAO,cAAc,CAAC,OAAO,CAAC,EAAE,MAAM,EAAE,IAAI,kBAAQ,CAAC,MAAM,CAAC,EAAE,MAAM,EAAE,MAAM,EAAC,CAAC,CAAA;AAClF,CAAC,CAAA;AAEY,QAAA,gBAAgB,GAAG,KAAK,EAAE,MAAc,EAAE,MAAc,EAAE,KAAU,EAAgB,EAAE;IAC/F,OAAO,cAAc,CAAC,SAAS,CAAC,EAAE,MAAM,EAAE,IAAI,kBAAQ,CAAC,MAAM,CAAC,EAAE,MAAM,EAAE,MAAM,EAAC,EAAE,EAAE,IAAI,EAAE,EAAE,OAAO,EAAE,KAAK,EAAE,EAAC,CAAC,CAAA;AACjH,CAAC,CAAA;AAEY,QAAA,iBAAiB,GAAG,KAAK,EAAE,MAAc,EAAE,MAAc,EAAE,KAAU,EAAgB,EAAE;IAChG,MAAM,iBAAiB,GAAG,IAAI,cAAc,CAAC,EAAE,MAAM,EAAE,MAAM,EAAE,KAAK,EAAE,CAAC,CAAC;IACxE,iBAAiB,CAAC,IAAI,EAAE,CAAA;IACxB,OAAO,iBAAiB,CAAC,GAAG,CAAC,QAAQ,EAAE,CAAC;AAC5C,CAAC,CAAA","sourcesContent":["import { objectiveSchema } from '../schemas/objective-schema';\r\nimport { model } from 'mongoose';\r\nimport { ObjectId } from 'mongodb';\r\n\r\n\r\n\r\n\r\nconst objectiveModel = model('objective', objectiveSchema);\r\n\r\n\r\nexport const hasExistingObjectives = async (userId: string, nodeId: string): Promise<any> => {\r\n    return objectiveModel.exists({ userId: new ObjectId(userId), nodeId: nodeId})\r\n}\r\n\r\nexport const getObjectives = async (userId: string, nodeId: string): Promise<any> => {\r\n    return objectiveModel.findOne({ userId: new ObjectId(userId), nodeId: nodeId})\r\n}\r\n\r\nexport const updateObjectives = async (userId: string, nodeId: string, items: any): Promise<any> => {\r\n    return objectiveModel.updateOne({ userId: new ObjectId(userId), nodeId: nodeId}, { $set: { 'items': items }})\r\n}\r\n\r\nexport const addNodeObjectives = async (userId: String, nodeId: String, items: any): Promise<any> => {\r\n    const objectiveInstance = new objectiveModel({ userId, nodeId, items });\r\n    objectiveInstance.save()\r\n    return objectiveInstance._id.toString();\r\n}"]},"_coverageSchema":"1a1c01bbd47fc00a2c39e90264f33305004495a9","hash":"7f7e5370416ce4e4486e1a071eb37491031fca9b","contentHash":"fdf95a58ef70721b3361cd78d2e69f363b073ec39e65a4c88ccb5e70d5e05715"},"C:\\Users\\harry\\OneDrive\\University\\Year 3\\Project\\Skillify\\Back-End\\src\\schemas\\objective-schema.ts":{"path":"C:\\Users\\harry\\OneDrive\\University\\Year 3\\Project\\Skillify\\Back-End\\src\\schemas\\objective-schema.ts","statementMap":{"0":{"start":{"line":2,"column":0},"end":{"line":2,"column":62}},"1":{"start":{"line":3,"column":0},"end":{"line":3,"column":33}},"2":{"start":{"line":4,"column":19},"end":{"line":4,"column":38}},"3":{"start":{"line":5,"column":17},"end":{"line":9,"column":2}},"4":{"start":{"line":10,"column":0},"end":{"line":14,"column":3}}},"fnMap":{},"branchMap":{},"s":{"0":1,"1":1,"2":1,"3":1,"4":1},"f":{},"b":{},"inputSourceMap":{"version":3,"file":"C:\\Users\\harry\\OneDrive\\University\\Year 3\\Project\\Skillify\\Back-End\\src\\schemas\\objective-schema.ts","sources":["C:\\Users\\harry\\OneDrive\\University\\Year 3\\Project\\Skillify\\Back-End\\src\\schemas\\objective-schema.ts"],"names":[],"mappings":";;;AAEA,uCAA4C;AAE5C,MAAM,QAAQ,GAAG,IAAI,iBAAM,CAAC;IACxB,KAAK,EAAE,MAAM;IACb,OAAO,EAAE,OAAO;IAChB,EAAE,EAAE,MAAM;CACb,CAAC,CAAA;AAEW,QAAA,eAAe,GAAG,IAAI,iBAAM,CAAC;IACtC,MAAM,EAAE,iBAAM,CAAC,KAAK,CAAC,QAAQ;IAC7B,MAAM,EAAE,MAAM;IACd,KAAK,EAAE,CAAC,QAAQ,CAAC;CACpB,CAAC,CAAA","sourcesContent":["import { ObjectId } from 'mongodb';\r\n\r\nimport { Mongoose, Schema } from 'mongoose';\r\n\r\nconst taskItem = new Schema({\r\n    label: String,\r\n    checked: Boolean,\r\n    id: Number,\r\n})\r\n\r\nexport const objectiveSchema = new Schema({\r\n    userId: Schema.Types.ObjectId,\r\n    nodeId: String,\r\n    items: [taskItem]\r\n})\r\n"]},"_coverageSchema":"1a1c01bbd47fc00a2c39e90264f33305004495a9","hash":"1e8e6b2dd79555bf06c8276f68ea740b03dc2bfe","contentHash":"b2647b80a02157c1ff18cecf60405e9889d47adf4d0ca872158530aa822f1132"},"C:\\Users\\harry\\OneDrive\\University\\Year 3\\Project\\Skillify\\Back-End\\src\\db.js":{"path":"C:\\Users\\harry\\OneDrive\\University\\Year 3\\Project\\Skillify\\Back-End\\src\\db.js","statementMap":{"0":{"start":{"line":2,"column":0},"end":{"line":2,"column":62}},"1":{"start":{"line":3,"column":17},"end":{"line":3,"column":36}},"2":{"start":{"line":4,"column":12},"end":{"line":4,"column":47}},"3":{"start":{"line":6,"column":4},"end":{"line":28,"column":7}},"4":{"start":{"line":7,"column":8},"end":{"line":27,"column":9}},"5":{"start":{"line":8,"column":30},"end":{"line":8,"column":60}},"6":{"start":{"line":9,"column":30},"end":{"line":9,"column":53}},"7":{"start":{"line":10,"column":12},"end":{"line":18,"column":15}},"8":{"start":{"line":12,"column":16},"end":{"line":17,"column":19}},"9":{"start":{"line":14,"column":20},"end":{"line":15,"column":43}},"10":{"start":{"line":15,"column":24},"end":{"line":15,"column":43}},"11":{"start":{"line":16,"column":20},"end":{"line":16,"column":30}},"12":{"start":{"line":21,"column":12},"end":{"line":26,"column":15}},"13":{"start":{"line":23,"column":16},"end":{"line":24,"column":39}},"14":{"start":{"line":24,"column":20},"end":{"line":24,"column":39}},"15":{"start":{"line":25,"column":16},"end":{"line":25,"column":26}},"16":{"start":{"line":31,"column":4},"end":{"line":31,"column":33}},"17":{"start":{"line":33,"column":0},"end":{"line":36,"column":2}}},"fnMap":{"0":{"name":"connect","decl":{"start":{"line":5,"column":9},"end":{"line":5,"column":16}},"loc":{"start":{"line":5,"column":19},"end":{"line":29,"column":1}},"line":5},"1":{"name":"(anonymous_1)","decl":{"start":{"line":6,"column":23},"end":{"line":6,"column":24}},"loc":{"start":{"line":6,"column":44},"end":{"line":28,"column":5}},"line":6},"2":{"name":"(anonymous_2)","decl":{"start":{"line":11,"column":22},"end":{"line":11,"column":23}},"loc":{"start":{"line":11,"column":28},"end":{"line":18,"column":13}},"line":11},"3":{"name":"(anonymous_3)","decl":{"start":{"line":13,"column":26},"end":{"line":13,"column":27}},"loc":{"start":{"line":13,"column":40},"end":{"line":17,"column":17}},"line":13},"4":{"name":"(anonymous_4)","decl":{"start":{"line":22,"column":22},"end":{"line":22,"column":23}},"loc":{"start":{"line":22,"column":36},"end":{"line":26,"column":13}},"line":22},"5":{"name":"close","decl":{"start":{"line":30,"column":9},"end":{"line":30,"column":14}},"loc":{"start":{"line":30,"column":17},"end":{"line":32,"column":1}},"line":30}},"branchMap":{"0":{"loc":{"start":{"line":7,"column":8},"end":{"line":27,"column":9}},"type":"if","locations":[{"start":{"line":7,"column":8},"end":{"line":27,"column":9}},{"start":{"line":7,"column":8},"end":{"line":27,"column":9}}],"line":7},"1":{"loc":{"start":{"line":14,"column":20},"end":{"line":15,"column":43}},"type":"if","locations":[{"start":{"line":14,"column":20},"end":{"line":15,"column":43}},{"start":{"line":14,"column":20},"end":{"line":15,"column":43}}],"line":14},"2":{"loc":{"start":{"line":23,"column":16},"end":{"line":24,"column":39}},"type":"if","locations":[{"start":{"line":23,"column":16},"end":{"line":24,"column":39}},{"start":{"line":23,"column":16},"end":{"line":24,"column":39}}],"line":23}},"s":{"0":1,"1":1,"2":1,"3":1,"4":1,"5":1,"6":1,"7":1,"8":0,"9":0,"10":0,"11":0,"12":0,"13":0,"14":0,"15":0,"16":1,"17":1},"f":{"0":1,"1":1,"2":0,"3":0,"4":0,"5":1},"b":{"0":[1,0],"1":[0,0],"2":[0,0]},"inputSourceMap":{"version":3,"file":"C:\\Users\\harry\\OneDrive\\University\\Year 3\\Project\\Skillify\\Back-End\\src\\db.js","sources":["C:\\Users\\harry\\OneDrive\\University\\Year 3\\Project\\Skillify\\Back-End\\src\\db.js"],"names":[],"mappings":";;AAAA,qCAAqC;AAErC,MAAM,GAAG,GAAG,mCAAmC,CAAA;AAE/C,SAAS,OAAO;IACZ,OAAO,IAAI,OAAO,CAAC,CAAC,OAAO,EAAE,MAAM,EAAE,EAAE;QAErC,IAAI,OAAO,CAAC,GAAG,CAAC,QAAQ,KAAK,MAAM,EAAE;YACnC,MAAM,SAAS,GAAG,OAAO,CAAC,WAAW,CAAC,CAAC,SAAS,CAAC;YACjD,MAAM,SAAS,GAAG,IAAI,SAAS,CAAC,QAAQ,CAAC,CAAC;YAE1C,SAAS,CAAC,cAAc,EAAE;iBACvB,IAAI,CAAC,GAAG,EAAE;gBACT,QAAQ,CAAC,OAAO,CAAC,GAAG,EAClB,EAAE,eAAe,EAAE,IAAI,EAAE,kBAAkB,EAAE,IAAI,EAAG,CAAC;qBACpD,IAAI,CAAC,CAAC,GAAG,EAAE,GAAG,EAAE,EAAE;oBACjB,IAAI,GAAG;wBAAE,OAAO,MAAM,CAAC,GAAG,CAAC,CAAC;oBAC5B,OAAO,EAAE,CAAC;gBACZ,CAAC,CAAC,CAAA;YACN,CAAC,CAAC,CAAA;SACL;aAAM;YACH,QAAQ,CAAC,OAAO,CAAC,GAAG,EAClB,EAAE,eAAe,EAAE,IAAI,EAAE,kBAAkB,EAAE,IAAI,EAAG,CAAC;iBACpD,IAAI,CAAC,CAAC,GAAG,EAAE,GAAG,EAAE,EAAE;gBACjB,IAAI,GAAG;oBAAE,OAAO,MAAM,CAAC,GAAG,CAAC,CAAC;gBAC5B,OAAO,EAAE,CAAC;YACZ,CAAC,CAAC,CAAA;SACP;IACH,CAAC,CAAC,CAAC;AACL,CAAC;AAEH,SAAS,KAAK;IACV,OAAO,QAAQ,CAAC,UAAU,EAAE,CAAC;AACjC,CAAC;AAED,MAAM,CAAC,OAAO,GAAG;IACb,OAAO;IACP,KAAK;CACR,CAAA","sourcesContent":["import * as mongoose from 'mongoose';\r\n\r\nconst url = 'mongodb://127.0.0.1:27017/project'\r\n\r\nfunction connect() {\r\n    return new Promise((resolve, reject) => {\r\n  \r\n      if (process.env.NODE_ENV === 'test') {\r\n        const Mockgoose = require('mockgoose').Mockgoose;\r\n        const mockgoose = new Mockgoose(mongoose);\r\n  \r\n        mockgoose.prepareStorage()\r\n          .then(() => {\r\n            mongoose.connect(url,\r\n              { useNewUrlParser: true, useUnifiedTopology: true  })\r\n              .then((res, err) => {\r\n                if (err) return reject(err);\r\n                resolve();\r\n              })\r\n          })\r\n      } else {\r\n          mongoose.connect(url,\r\n            { useNewUrlParser: true, useUnifiedTopology: true  })\r\n            .then((res, err) => {\r\n              if (err) return reject(err);\r\n              resolve();\r\n            })\r\n      }\r\n    });\r\n  }\r\n\r\nfunction close() {\r\n    return mongoose.disconnect();\r\n}\r\n\r\nmodule.exports = {\r\n    connect,\r\n    close\r\n}"]},"_coverageSchema":"1a1c01bbd47fc00a2c39e90264f33305004495a9","hash":"29be4594a1a4cacceb550e34f8fa21b954f0a488","contentHash":"ff8dc2e44f6bfda9882a44a9118a4fbce4c6f49d28a3f1ab57fb56ab3135a335"}}